Files already downloaded and verified
Files already downloaded and verified
Warning: No valid output stream.
Epoch: 1 Loss: 2.047
Accuracy of the network on the 10000 test images: 35 %
Warning: No valid output stream.
Epoch: 2 Loss: 1.679
Accuracy of the network on the 10000 test images: 42 %
Warning: No valid output stream.
Epoch: 3 Loss: 1.544
Accuracy of the network on the 10000 test images: 46 %
Warning: No valid output stream.
Epoch: 4 Loss: 1.467
Accuracy of the network on the 10000 test images: 45 %
Warning: No valid output stream.
Epoch: 5 Loss: 1.400
Accuracy of the network on the 10000 test images: 49 %
Warning: No valid output stream.
Epoch: 6 Loss: 1.361
Accuracy of the network on the 10000 test images: 51 %
Warning: No valid output stream.
Epoch: 7 Loss: 1.317
Accuracy of the network on the 10000 test images: 52 %
Warning: No valid output stream.
Epoch: 8 Loss: 1.288
Accuracy of the network on the 10000 test images: 54 %
Warning: No valid output stream.
Epoch: 9 Loss: 1.256
Accuracy of the network on the 10000 test images: 55 %
Warning: No valid output stream.
Epoch: 10 Loss: 1.229
Accuracy of the network on the 10000 test images: 55 %
Warning: No valid output stream.
Epoch: 11 Loss: 1.205
Accuracy of the network on the 10000 test images: 55 %
Warning: No valid output stream.
Epoch: 12 Loss: 1.183
Accuracy of the network on the 10000 test images: 57 %
Warning: No valid output stream.
Epoch: 13 Loss: 1.154
Accuracy of the network on the 10000 test images: 57 %
Warning: No valid output stream.
Epoch: 14 Loss: 1.142
Accuracy of the network on the 10000 test images: 57 %
Warning: No valid output stream.
Epoch: 15 Loss: 1.122
Accuracy of the network on the 10000 test images: 59 %
Warning: No valid output stream.
Epoch: 16 Loss: 1.105
Accuracy of the network on the 10000 test images: 59 %
Warning: No valid output stream.
Epoch: 17 Loss: 1.087
Accuracy of the network on the 10000 test images: 60 %
Warning: No valid output stream.
Epoch: 18 Loss: 1.072
Accuracy of the network on the 10000 test images: 60 %
Warning: No valid output stream.
Epoch: 19 Loss: 1.057
Accuracy of the network on the 10000 test images: 60 %
Warning: No valid output stream.
Epoch: 20 Loss: 1.041
Accuracy of the network on the 10000 test images: 61 %
Warning: No valid output stream.
Epoch: 21 Loss: 1.033
Accuracy of the network on the 10000 test images: 61 %
Warning: No valid output stream.
Epoch: 22 Loss: 1.016
Accuracy of the network on the 10000 test images: 62 %
Warning: No valid output stream.
Epoch: 23 Loss: 1.001
Accuracy of the network on the 10000 test images: 63 %
Warning: No valid output stream.
Epoch: 24 Loss: 0.994
Accuracy of the network on the 10000 test images: 62 %
Warning: No valid output stream.
Epoch: 25 Loss: 0.982
Accuracy of the network on the 10000 test images: 63 %
Warning: No valid output stream.
Epoch: 26 Loss: 0.970
Accuracy of the network on the 10000 test images: 63 %
Warning: No valid output stream.
Epoch: 27 Loss: 0.957
Accuracy of the network on the 10000 test images: 64 %
Warning: No valid output stream.
Epoch: 28 Loss: 0.945
Accuracy of the network on the 10000 test images: 64 %
Warning: No valid output stream.
Epoch: 29 Loss: 0.943
Accuracy of the network on the 10000 test images: 64 %
Warning: No valid output stream.
Epoch: 30 Loss: 0.938
Accuracy of the network on the 10000 test images: 64 %
Warning: No valid output stream.
Epoch: 31 Loss: 0.925
Accuracy of the network on the 10000 test images: 65 %
Warning: No valid output stream.
Epoch: 32 Loss: 0.912
Accuracy of the network on the 10000 test images: 65 %
Warning: No valid output stream.
Epoch: 33 Loss: 0.903
Accuracy of the network on the 10000 test images: 65 %
Warning: No valid output stream.
Epoch: 34 Loss: 0.897
Accuracy of the network on the 10000 test images: 66 %
Warning: No valid output stream.
Epoch: 35 Loss: 0.887
Accuracy of the network on the 10000 test images: 66 %
Warning: No valid output stream.
Epoch: 36 Loss: 0.877
Accuracy of the network on the 10000 test images: 66 %
Warning: No valid output stream.
Epoch: 37 Loss: 0.876
Accuracy of the network on the 10000 test images: 66 %
Warning: No valid output stream.
Epoch: 38 Loss: 0.864
Accuracy of the network on the 10000 test images: 67 %
Warning: No valid output stream.
Epoch: 39 Loss: 0.858
Accuracy of the network on the 10000 test images: 67 %
Warning: No valid output stream.
Epoch: 40 Loss: 0.849
Accuracy of the network on the 10000 test images: 67 %
Warning: No valid output stream.
Epoch: 41 Loss: 0.843
Accuracy of the network on the 10000 test images: 67 %
Warning: No valid output stream.
Epoch: 42 Loss: 0.835
Accuracy of the network on the 10000 test images: 67 %
Warning: No valid output stream.
Epoch: 43 Loss: 0.828
Accuracy of the network on the 10000 test images: 67 %
Warning: No valid output stream.
Epoch: 44 Loss: 0.826
Accuracy of the network on the 10000 test images: 67 %
Warning: No valid output stream.
Epoch: 45 Loss: 0.818
Accuracy of the network on the 10000 test images: 68 %
Warning: No valid output stream.
Epoch: 46 Loss: 0.814
Accuracy of the network on the 10000 test images: 68 %
Warning: No valid output stream.
Epoch: 47 Loss: 0.806
Accuracy of the network on the 10000 test images: 69 %
Warning: No valid output stream.
Epoch: 48 Loss: 0.803
Accuracy of the network on the 10000 test images: 68 %
Warning: No valid output stream.
Epoch: 49 Loss: 0.795
Accuracy of the network on the 10000 test images: 68 %
Warning: No valid output stream.
Epoch: 50 Loss: 0.790
Accuracy of the network on the 10000 test images: 68 %
Warning: No valid output stream.
Epoch: 51 Loss: 0.785
Accuracy of the network on the 10000 test images: 69 %
Warning: No valid output stream.
Epoch: 52 Loss: 0.777
Accuracy of the network on the 10000 test images: 69 %
Warning: No valid output stream.
Epoch: 53 Loss: 0.769
Accuracy of the network on the 10000 test images: 69 %
Warning: No valid output stream.
Epoch: 54 Loss: 0.769
Accuracy of the network on the 10000 test images: 69 %
Warning: No valid output stream.
Epoch: 55 Loss: 0.757
Accuracy of the network on the 10000 test images: 69 %
Warning: No valid output stream.
Epoch: 56 Loss: 0.755
Accuracy of the network on the 10000 test images: 70 %
Warning: No valid output stream.
Epoch: 57 Loss: 0.751
Accuracy of the network on the 10000 test images: 69 %
Warning: No valid output stream.
Epoch: 58 Loss: 0.747
Accuracy of the network on the 10000 test images: 69 %
Warning: No valid output stream.
Epoch: 59 Loss: 0.748
Accuracy of the network on the 10000 test images: 69 %
Warning: No valid output stream.
Epoch: 60 Loss: 0.739
Accuracy of the network on the 10000 test images: 70 %
Warning: No valid output stream.
Epoch: 61 Loss: 0.730
Accuracy of the network on the 10000 test images: 70 %
Warning: No valid output stream.
Epoch: 62 Loss: 0.734
Accuracy of the network on the 10000 test images: 70 %
Warning: No valid output stream.
Epoch: 63 Loss: 0.724
Accuracy of the network on the 10000 test images: 70 %
Warning: No valid output stream.
Epoch: 64 Loss: 0.721
Accuracy of the network on the 10000 test images: 71 %
Warning: No valid output stream.
Epoch: 65 Loss: 0.712
Accuracy of the network on the 10000 test images: 70 %
Warning: No valid output stream.
Epoch: 66 Loss: 0.708
Accuracy of the network on the 10000 test images: 71 %
Warning: No valid output stream.
Epoch: 67 Loss: 0.712
Accuracy of the network on the 10000 test images: 70 %
Warning: No valid output stream.
Epoch: 68 Loss: 0.706
Accuracy of the network on the 10000 test images: 70 %
Warning: No valid output stream.
Epoch: 69 Loss: 0.698
Accuracy of the network on the 10000 test images: 70 %
Warning: No valid output stream.
Epoch: 70 Loss: 0.696
Accuracy of the network on the 10000 test images: 71 %
Warning: No valid output stream.
Epoch: 71 Loss: 0.695
Accuracy of the network on the 10000 test images: 71 %
Warning: No valid output stream.
Epoch: 72 Loss: 0.685
Accuracy of the network on the 10000 test images: 71 %
Warning: No valid output stream.
Epoch: 73 Loss: 0.685
Accuracy of the network on the 10000 test images: 71 %
Warning: No valid output stream.
Epoch: 74 Loss: 0.680
Accuracy of the network on the 10000 test images: 71 %
Warning: No valid output stream.
Epoch: 75 Loss: 0.678
Accuracy of the network on the 10000 test images: 72 %
Warning: No valid output stream.
Epoch: 76 Loss: 0.678
Accuracy of the network on the 10000 test images: 72 %
Warning: No valid output stream.
Epoch: 77 Loss: 0.665
Accuracy of the network on the 10000 test images: 70 %
Warning: No valid output stream.
Epoch: 78 Loss: 0.670
Accuracy of the network on the 10000 test images: 71 %
Warning: No valid output stream.
Epoch: 79 Loss: 0.666
Accuracy of the network on the 10000 test images: 71 %
Warning: No valid output stream.
Epoch: 80 Loss: 0.659
Accuracy of the network on the 10000 test images: 72 %
Warning: No valid output stream.
Epoch: 81 Loss: 0.661
Accuracy of the network on the 10000 test images: 71 %
Warning: No valid output stream.
Epoch: 82 Loss: 0.657
Accuracy of the network on the 10000 test images: 72 %
Warning: No valid output stream.
Epoch: 83 Loss: 0.656
Accuracy of the network on the 10000 test images: 72 %
Warning: No valid output stream.
Epoch: 84 Loss: 0.650
Accuracy of the network on the 10000 test images: 72 %
Warning: No valid output stream.
Epoch: 85 Loss: 0.643
Accuracy of the network on the 10000 test images: 71 %
Warning: No valid output stream.
Epoch: 86 Loss: 0.643
Accuracy of the network on the 10000 test images: 72 %
Warning: No valid output stream.
Epoch: 87 Loss: 0.637
Accuracy of the network on the 10000 test images: 72 %
Warning: No valid output stream.
Epoch: 88 Loss: 0.643
Accuracy of the network on the 10000 test images: 72 %
Warning: No valid output stream.
Epoch: 89 Loss: 0.633
Accuracy of the network on the 10000 test images: 72 %
Warning: No valid output stream.
Epoch: 90 Loss: 0.633
Accuracy of the network on the 10000 test images: 72 %
Warning: No valid output stream.
Epoch: 91 Loss: 0.631
Accuracy of the network on the 10000 test images: 72 %
Warning: No valid output stream.
Epoch: 92 Loss: 0.628
Accuracy of the network on the 10000 test images: 72 %
Warning: No valid output stream.
Epoch: 93 Loss: 0.626
Accuracy of the network on the 10000 test images: 72 %
Warning: No valid output stream.
Epoch: 94 Loss: 0.623
Accuracy of the network on the 10000 test images: 72 %
Warning: No valid output stream.
Epoch: 95 Loss: 0.619
Accuracy of the network on the 10000 test images: 73 %
Warning: No valid output stream.
Epoch: 96 Loss: 0.616
Accuracy of the network on the 10000 test images: 72 %
Warning: No valid output stream.
Epoch: 97 Loss: 0.609
Accuracy of the network on the 10000 test images: 73 %
Warning: No valid output stream.
Epoch: 98 Loss: 0.609
Accuracy of the network on the 10000 test images: 72 %
Warning: No valid output stream.
Epoch: 99 Loss: 0.604
Accuracy of the network on the 10000 test images: 73 %
Warning: No valid output stream.
Epoch: 100 Loss: 0.605
Accuracy of the network on the 10000 test images: 73 %
Warning: No valid output stream.
Epoch: 101 Loss: 0.604
Accuracy of the network on the 10000 test images: 72 %
Warning: No valid output stream.
Epoch: 102 Loss: 0.599
Accuracy of the network on the 10000 test images: 73 %
Warning: No valid output stream.
Epoch: 103 Loss: 0.595
Accuracy of the network on the 10000 test images: 73 %
Warning: No valid output stream.
Epoch: 104 Loss: 0.601
Accuracy of the network on the 10000 test images: 73 %
Warning: No valid output stream.
Epoch: 105 Loss: 0.593
Accuracy of the network on the 10000 test images: 73 %
Warning: No valid output stream.
Epoch: 106 Loss: 0.589
Accuracy of the network on the 10000 test images: 73 %
Warning: No valid output stream.
Epoch: 107 Loss: 0.586
Accuracy of the network on the 10000 test images: 73 %
Warning: No valid output stream.
Epoch: 108 Loss: 0.586
Accuracy of the network on the 10000 test images: 73 %
Warning: No valid output stream.
Epoch: 109 Loss: 0.581
Accuracy of the network on the 10000 test images: 73 %
Warning: No valid output stream.
Epoch: 110 Loss: 0.584
Accuracy of the network on the 10000 test images: 74 %
Warning: No valid output stream.
Epoch: 111 Loss: 0.580
Accuracy of the network on the 10000 test images: 73 %
Warning: No valid output stream.
Epoch: 112 Loss: 0.577
Accuracy of the network on the 10000 test images: 73 %
Warning: No valid output stream.
Epoch: 113 Loss: 0.573
Accuracy of the network on the 10000 test images: 74 %
Warning: No valid output stream.
Epoch: 114 Loss: 0.568
Accuracy of the network on the 10000 test images: 73 %
Warning: No valid output stream.
Epoch: 115 Loss: 0.576
Accuracy of the network on the 10000 test images: 73 %
Warning: No valid output stream.
Epoch: 116 Loss: 0.567
Accuracy of the network on the 10000 test images: 74 %
Warning: No valid output stream.
Epoch: 117 Loss: 0.568
Accuracy of the network on the 10000 test images: 73 %
Warning: No valid output stream.
Epoch: 118 Loss: 0.566
Accuracy of the network on the 10000 test images: 74 %
Warning: No valid output stream.
Epoch: 119 Loss: 0.560
Accuracy of the network on the 10000 test images: 73 %
Warning: No valid output stream.
Epoch: 120 Loss: 0.560
Accuracy of the network on the 10000 test images: 74 %
Warning: No valid output stream.
Epoch: 121 Loss: 0.558
Accuracy of the network on the 10000 test images: 74 %
Warning: No valid output stream.
Epoch: 122 Loss: 0.555
Accuracy of the network on the 10000 test images: 74 %
Warning: No valid output stream.
Epoch: 123 Loss: 0.551
Accuracy of the network on the 10000 test images: 74 %
Warning: No valid output stream.
Epoch: 124 Loss: 0.549
Accuracy of the network on the 10000 test images: 74 %
Warning: No valid output stream.
Epoch: 125 Loss: 0.545
Accuracy of the network on the 10000 test images: 73 %
Warning: No valid output stream.
Epoch: 126 Loss: 0.545
Accuracy of the network on the 10000 test images: 74 %
Warning: No valid output stream.
Epoch: 127 Loss: 0.546
Accuracy of the network on the 10000 test images: 74 %
Warning: No valid output stream.
Epoch: 128 Loss: 0.544
Accuracy of the network on the 10000 test images: 74 %
Warning: No valid output stream.
Epoch: 129 Loss: 0.535
Accuracy of the network on the 10000 test images: 74 %
Warning: No valid output stream.
Epoch: 130 Loss: 0.538
Accuracy of the network on the 10000 test images: 74 %
Warning: No valid output stream.
Epoch: 131 Loss: 0.539
Accuracy of the network on the 10000 test images: 74 %
Warning: No valid output stream.
Epoch: 132 Loss: 0.535
Accuracy of the network on the 10000 test images: 74 %
Warning: No valid output stream.
Epoch: 133 Loss: 0.534
Accuracy of the network on the 10000 test images: 74 %
Warning: No valid output stream.
Epoch: 134 Loss: 0.531
Accuracy of the network on the 10000 test images: 74 %
Warning: No valid output stream.
Epoch: 135 Loss: 0.529
Accuracy of the network on the 10000 test images: 74 %
Warning: No valid output stream.
Epoch: 136 Loss: 0.526
Accuracy of the network on the 10000 test images: 74 %
Warning: No valid output stream.
Epoch: 137 Loss: 0.528
Accuracy of the network on the 10000 test images: 74 %
Warning: No valid output stream.
Epoch: 138 Loss: 0.518
Accuracy of the network on the 10000 test images: 74 %
Warning: No valid output stream.
Epoch: 139 Loss: 0.524
Accuracy of the network on the 10000 test images: 74 %
Warning: No valid output stream.
Epoch: 140 Loss: 0.520
Accuracy of the network on the 10000 test images: 74 %
Warning: No valid output stream.
Epoch: 141 Loss: 0.519
Accuracy of the network on the 10000 test images: 74 %
Warning: No valid output stream.
Epoch: 142 Loss: 0.518
Accuracy of the network on the 10000 test images: 74 %
Warning: No valid output stream.
Epoch: 143 Loss: 0.515
Accuracy of the network on the 10000 test images: 74 %
Warning: No valid output stream.
Epoch: 144 Loss: 0.515
Accuracy of the network on the 10000 test images: 74 %
Warning: No valid output stream.
Epoch: 145 Loss: 0.508
Accuracy of the network on the 10000 test images: 74 %
Warning: No valid output stream.
Epoch: 146 Loss: 0.506
Accuracy of the network on the 10000 test images: 74 %
Warning: No valid output stream.
Epoch: 147 Loss: 0.510
Accuracy of the network on the 10000 test images: 74 %
Warning: No valid output stream.
Epoch: 148 Loss: 0.506
Accuracy of the network on the 10000 test images: 74 %
Warning: No valid output stream.
Epoch: 149 Loss: 0.507
Accuracy of the network on the 10000 test images: 75 %
Warning: No valid output stream.
Epoch: 150 Loss: 0.501
Accuracy of the network on the 10000 test images: 74 %
Warning: No valid output stream.
Epoch: 151 Loss: 0.506
Accuracy of the network on the 10000 test images: 74 %
Warning: No valid output stream.
Epoch: 152 Loss: 0.498
Accuracy of the network on the 10000 test images: 74 %
Warning: No valid output stream.
Epoch: 153 Loss: 0.503
Accuracy of the network on the 10000 test images: 75 %
Warning: No valid output stream.
Epoch: 154 Loss: 0.501
Accuracy of the network on the 10000 test images: 75 %
Warning: No valid output stream.
Epoch: 155 Loss: 0.495
Accuracy of the network on the 10000 test images: 74 %
Warning: No valid output stream.
Epoch: 156 Loss: 0.491
Accuracy of the network on the 10000 test images: 75 %
Warning: No valid output stream.
Epoch: 157 Loss: 0.491
Accuracy of the network on the 10000 test images: 75 %
Warning: No valid output stream.
Epoch: 158 Loss: 0.491
Accuracy of the network on the 10000 test images: 75 %
Warning: No valid output stream.
Epoch: 159 Loss: 0.493
Accuracy of the network on the 10000 test images: 74 %
Warning: No valid output stream.
Epoch: 160 Loss: 0.485
Accuracy of the network on the 10000 test images: 75 %
Warning: No valid output stream.
Epoch: 161 Loss: 0.487
Accuracy of the network on the 10000 test images: 75 %
Warning: No valid output stream.
Epoch: 162 Loss: 0.489
Accuracy of the network on the 10000 test images: 75 %
Warning: No valid output stream.
Epoch: 163 Loss: 0.485
Accuracy of the network on the 10000 test images: 75 %
Warning: No valid output stream.
Epoch: 164 Loss: 0.482
Accuracy of the network on the 10000 test images: 75 %
Warning: No valid output stream.
Epoch: 165 Loss: 0.485
Accuracy of the network on the 10000 test images: 75 %
Warning: No valid output stream.
Epoch: 166 Loss: 0.483
Accuracy of the network on the 10000 test images: 74 %
Warning: No valid output stream.
Epoch: 167 Loss: 0.479
Accuracy of the network on the 10000 test images: 75 %
Warning: No valid output stream.
Epoch: 168 Loss: 0.479
Accuracy of the network on the 10000 test images: 75 %
Warning: No valid output stream.
Epoch: 169 Loss: 0.475
Accuracy of the network on the 10000 test images: 75 %
Warning: No valid output stream.
Epoch: 170 Loss: 0.480
Accuracy of the network on the 10000 test images: 75 %
Warning: No valid output stream.
Epoch: 171 Loss: 0.474
Accuracy of the network on the 10000 test images: 75 %
Warning: No valid output stream.
Epoch: 172 Loss: 0.474
Accuracy of the network on the 10000 test images: 74 %
Warning: No valid output stream.
Epoch: 173 Loss: 0.474
Accuracy of the network on the 10000 test images: 75 %
Warning: No valid output stream.
Epoch: 174 Loss: 0.471
Accuracy of the network on the 10000 test images: 75 %
Warning: No valid output stream.
Epoch: 175 Loss: 0.472
Accuracy of the network on the 10000 test images: 75 %
Warning: No valid output stream.
Epoch: 176 Loss: 0.467
Accuracy of the network on the 10000 test images: 75 %
Warning: No valid output stream.
Epoch: 177 Loss: 0.467
Accuracy of the network on the 10000 test images: 75 %
Warning: No valid output stream.
Epoch: 178 Loss: 0.472
Accuracy of the network on the 10000 test images: 75 %
Warning: No valid output stream.
Epoch: 179 Loss: 0.465
Accuracy of the network on the 10000 test images: 76 %
Warning: No valid output stream.
Epoch: 180 Loss: 0.469
Accuracy of the network on the 10000 test images: 75 %
Warning: No valid output stream.
Epoch: 181 Loss: 0.462
Accuracy of the network on the 10000 test images: 75 %
Warning: No valid output stream.
Epoch: 182 Loss: 0.461
Accuracy of the network on the 10000 test images: 75 %
Warning: No valid output stream.
Epoch: 183 Loss: 0.452
Accuracy of the network on the 10000 test images: 75 %
Warning: No valid output stream.
Epoch: 184 Loss: 0.459
Accuracy of the network on the 10000 test images: 75 %
Warning: No valid output stream.
Epoch: 185 Loss: 0.457
Accuracy of the network on the 10000 test images: 75 %
Warning: No valid output stream.
Epoch: 186 Loss: 0.458
Accuracy of the network on the 10000 test images: 76 %
Warning: No valid output stream.
Epoch: 187 Loss: 0.453
Accuracy of the network on the 10000 test images: 75 %
Warning: No valid output stream.
Epoch: 188 Loss: 0.457
Accuracy of the network on the 10000 test images: 75 %
Warning: No valid output stream.
Epoch: 189 Loss: 0.452
Accuracy of the network on the 10000 test images: 75 %
Warning: No valid output stream.
Epoch: 190 Loss: 0.446
Accuracy of the network on the 10000 test images: 74 %
Warning: No valid output stream.
Epoch: 191 Loss: 0.445
Accuracy of the network on the 10000 test images: 75 %
Warning: No valid output stream.
Epoch: 192 Loss: 0.447
Accuracy of the network on the 10000 test images: 75 %
Warning: No valid output stream.
Epoch: 193 Loss: 0.448
Accuracy of the network on the 10000 test images: 75 %
Warning: No valid output stream.
Epoch: 194 Loss: 0.448
Accuracy of the network on the 10000 test images: 75 %
Warning: No valid output stream.
Epoch: 195 Loss: 0.448
Accuracy of the network on the 10000 test images: 75 %
Warning: No valid output stream.
Epoch: 196 Loss: 0.445
Accuracy of the network on the 10000 test images: 75 %
Warning: No valid output stream.
Epoch: 197 Loss: 0.441
Accuracy of the network on the 10000 test images: 75 %
Warning: No valid output stream.
Epoch: 198 Loss: 0.442
Accuracy of the network on the 10000 test images: 76 %
Warning: No valid output stream.
Epoch: 199 Loss: 0.439
Accuracy of the network on the 10000 test images: 75 %
Warning: No valid output stream.
Epoch: 200 Loss: 0.439
Accuracy of the network on the 10000 test images: 75 %
Warning: No valid output stream.
Epoch: 201 Loss: 0.438
Accuracy of the network on the 10000 test images: 75 %
Warning: No valid output stream.
Epoch: 202 Loss: 0.438
Accuracy of the network on the 10000 test images: 76 %
Warning: No valid output stream.
Epoch: 203 Loss: 0.437
Accuracy of the network on the 10000 test images: 75 %
Warning: No valid output stream.
Epoch: 204 Loss: 0.435
Accuracy of the network on the 10000 test images: 76 %
Warning: No valid output stream.
Epoch: 205 Loss: 0.433
Accuracy of the network on the 10000 test images: 75 %
Warning: No valid output stream.
Epoch: 206 Loss: 0.431
Accuracy of the network on the 10000 test images: 75 %
Warning: No valid output stream.
Epoch: 207 Loss: 0.435
Accuracy of the network on the 10000 test images: 75 %
Warning: No valid output stream.
Epoch: 208 Loss: 0.429
Accuracy of the network on the 10000 test images: 75 %
Warning: No valid output stream.
Epoch: 209 Loss: 0.433
Accuracy of the network on the 10000 test images: 75 %
Warning: No valid output stream.
Epoch: 210 Loss: 0.424
Accuracy of the network on the 10000 test images: 75 %
Warning: No valid output stream.
Epoch: 211 Loss: 0.425
Accuracy of the network on the 10000 test images: 76 %
Warning: No valid output stream.
Epoch: 212 Loss: 0.428
Accuracy of the network on the 10000 test images: 76 %
Warning: No valid output stream.
Epoch: 213 Loss: 0.427
Accuracy of the network on the 10000 test images: 76 %
Warning: No valid output stream.
Epoch: 214 Loss: 0.418
Accuracy of the network on the 10000 test images: 76 %
Warning: No valid output stream.
Epoch: 215 Loss: 0.422
Accuracy of the network on the 10000 test images: 75 %
Warning: No valid output stream.
Epoch: 216 Loss: 0.419
Accuracy of the network on the 10000 test images: 76 %
Warning: No valid output stream.
Epoch: 217 Loss: 0.421
Accuracy of the network on the 10000 test images: 75 %
Warning: No valid output stream.
Epoch: 218 Loss: 0.417
Accuracy of the network on the 10000 test images: 75 %
Warning: No valid output stream.
Epoch: 219 Loss: 0.420
Accuracy of the network on the 10000 test images: 76 %
Warning: No valid output stream.
Epoch: 220 Loss: 0.416
Accuracy of the network on the 10000 test images: 76 %
Warning: No valid output stream.
Epoch: 221 Loss: 0.420
Accuracy of the network on the 10000 test images: 76 %
Warning: No valid output stream.
Epoch: 222 Loss: 0.416
Accuracy of the network on the 10000 test images: 75 %
Warning: No valid output stream.
Epoch: 223 Loss: 0.412
Accuracy of the network on the 10000 test images: 75 %
Warning: No valid output stream.
Epoch: 224 Loss: 0.414
Accuracy of the network on the 10000 test images: 76 %
Warning: No valid output stream.
Epoch: 225 Loss: 0.413
Accuracy of the network on the 10000 test images: 76 %
Warning: No valid output stream.
Epoch: 226 Loss: 0.416
Accuracy of the network on the 10000 test images: 76 %
Warning: No valid output stream.
Epoch: 227 Loss: 0.409
Accuracy of the network on the 10000 test images: 76 %
Warning: No valid output stream.
Epoch: 228 Loss: 0.412
Accuracy of the network on the 10000 test images: 75 %
Warning: No valid output stream.
Epoch: 229 Loss: 0.407
Accuracy of the network on the 10000 test images: 76 %
Warning: No valid output stream.
Epoch: 230 Loss: 0.408
Accuracy of the network on the 10000 test images: 76 %
Warning: No valid output stream.
Epoch: 231 Loss: 0.410
Accuracy of the network on the 10000 test images: 76 %
Warning: No valid output stream.
Epoch: 232 Loss: 0.407
Accuracy of the network on the 10000 test images: 76 %
Warning: No valid output stream.
Epoch: 233 Loss: 0.400
Accuracy of the network on the 10000 test images: 75 %
Warning: No valid output stream.
Epoch: 234 Loss: 0.404
Accuracy of the network on the 10000 test images: 75 %
Warning: No valid output stream.
Epoch: 235 Loss: 0.404
Accuracy of the network on the 10000 test images: 76 %
Warning: No valid output stream.
Epoch: 236 Loss: 0.402
Accuracy of the network on the 10000 test images: 75 %
Warning: No valid output stream.
Epoch: 237 Loss: 0.403
Accuracy of the network on the 10000 test images: 76 %
Warning: No valid output stream.
Epoch: 238 Loss: 0.399
Accuracy of the network on the 10000 test images: 75 %
Warning: No valid output stream.
Epoch: 239 Loss: 0.402
Accuracy of the network on the 10000 test images: 76 %
Warning: No valid output stream.
Epoch: 240 Loss: 0.397
Accuracy of the network on the 10000 test images: 75 %
Warning: No valid output stream.
Epoch: 241 Loss: 0.400
Accuracy of the network on the 10000 test images: 76 %
Warning: No valid output stream.
Epoch: 242 Loss: 0.400
Accuracy of the network on the 10000 test images: 76 %
Warning: No valid output stream.
Epoch: 243 Loss: 0.394
Accuracy of the network on the 10000 test images: 75 %
Warning: No valid output stream.
Epoch: 244 Loss: 0.396
Accuracy of the network on the 10000 test images: 76 %
Warning: No valid output stream.
Epoch: 245 Loss: 0.391
Accuracy of the network on the 10000 test images: 76 %
Warning: No valid output stream.
Epoch: 246 Loss: 0.392
Accuracy of the network on the 10000 test images: 76 %
Warning: No valid output stream.
Epoch: 247 Loss: 0.392
Accuracy of the network on the 10000 test images: 76 %
Warning: No valid output stream.
Epoch: 248 Loss: 0.392
Accuracy of the network on the 10000 test images: 75 %
Warning: No valid output stream.
Epoch: 249 Loss: 0.391
Accuracy of the network on the 10000 test images: 76 %
Warning: No valid output stream.
Epoch: 250 Loss: 0.388
Accuracy of the network on the 10000 test images: 76 %
Warning: No valid output stream.
Epoch: 251 Loss: 0.390
Accuracy of the network on the 10000 test images: 76 %
Warning: No valid output stream.
Epoch: 252 Loss: 0.393
Accuracy of the network on the 10000 test images: 76 %
Warning: No valid output stream.
Epoch: 253 Loss: 0.385
Accuracy of the network on the 10000 test images: 75 %
Warning: No valid output stream.
Epoch: 254 Loss: 0.387
Accuracy of the network on the 10000 test images: 76 %
Warning: No valid output stream.
Epoch: 255 Loss: 0.384
Accuracy of the network on the 10000 test images: 76 %
Warning: No valid output stream.
Epoch: 256 Loss: 0.383
Accuracy of the network on the 10000 test images: 76 %
Warning: No valid output stream.
Epoch: 257 Loss: 0.388
Accuracy of the network on the 10000 test images: 76 %
Warning: No valid output stream.
Epoch: 258 Loss: 0.387
Accuracy of the network on the 10000 test images: 76 %
Warning: No valid output stream.
Epoch: 259 Loss: 0.386
Accuracy of the network on the 10000 test images: 76 %
Warning: No valid output stream.
Epoch: 260 Loss: 0.384
Accuracy of the network on the 10000 test images: 75 %
Warning: No valid output stream.
Epoch: 261 Loss: 0.383
Accuracy of the network on the 10000 test images: 76 %
Warning: No valid output stream.
Epoch: 262 Loss: 0.378
Accuracy of the network on the 10000 test images: 76 %
Warning: No valid output stream.
Epoch: 263 Loss: 0.373
Accuracy of the network on the 10000 test images: 76 %
Warning: No valid output stream.
Epoch: 264 Loss: 0.380
Accuracy of the network on the 10000 test images: 76 %
Warning: No valid output stream.
Epoch: 265 Loss: 0.380
Accuracy of the network on the 10000 test images: 76 %
Warning: No valid output stream.
Epoch: 266 Loss: 0.379
Accuracy of the network on the 10000 test images: 75 %
Warning: No valid output stream.
Epoch: 267 Loss: 0.377
Accuracy of the network on the 10000 test images: 76 %
Warning: No valid output stream.
Epoch: 268 Loss: 0.377
Accuracy of the network on the 10000 test images: 75 %
Warning: No valid output stream.
Epoch: 269 Loss: 0.377
Accuracy of the network on the 10000 test images: 76 %
Warning: No valid output stream.
Epoch: 270 Loss: 0.376
Accuracy of the network on the 10000 test images: 76 %
Warning: No valid output stream.
Epoch: 271 Loss: 0.372
Accuracy of the network on the 10000 test images: 76 %
Warning: No valid output stream.
Epoch: 272 Loss: 0.372
Accuracy of the network on the 10000 test images: 76 %
Warning: No valid output stream.
Epoch: 273 Loss: 0.365
Accuracy of the network on the 10000 test images: 76 %
Warning: No valid output stream.
Epoch: 274 Loss: 0.370
Accuracy of the network on the 10000 test images: 76 %
Warning: No valid output stream.
Epoch: 275 Loss: 0.371
Accuracy of the network on the 10000 test images: 76 %
Warning: No valid output stream.
Epoch: 276 Loss: 0.367
Accuracy of the network on the 10000 test images: 76 %
Warning: No valid output stream.
Epoch: 277 Loss: 0.369
Accuracy of the network on the 10000 test images: 76 %
Warning: No valid output stream.
Epoch: 278 Loss: 0.368
Accuracy of the network on the 10000 test images: 76 %
Warning: No valid output stream.
Epoch: 279 Loss: 0.367
Accuracy of the network on the 10000 test images: 76 %
Warning: No valid output stream.
Epoch: 280 Loss: 0.368
Accuracy of the network on the 10000 test images: 76 %
Warning: No valid output stream.
Epoch: 281 Loss: 0.364
Accuracy of the network on the 10000 test images: 76 %
Warning: No valid output stream.
Epoch: 282 Loss: 0.366
Accuracy of the network on the 10000 test images: 76 %
Warning: No valid output stream.
Epoch: 283 Loss: 0.365
Accuracy of the network on the 10000 test images: 76 %
Warning: No valid output stream.
Epoch: 284 Loss: 0.371
Accuracy of the network on the 10000 test images: 76 %
Warning: No valid output stream.
Epoch: 285 Loss: 0.361
Accuracy of the network on the 10000 test images: 76 %
Warning: No valid output stream.
Epoch: 286 Loss: 0.363
Accuracy of the network on the 10000 test images: 76 %
Warning: No valid output stream.
Epoch: 287 Loss: 0.361
Accuracy of the network on the 10000 test images: 76 %
Warning: No valid output stream.
Epoch: 288 Loss: 0.363
Accuracy of the network on the 10000 test images: 76 %
Warning: No valid output stream.
Epoch: 289 Loss: 0.364
Accuracy of the network on the 10000 test images: 76 %
Warning: No valid output stream.
Epoch: 290 Loss: 0.364
Accuracy of the network on the 10000 test images: 76 %
Warning: No valid output stream.
Epoch: 291 Loss: 0.359
Accuracy of the network on the 10000 test images: 76 %
Warning: No valid output stream.
Epoch: 292 Loss: 0.357
Accuracy of the network on the 10000 test images: 76 %
Warning: No valid output stream.
Epoch: 293 Loss: 0.357
Accuracy of the network on the 10000 test images: 76 %
Warning: No valid output stream.
Epoch: 294 Loss: 0.353
Accuracy of the network on the 10000 test images: 77 %
Warning: No valid output stream.
Epoch: 295 Loss: 0.356
Accuracy of the network on the 10000 test images: 76 %
Warning: No valid output stream.
Epoch: 296 Loss: 0.351
Accuracy of the network on the 10000 test images: 77 %
Warning: No valid output stream.
Epoch: 297 Loss: 0.357
Accuracy of the network on the 10000 test images: 76 %
Warning: No valid output stream.
Epoch: 298 Loss: 0.355
Accuracy of the network on the 10000 test images: 76 %
Warning: No valid output stream.
Epoch: 299 Loss: 0.352
Accuracy of the network on the 10000 test images: 77 %
Warning: No valid output stream.
Epoch: 300 Loss: 0.352
Accuracy of the network on the 10000 test images: 76 %
Finished Training
