Files already downloaded and verified
Files already downloaded and verified
Warning: No valid output stream.
Epoch: 1 Loss: 1.874
Accuracy of the network on the 10000 test images: 40 %
Warning: No valid output stream.
Epoch: 2 Loss: 1.617
Accuracy of the network on the 10000 test images: 44 %
Warning: No valid output stream.
Epoch: 3 Loss: 1.520
Accuracy of the network on the 10000 test images: 45 %
Warning: No valid output stream.
Epoch: 4 Loss: 1.450
Accuracy of the network on the 10000 test images: 48 %
Warning: No valid output stream.
Epoch: 5 Loss: 1.396
Accuracy of the network on the 10000 test images: 49 %
Warning: No valid output stream.
Epoch: 6 Loss: 1.356
Accuracy of the network on the 10000 test images: 51 %
Warning: No valid output stream.
Epoch: 7 Loss: 1.307
Accuracy of the network on the 10000 test images: 52 %
Warning: No valid output stream.
Epoch: 8 Loss: 1.281
Accuracy of the network on the 10000 test images: 53 %
Warning: No valid output stream.
Epoch: 9 Loss: 1.247
Accuracy of the network on the 10000 test images: 54 %
Warning: No valid output stream.
Epoch: 10 Loss: 1.215
Accuracy of the network on the 10000 test images: 56 %
Warning: No valid output stream.
Epoch: 11 Loss: 1.188
Accuracy of the network on the 10000 test images: 56 %
Warning: No valid output stream.
Epoch: 12 Loss: 1.165
Accuracy of the network on the 10000 test images: 58 %
Warning: No valid output stream.
Epoch: 13 Loss: 1.141
Accuracy of the network on the 10000 test images: 59 %
Warning: No valid output stream.
Epoch: 14 Loss: 1.117
Accuracy of the network on the 10000 test images: 58 %
Warning: No valid output stream.
Epoch: 15 Loss: 1.088
Accuracy of the network on the 10000 test images: 59 %
Warning: No valid output stream.
Epoch: 16 Loss: 1.078
Accuracy of the network on the 10000 test images: 60 %
Warning: No valid output stream.
Epoch: 17 Loss: 1.059
Accuracy of the network on the 10000 test images: 61 %
Warning: No valid output stream.
Epoch: 18 Loss: 1.040
Accuracy of the network on the 10000 test images: 61 %
Warning: No valid output stream.
Epoch: 19 Loss: 1.028
Accuracy of the network on the 10000 test images: 61 %
Warning: No valid output stream.
Epoch: 20 Loss: 1.010
Accuracy of the network on the 10000 test images: 62 %
Warning: No valid output stream.
Epoch: 21 Loss: 0.997
Accuracy of the network on the 10000 test images: 62 %
Warning: No valid output stream.
Epoch: 22 Loss: 0.987
Accuracy of the network on the 10000 test images: 63 %
Warning: No valid output stream.
Epoch: 23 Loss: 0.969
Accuracy of the network on the 10000 test images: 63 %
Warning: No valid output stream.
Epoch: 24 Loss: 0.960
Accuracy of the network on the 10000 test images: 64 %
Warning: No valid output stream.
Epoch: 25 Loss: 0.950
Accuracy of the network on the 10000 test images: 64 %
Warning: No valid output stream.
Epoch: 26 Loss: 0.940
Accuracy of the network on the 10000 test images: 64 %
Warning: No valid output stream.
Epoch: 27 Loss: 0.928
Accuracy of the network on the 10000 test images: 65 %
Warning: No valid output stream.
Epoch: 28 Loss: 0.920
Accuracy of the network on the 10000 test images: 65 %
Warning: No valid output stream.
Epoch: 29 Loss: 0.909
Accuracy of the network on the 10000 test images: 65 %
Warning: No valid output stream.
Epoch: 30 Loss: 0.895
Accuracy of the network on the 10000 test images: 65 %
Warning: No valid output stream.
Epoch: 31 Loss: 0.890
Accuracy of the network on the 10000 test images: 66 %
Warning: No valid output stream.
Epoch: 32 Loss: 0.884
Accuracy of the network on the 10000 test images: 66 %
Warning: No valid output stream.
Epoch: 33 Loss: 0.875
Accuracy of the network on the 10000 test images: 66 %
Warning: No valid output stream.
Epoch: 34 Loss: 0.867
Accuracy of the network on the 10000 test images: 68 %
Warning: No valid output stream.
Epoch: 35 Loss: 0.859
Accuracy of the network on the 10000 test images: 68 %
Warning: No valid output stream.
Epoch: 36 Loss: 0.849
Accuracy of the network on the 10000 test images: 67 %
Warning: No valid output stream.
Epoch: 37 Loss: 0.841
Accuracy of the network on the 10000 test images: 67 %
Warning: No valid output stream.
Epoch: 38 Loss: 0.829
Accuracy of the network on the 10000 test images: 68 %
Warning: No valid output stream.
Epoch: 39 Loss: 0.825
Accuracy of the network on the 10000 test images: 68 %
Warning: No valid output stream.
Epoch: 40 Loss: 0.815
Accuracy of the network on the 10000 test images: 68 %
Warning: No valid output stream.
Epoch: 41 Loss: 0.809
Accuracy of the network on the 10000 test images: 68 %
Warning: No valid output stream.
Epoch: 42 Loss: 0.803
Accuracy of the network on the 10000 test images: 68 %
Warning: No valid output stream.
Epoch: 43 Loss: 0.798
Accuracy of the network on the 10000 test images: 68 %
Warning: No valid output stream.
Epoch: 44 Loss: 0.792
Accuracy of the network on the 10000 test images: 69 %
Warning: No valid output stream.
Epoch: 45 Loss: 0.784
Accuracy of the network on the 10000 test images: 69 %
Warning: No valid output stream.
Epoch: 46 Loss: 0.784
Accuracy of the network on the 10000 test images: 68 %
Warning: No valid output stream.
Epoch: 47 Loss: 0.776
Accuracy of the network on the 10000 test images: 69 %
Warning: No valid output stream.
Epoch: 48 Loss: 0.772
Accuracy of the network on the 10000 test images: 69 %
Warning: No valid output stream.
Epoch: 49 Loss: 0.765
Accuracy of the network on the 10000 test images: 70 %
Warning: No valid output stream.
Epoch: 50 Loss: 0.754
Accuracy of the network on the 10000 test images: 70 %
Warning: No valid output stream.
Epoch: 51 Loss: 0.750
Accuracy of the network on the 10000 test images: 70 %
Warning: No valid output stream.
Epoch: 52 Loss: 0.749
Accuracy of the network on the 10000 test images: 70 %
Warning: No valid output stream.
Epoch: 53 Loss: 0.741
Accuracy of the network on the 10000 test images: 70 %
Warning: No valid output stream.
Epoch: 54 Loss: 0.740
Accuracy of the network on the 10000 test images: 71 %
Warning: No valid output stream.
Epoch: 55 Loss: 0.733
Accuracy of the network on the 10000 test images: 70 %
Warning: No valid output stream.
Epoch: 56 Loss: 0.729
Accuracy of the network on the 10000 test images: 70 %
Warning: No valid output stream.
Epoch: 57 Loss: 0.722
Accuracy of the network on the 10000 test images: 70 %
Warning: No valid output stream.
Epoch: 58 Loss: 0.720
Accuracy of the network on the 10000 test images: 70 %
Warning: No valid output stream.
Epoch: 59 Loss: 0.717
Accuracy of the network on the 10000 test images: 71 %
Warning: No valid output stream.
Epoch: 60 Loss: 0.709
Accuracy of the network on the 10000 test images: 71 %
Warning: No valid output stream.
Epoch: 61 Loss: 0.707
Accuracy of the network on the 10000 test images: 70 %
Warning: No valid output stream.
Epoch: 62 Loss: 0.699
Accuracy of the network on the 10000 test images: 71 %
Warning: No valid output stream.
Epoch: 63 Loss: 0.693
Accuracy of the network on the 10000 test images: 71 %
Warning: No valid output stream.
Epoch: 64 Loss: 0.692
Accuracy of the network on the 10000 test images: 71 %
Warning: No valid output stream.
Epoch: 65 Loss: 0.688
Accuracy of the network on the 10000 test images: 72 %
Warning: No valid output stream.
Epoch: 66 Loss: 0.684
Accuracy of the network on the 10000 test images: 71 %
Warning: No valid output stream.
Epoch: 67 Loss: 0.673
Accuracy of the network on the 10000 test images: 71 %
Warning: No valid output stream.
Epoch: 68 Loss: 0.675
Accuracy of the network on the 10000 test images: 72 %
Warning: No valid output stream.
Epoch: 69 Loss: 0.670
Accuracy of the network on the 10000 test images: 72 %
Warning: No valid output stream.
Epoch: 70 Loss: 0.671
Accuracy of the network on the 10000 test images: 72 %
Warning: No valid output stream.
Epoch: 71 Loss: 0.663
Accuracy of the network on the 10000 test images: 72 %
Warning: No valid output stream.
Epoch: 72 Loss: 0.661
Accuracy of the network on the 10000 test images: 72 %
Warning: No valid output stream.
Epoch: 73 Loss: 0.662
Accuracy of the network on the 10000 test images: 72 %
Warning: No valid output stream.
Epoch: 74 Loss: 0.656
Accuracy of the network on the 10000 test images: 72 %
Warning: No valid output stream.
Epoch: 75 Loss: 0.651
Accuracy of the network on the 10000 test images: 72 %
Warning: No valid output stream.
Epoch: 76 Loss: 0.644
Accuracy of the network on the 10000 test images: 72 %
Warning: No valid output stream.
Epoch: 77 Loss: 0.643
Accuracy of the network on the 10000 test images: 72 %
Warning: No valid output stream.
Epoch: 78 Loss: 0.638
Accuracy of the network on the 10000 test images: 72 %
Warning: No valid output stream.
Epoch: 79 Loss: 0.639
Accuracy of the network on the 10000 test images: 73 %
Warning: No valid output stream.
Epoch: 80 Loss: 0.638
Accuracy of the network on the 10000 test images: 72 %
Warning: No valid output stream.
Epoch: 81 Loss: 0.633
Accuracy of the network on the 10000 test images: 73 %
Warning: No valid output stream.
Epoch: 82 Loss: 0.628
Accuracy of the network on the 10000 test images: 73 %
Warning: No valid output stream.
Epoch: 83 Loss: 0.629
Accuracy of the network on the 10000 test images: 73 %
Warning: No valid output stream.
Epoch: 84 Loss: 0.621
Accuracy of the network on the 10000 test images: 72 %
Warning: No valid output stream.
Epoch: 85 Loss: 0.622
Accuracy of the network on the 10000 test images: 73 %
Warning: No valid output stream.
Epoch: 86 Loss: 0.615
Accuracy of the network on the 10000 test images: 73 %
Warning: No valid output stream.
Epoch: 87 Loss: 0.611
Accuracy of the network on the 10000 test images: 73 %
Warning: No valid output stream.
Epoch: 88 Loss: 0.613
Accuracy of the network on the 10000 test images: 73 %
Warning: No valid output stream.
Epoch: 89 Loss: 0.609
Accuracy of the network on the 10000 test images: 73 %
Warning: No valid output stream.
Epoch: 90 Loss: 0.603
Accuracy of the network on the 10000 test images: 73 %
Warning: No valid output stream.
Epoch: 91 Loss: 0.606
Accuracy of the network on the 10000 test images: 74 %
Warning: No valid output stream.
Epoch: 92 Loss: 0.600
Accuracy of the network on the 10000 test images: 73 %
Warning: No valid output stream.
Epoch: 93 Loss: 0.594
Accuracy of the network on the 10000 test images: 74 %
Warning: No valid output stream.
Epoch: 94 Loss: 0.596
Accuracy of the network on the 10000 test images: 74 %
Warning: No valid output stream.
Epoch: 95 Loss: 0.591
Accuracy of the network on the 10000 test images: 73 %
Warning: No valid output stream.
Epoch: 96 Loss: 0.593
Accuracy of the network on the 10000 test images: 73 %
Warning: No valid output stream.
Epoch: 97 Loss: 0.589
Accuracy of the network on the 10000 test images: 73 %
Warning: No valid output stream.
Epoch: 98 Loss: 0.584
Accuracy of the network on the 10000 test images: 74 %
Warning: No valid output stream.
Epoch: 99 Loss: 0.584
Accuracy of the network on the 10000 test images: 74 %
Warning: No valid output stream.
Epoch: 100 Loss: 0.572
Accuracy of the network on the 10000 test images: 74 %
Warning: No valid output stream.
Epoch: 101 Loss: 0.572
Accuracy of the network on the 10000 test images: 74 %
Warning: No valid output stream.
Epoch: 102 Loss: 0.579
Accuracy of the network on the 10000 test images: 74 %
Warning: No valid output stream.
Epoch: 103 Loss: 0.572
Accuracy of the network on the 10000 test images: 74 %
Warning: No valid output stream.
Epoch: 104 Loss: 0.567
Accuracy of the network on the 10000 test images: 74 %
Warning: No valid output stream.
Epoch: 105 Loss: 0.566
Accuracy of the network on the 10000 test images: 74 %
Warning: No valid output stream.
Epoch: 106 Loss: 0.566
Accuracy of the network on the 10000 test images: 74 %
Warning: No valid output stream.
Epoch: 107 Loss: 0.562
Accuracy of the network on the 10000 test images: 74 %
Warning: No valid output stream.
Epoch: 108 Loss: 0.564
Accuracy of the network on the 10000 test images: 74 %
Warning: No valid output stream.
Epoch: 109 Loss: 0.560
Accuracy of the network on the 10000 test images: 75 %
Warning: No valid output stream.
Epoch: 110 Loss: 0.553
Accuracy of the network on the 10000 test images: 74 %
Warning: No valid output stream.
Epoch: 111 Loss: 0.549
Accuracy of the network on the 10000 test images: 74 %
Warning: No valid output stream.
Epoch: 112 Loss: 0.553
Accuracy of the network on the 10000 test images: 74 %
Warning: No valid output stream.
Epoch: 113 Loss: 0.545
Accuracy of the network on the 10000 test images: 74 %
Warning: No valid output stream.
Epoch: 114 Loss: 0.553
Accuracy of the network on the 10000 test images: 74 %
Warning: No valid output stream.
Epoch: 115 Loss: 0.543
Accuracy of the network on the 10000 test images: 74 %
Warning: No valid output stream.
Epoch: 116 Loss: 0.553
Accuracy of the network on the 10000 test images: 74 %
Warning: No valid output stream.
Epoch: 117 Loss: 0.540
Accuracy of the network on the 10000 test images: 74 %
Warning: No valid output stream.
Epoch: 118 Loss: 0.538
Accuracy of the network on the 10000 test images: 75 %
Warning: No valid output stream.
Epoch: 119 Loss: 0.536
Accuracy of the network on the 10000 test images: 75 %
Warning: No valid output stream.
Epoch: 120 Loss: 0.534
Accuracy of the network on the 10000 test images: 74 %
Warning: No valid output stream.
Epoch: 121 Loss: 0.533
Accuracy of the network on the 10000 test images: 75 %
Warning: No valid output stream.
Epoch: 122 Loss: 0.533
Accuracy of the network on the 10000 test images: 75 %
Warning: No valid output stream.
Epoch: 123 Loss: 0.535
Accuracy of the network on the 10000 test images: 75 %
Warning: No valid output stream.
Epoch: 124 Loss: 0.527
Accuracy of the network on the 10000 test images: 75 %
Warning: No valid output stream.
Epoch: 125 Loss: 0.528
Accuracy of the network on the 10000 test images: 75 %
Warning: No valid output stream.
Epoch: 126 Loss: 0.524
Accuracy of the network on the 10000 test images: 75 %
Warning: No valid output stream.
Epoch: 127 Loss: 0.522
Accuracy of the network on the 10000 test images: 75 %
Warning: No valid output stream.
Epoch: 128 Loss: 0.521
Accuracy of the network on the 10000 test images: 75 %
Warning: No valid output stream.
Epoch: 129 Loss: 0.522
Accuracy of the network on the 10000 test images: 75 %
Warning: No valid output stream.
Epoch: 130 Loss: 0.520
Accuracy of the network on the 10000 test images: 75 %
Warning: No valid output stream.
Epoch: 131 Loss: 0.517
Accuracy of the network on the 10000 test images: 75 %
Warning: No valid output stream.
Epoch: 132 Loss: 0.510
Accuracy of the network on the 10000 test images: 75 %
Warning: No valid output stream.
Epoch: 133 Loss: 0.508
Accuracy of the network on the 10000 test images: 75 %
Warning: No valid output stream.
Epoch: 134 Loss: 0.506
Accuracy of the network on the 10000 test images: 75 %
Warning: No valid output stream.
Epoch: 135 Loss: 0.504
Accuracy of the network on the 10000 test images: 75 %
Warning: No valid output stream.
Epoch: 136 Loss: 0.512
Accuracy of the network on the 10000 test images: 75 %
Warning: No valid output stream.
Epoch: 137 Loss: 0.502
Accuracy of the network on the 10000 test images: 75 %
Warning: No valid output stream.
Epoch: 138 Loss: 0.500
Accuracy of the network on the 10000 test images: 76 %
Warning: No valid output stream.
Epoch: 139 Loss: 0.501
Accuracy of the network on the 10000 test images: 75 %
Warning: No valid output stream.
Epoch: 140 Loss: 0.500
Accuracy of the network on the 10000 test images: 76 %
Warning: No valid output stream.
Epoch: 141 Loss: 0.502
Accuracy of the network on the 10000 test images: 75 %
Warning: No valid output stream.
Epoch: 142 Loss: 0.494
Accuracy of the network on the 10000 test images: 75 %
Warning: No valid output stream.
Epoch: 143 Loss: 0.494
Accuracy of the network on the 10000 test images: 75 %
Warning: No valid output stream.
Epoch: 144 Loss: 0.493
Accuracy of the network on the 10000 test images: 75 %
Warning: No valid output stream.
Epoch: 145 Loss: 0.495
Accuracy of the network on the 10000 test images: 75 %
Warning: No valid output stream.
Epoch: 146 Loss: 0.488
Accuracy of the network on the 10000 test images: 76 %
Warning: No valid output stream.
Epoch: 147 Loss: 0.485
Accuracy of the network on the 10000 test images: 76 %
Warning: No valid output stream.
Epoch: 148 Loss: 0.485
Accuracy of the network on the 10000 test images: 75 %
Warning: No valid output stream.
Epoch: 149 Loss: 0.483
Accuracy of the network on the 10000 test images: 75 %
Warning: No valid output stream.
Epoch: 150 Loss: 0.480
Accuracy of the network on the 10000 test images: 75 %
Warning: No valid output stream.
Epoch: 151 Loss: 0.482
Accuracy of the network on the 10000 test images: 76 %
Warning: No valid output stream.
Epoch: 152 Loss: 0.482
Accuracy of the network on the 10000 test images: 76 %
Warning: No valid output stream.
Epoch: 153 Loss: 0.479
Accuracy of the network on the 10000 test images: 76 %
Warning: No valid output stream.
Epoch: 154 Loss: 0.478
Accuracy of the network on the 10000 test images: 75 %
Warning: No valid output stream.
Epoch: 155 Loss: 0.478
Accuracy of the network on the 10000 test images: 75 %
Warning: No valid output stream.
Epoch: 156 Loss: 0.473
Accuracy of the network on the 10000 test images: 75 %
Warning: No valid output stream.
Epoch: 157 Loss: 0.474
Accuracy of the network on the 10000 test images: 76 %
Warning: No valid output stream.
Epoch: 158 Loss: 0.472
Accuracy of the network on the 10000 test images: 75 %
Warning: No valid output stream.
Epoch: 159 Loss: 0.468
Accuracy of the network on the 10000 test images: 75 %
Warning: No valid output stream.
Epoch: 160 Loss: 0.470
Accuracy of the network on the 10000 test images: 75 %
Warning: No valid output stream.
Epoch: 161 Loss: 0.470
Accuracy of the network on the 10000 test images: 75 %
Warning: No valid output stream.
Epoch: 162 Loss: 0.470
Accuracy of the network on the 10000 test images: 75 %
Warning: No valid output stream.
Epoch: 163 Loss: 0.465
Accuracy of the network on the 10000 test images: 76 %
Warning: No valid output stream.
Epoch: 164 Loss: 0.465
Accuracy of the network on the 10000 test images: 75 %
Warning: No valid output stream.
Epoch: 165 Loss: 0.461
Accuracy of the network on the 10000 test images: 75 %
Warning: No valid output stream.
Epoch: 166 Loss: 0.457
Accuracy of the network on the 10000 test images: 76 %
Warning: No valid output stream.
Epoch: 167 Loss: 0.457
Accuracy of the network on the 10000 test images: 76 %
Warning: No valid output stream.
Epoch: 168 Loss: 0.458
Accuracy of the network on the 10000 test images: 75 %
Warning: No valid output stream.
Epoch: 169 Loss: 0.455
Accuracy of the network on the 10000 test images: 76 %
Warning: No valid output stream.
Epoch: 170 Loss: 0.452
Accuracy of the network on the 10000 test images: 75 %
Warning: No valid output stream.
Epoch: 171 Loss: 0.452
Accuracy of the network on the 10000 test images: 75 %
Warning: No valid output stream.
Epoch: 172 Loss: 0.450
Accuracy of the network on the 10000 test images: 76 %
Warning: No valid output stream.
Epoch: 173 Loss: 0.452
Accuracy of the network on the 10000 test images: 75 %
Warning: No valid output stream.
Epoch: 174 Loss: 0.453
Accuracy of the network on the 10000 test images: 76 %
Warning: No valid output stream.
Epoch: 175 Loss: 0.449
Accuracy of the network on the 10000 test images: 76 %
Warning: No valid output stream.
Epoch: 176 Loss: 0.449
Accuracy of the network on the 10000 test images: 76 %
Warning: No valid output stream.
Epoch: 177 Loss: 0.447
Accuracy of the network on the 10000 test images: 76 %
Warning: No valid output stream.
Epoch: 178 Loss: 0.442
Accuracy of the network on the 10000 test images: 76 %
Warning: No valid output stream.
Epoch: 179 Loss: 0.448
Accuracy of the network on the 10000 test images: 76 %
Warning: No valid output stream.
Epoch: 180 Loss: 0.446
Accuracy of the network on the 10000 test images: 76 %
Warning: No valid output stream.
Epoch: 181 Loss: 0.440
Accuracy of the network on the 10000 test images: 76 %
Warning: No valid output stream.
Epoch: 182 Loss: 0.442
Accuracy of the network on the 10000 test images: 76 %
Warning: No valid output stream.
Epoch: 183 Loss: 0.438
Accuracy of the network on the 10000 test images: 76 %
Warning: No valid output stream.
Epoch: 184 Loss: 0.433
Accuracy of the network on the 10000 test images: 76 %
Warning: No valid output stream.
Epoch: 185 Loss: 0.431
Accuracy of the network on the 10000 test images: 76 %
Warning: No valid output stream.
Epoch: 186 Loss: 0.436
Accuracy of the network on the 10000 test images: 76 %
Warning: No valid output stream.
Epoch: 187 Loss: 0.435
Accuracy of the network on the 10000 test images: 76 %
Warning: No valid output stream.
Epoch: 188 Loss: 0.431
Accuracy of the network on the 10000 test images: 76 %
Warning: No valid output stream.
Epoch: 189 Loss: 0.434
Accuracy of the network on the 10000 test images: 76 %
Warning: No valid output stream.
Epoch: 190 Loss: 0.431
Accuracy of the network on the 10000 test images: 76 %
Warning: No valid output stream.
Epoch: 191 Loss: 0.427
Accuracy of the network on the 10000 test images: 76 %
Warning: No valid output stream.
Epoch: 192 Loss: 0.425
Accuracy of the network on the 10000 test images: 76 %
Warning: No valid output stream.
Epoch: 193 Loss: 0.429
Accuracy of the network on the 10000 test images: 76 %
Warning: No valid output stream.
Epoch: 194 Loss: 0.430
Accuracy of the network on the 10000 test images: 76 %
Warning: No valid output stream.
Epoch: 195 Loss: 0.429
Accuracy of the network on the 10000 test images: 76 %
Warning: No valid output stream.
Epoch: 196 Loss: 0.423
Accuracy of the network on the 10000 test images: 77 %
Warning: No valid output stream.
Epoch: 197 Loss: 0.425
Accuracy of the network on the 10000 test images: 76 %
Warning: No valid output stream.
Epoch: 198 Loss: 0.421
Accuracy of the network on the 10000 test images: 76 %
Warning: No valid output stream.
Epoch: 199 Loss: 0.421
Accuracy of the network on the 10000 test images: 76 %
Warning: No valid output stream.
Epoch: 200 Loss: 0.417
Accuracy of the network on the 10000 test images: 76 %
Warning: No valid output stream.
Epoch: 201 Loss: 0.418
Accuracy of the network on the 10000 test images: 76 %
Warning: No valid output stream.
Epoch: 202 Loss: 0.415
Accuracy of the network on the 10000 test images: 76 %
Warning: No valid output stream.
Epoch: 203 Loss: 0.419
Accuracy of the network on the 10000 test images: 76 %
Warning: No valid output stream.
Epoch: 204 Loss: 0.412
Accuracy of the network on the 10000 test images: 76 %
Warning: No valid output stream.
Epoch: 205 Loss: 0.415
Accuracy of the network on the 10000 test images: 77 %
Warning: No valid output stream.
Epoch: 206 Loss: 0.417
Accuracy of the network on the 10000 test images: 77 %
Warning: No valid output stream.
Epoch: 207 Loss: 0.412
Accuracy of the network on the 10000 test images: 76 %
Warning: No valid output stream.
Epoch: 208 Loss: 0.412
Accuracy of the network on the 10000 test images: 76 %
Warning: No valid output stream.
Epoch: 209 Loss: 0.409
Accuracy of the network on the 10000 test images: 77 %
Warning: No valid output stream.
Epoch: 210 Loss: 0.409
Accuracy of the network on the 10000 test images: 76 %
Warning: No valid output stream.
Epoch: 211 Loss: 0.409
Accuracy of the network on the 10000 test images: 76 %
Warning: No valid output stream.
Epoch: 212 Loss: 0.405
Accuracy of the network on the 10000 test images: 76 %
Warning: No valid output stream.
Epoch: 213 Loss: 0.403
Accuracy of the network on the 10000 test images: 76 %
Warning: No valid output stream.
Epoch: 214 Loss: 0.406
Accuracy of the network on the 10000 test images: 76 %
Warning: No valid output stream.
Epoch: 215 Loss: 0.402
Accuracy of the network on the 10000 test images: 76 %
Warning: No valid output stream.
Epoch: 216 Loss: 0.402
Accuracy of the network on the 10000 test images: 77 %
Warning: No valid output stream.
Epoch: 217 Loss: 0.403
Accuracy of the network on the 10000 test images: 77 %
Warning: No valid output stream.
Epoch: 218 Loss: 0.398
Accuracy of the network on the 10000 test images: 76 %
Warning: No valid output stream.
Epoch: 219 Loss: 0.403
Accuracy of the network on the 10000 test images: 76 %
Warning: No valid output stream.
Epoch: 220 Loss: 0.399
Accuracy of the network on the 10000 test images: 76 %
Warning: No valid output stream.
Epoch: 221 Loss: 0.397
Accuracy of the network on the 10000 test images: 76 %
Warning: No valid output stream.
Epoch: 222 Loss: 0.400
Accuracy of the network on the 10000 test images: 76 %
Warning: No valid output stream.
Epoch: 223 Loss: 0.394
Accuracy of the network on the 10000 test images: 76 %
Warning: No valid output stream.
Epoch: 224 Loss: 0.401
Accuracy of the network on the 10000 test images: 76 %
Warning: No valid output stream.
Epoch: 225 Loss: 0.395
Accuracy of the network on the 10000 test images: 76 %
Warning: No valid output stream.
Epoch: 226 Loss: 0.394
Accuracy of the network on the 10000 test images: 77 %
Warning: No valid output stream.
Epoch: 227 Loss: 0.393
Accuracy of the network on the 10000 test images: 76 %
Warning: No valid output stream.
Epoch: 228 Loss: 0.394
Accuracy of the network on the 10000 test images: 77 %
Warning: No valid output stream.
Epoch: 229 Loss: 0.392
Accuracy of the network on the 10000 test images: 77 %
Warning: No valid output stream.
Epoch: 230 Loss: 0.387
Accuracy of the network on the 10000 test images: 77 %
Warning: No valid output stream.
Epoch: 231 Loss: 0.385
Accuracy of the network on the 10000 test images: 77 %
Warning: No valid output stream.
Epoch: 232 Loss: 0.388
Accuracy of the network on the 10000 test images: 77 %
Warning: No valid output stream.
Epoch: 233 Loss: 0.388
Accuracy of the network on the 10000 test images: 77 %
Warning: No valid output stream.
Epoch: 234 Loss: 0.386
Accuracy of the network on the 10000 test images: 77 %
Warning: No valid output stream.
Epoch: 235 Loss: 0.383
Accuracy of the network on the 10000 test images: 77 %
Warning: No valid output stream.
Epoch: 236 Loss: 0.385
Accuracy of the network on the 10000 test images: 76 %
Warning: No valid output stream.
Epoch: 237 Loss: 0.382
Accuracy of the network on the 10000 test images: 77 %
Warning: No valid output stream.
Epoch: 238 Loss: 0.381
Accuracy of the network on the 10000 test images: 77 %
Warning: No valid output stream.
Epoch: 239 Loss: 0.386
Accuracy of the network on the 10000 test images: 76 %
Warning: No valid output stream.
Epoch: 240 Loss: 0.383
Accuracy of the network on the 10000 test images: 77 %
Warning: No valid output stream.
Epoch: 241 Loss: 0.381
Accuracy of the network on the 10000 test images: 77 %
Warning: No valid output stream.
Epoch: 242 Loss: 0.379
Accuracy of the network on the 10000 test images: 77 %
Warning: No valid output stream.
Epoch: 243 Loss: 0.378
Accuracy of the network on the 10000 test images: 77 %
Warning: No valid output stream.
Epoch: 244 Loss: 0.381
Accuracy of the network on the 10000 test images: 77 %
Warning: No valid output stream.
Epoch: 245 Loss: 0.379
Accuracy of the network on the 10000 test images: 77 %
Warning: No valid output stream.
Epoch: 246 Loss: 0.371
Accuracy of the network on the 10000 test images: 77 %
Warning: No valid output stream.
Epoch: 247 Loss: 0.374
Accuracy of the network on the 10000 test images: 76 %
Warning: No valid output stream.
Epoch: 248 Loss: 0.372
Accuracy of the network on the 10000 test images: 76 %
Warning: No valid output stream.
Epoch: 249 Loss: 0.377
Accuracy of the network on the 10000 test images: 77 %
Warning: No valid output stream.
Epoch: 250 Loss: 0.374
Accuracy of the network on the 10000 test images: 77 %
Warning: No valid output stream.
Epoch: 251 Loss: 0.371
Accuracy of the network on the 10000 test images: 77 %
Warning: No valid output stream.
Epoch: 252 Loss: 0.370
Accuracy of the network on the 10000 test images: 77 %
Warning: No valid output stream.
Epoch: 253 Loss: 0.367
Accuracy of the network on the 10000 test images: 77 %
Warning: No valid output stream.
Epoch: 254 Loss: 0.370
Accuracy of the network on the 10000 test images: 77 %
Warning: No valid output stream.
Epoch: 255 Loss: 0.366
Accuracy of the network on the 10000 test images: 78 %
Warning: No valid output stream.
Epoch: 256 Loss: 0.368
Accuracy of the network on the 10000 test images: 77 %
Warning: No valid output stream.
Epoch: 257 Loss: 0.365
Accuracy of the network on the 10000 test images: 77 %
Warning: No valid output stream.
Epoch: 258 Loss: 0.365
Accuracy of the network on the 10000 test images: 77 %
Warning: No valid output stream.
Epoch: 259 Loss: 0.366
Accuracy of the network on the 10000 test images: 77 %
Warning: No valid output stream.
Epoch: 260 Loss: 0.368
Accuracy of the network on the 10000 test images: 76 %
Warning: No valid output stream.
Epoch: 261 Loss: 0.360
Accuracy of the network on the 10000 test images: 77 %
Warning: No valid output stream.
Epoch: 262 Loss: 0.363
Accuracy of the network on the 10000 test images: 77 %
Warning: No valid output stream.
Epoch: 263 Loss: 0.361
Accuracy of the network on the 10000 test images: 77 %
Warning: No valid output stream.
Epoch: 264 Loss: 0.361
Accuracy of the network on the 10000 test images: 77 %
Warning: No valid output stream.
Epoch: 265 Loss: 0.361
Accuracy of the network on the 10000 test images: 77 %
Warning: No valid output stream.
Epoch: 266 Loss: 0.363
Accuracy of the network on the 10000 test images: 77 %
Warning: No valid output stream.
Epoch: 267 Loss: 0.360
Accuracy of the network on the 10000 test images: 77 %
Warning: No valid output stream.
Epoch: 268 Loss: 0.360
Accuracy of the network on the 10000 test images: 76 %
Warning: No valid output stream.
Epoch: 269 Loss: 0.356
Accuracy of the network on the 10000 test images: 77 %
Warning: No valid output stream.
Epoch: 270 Loss: 0.360
Accuracy of the network on the 10000 test images: 77 %
Warning: No valid output stream.
Epoch: 271 Loss: 0.354
Accuracy of the network on the 10000 test images: 77 %
Warning: No valid output stream.
Epoch: 272 Loss: 0.356
Accuracy of the network on the 10000 test images: 77 %
Warning: No valid output stream.
Epoch: 273 Loss: 0.356
Accuracy of the network on the 10000 test images: 76 %
Warning: No valid output stream.
Epoch: 274 Loss: 0.352
Accuracy of the network on the 10000 test images: 77 %
Warning: No valid output stream.
Epoch: 275 Loss: 0.355
Accuracy of the network on the 10000 test images: 77 %
Warning: No valid output stream.
Epoch: 276 Loss: 0.354
Accuracy of the network on the 10000 test images: 77 %
Warning: No valid output stream.
Epoch: 277 Loss: 0.348
Accuracy of the network on the 10000 test images: 77 %
Warning: No valid output stream.
Epoch: 278 Loss: 0.349
Accuracy of the network on the 10000 test images: 76 %
Warning: No valid output stream.
Epoch: 279 Loss: 0.354
Accuracy of the network on the 10000 test images: 77 %
Warning: No valid output stream.
Epoch: 280 Loss: 0.349
Accuracy of the network on the 10000 test images: 77 %
Warning: No valid output stream.
Epoch: 281 Loss: 0.346
Accuracy of the network on the 10000 test images: 77 %
Warning: No valid output stream.
Epoch: 282 Loss: 0.354
Accuracy of the network on the 10000 test images: 77 %
Warning: No valid output stream.
Epoch: 283 Loss: 0.344
Accuracy of the network on the 10000 test images: 77 %
Warning: No valid output stream.
Epoch: 284 Loss: 0.348
Accuracy of the network on the 10000 test images: 77 %
Warning: No valid output stream.
Epoch: 285 Loss: 0.347
Accuracy of the network on the 10000 test images: 77 %
Warning: No valid output stream.
Epoch: 286 Loss: 0.339
Accuracy of the network on the 10000 test images: 77 %
Warning: No valid output stream.
Epoch: 287 Loss: 0.344
Accuracy of the network on the 10000 test images: 77 %
Warning: No valid output stream.
Epoch: 288 Loss: 0.341
Accuracy of the network on the 10000 test images: 77 %
Warning: No valid output stream.
Epoch: 289 Loss: 0.347
Accuracy of the network on the 10000 test images: 77 %
Warning: No valid output stream.
Epoch: 290 Loss: 0.338
Accuracy of the network on the 10000 test images: 77 %
Warning: No valid output stream.
Epoch: 291 Loss: 0.343
Accuracy of the network on the 10000 test images: 77 %
Warning: No valid output stream.
Epoch: 292 Loss: 0.343
Accuracy of the network on the 10000 test images: 77 %
Warning: No valid output stream.
Epoch: 293 Loss: 0.346
Accuracy of the network on the 10000 test images: 77 %
Warning: No valid output stream.
Epoch: 294 Loss: 0.338
Accuracy of the network on the 10000 test images: 77 %
Warning: No valid output stream.
Epoch: 295 Loss: 0.344
Accuracy of the network on the 10000 test images: 77 %
Warning: No valid output stream.
Epoch: 296 Loss: 0.343
Accuracy of the network on the 10000 test images: 77 %
Warning: No valid output stream.
Epoch: 297 Loss: 0.343
Accuracy of the network on the 10000 test images: 77 %
Warning: No valid output stream.
Epoch: 298 Loss: 0.341
Accuracy of the network on the 10000 test images: 77 %
Warning: No valid output stream.
Epoch: 299 Loss: 0.337
Accuracy of the network on the 10000 test images: 77 %
Warning: No valid output stream.
Epoch: 300 Loss: 0.335
Accuracy of the network on the 10000 test images: 76 %
Finished Training
