Loading Datasets
Start Training
Warning: No valid output stream.
/home/shouki/Desktop/Programming/Python/AI/Research/InhibitoryNeuron/DogCatTrain/DistirbutionKReluGradientMuRandomVariousDistributions/Distribution0/source/train_util.py:46: UserWarning: To copy construct from a tensor, it is recommended to use sourceTensor.clone().detach() or sourceTensor.clone().detach().requires_grad_(True), rather than torch.tensor(sourceTensor).
  inputs = torch.tensor(x_test[i * batch_size : (i + 1) * batch_size], device=device, dtype=torch.float32)
/home/shouki/Desktop/Programming/Python/AI/Research/InhibitoryNeuron/DogCatTrain/DistirbutionKReluGradientMuRandomVariousDistributions/Distribution0/source/train_util.py:47: UserWarning: To copy construct from a tensor, it is recommended to use sourceTensor.clone().detach() or sourceTensor.clone().detach().requires_grad_(True), rather than torch.tensor(sourceTensor).
  labels = torch.tensor(y_test[i * batch_size : (i + 1) * batch_size], device=device, dtype=torch.long)
Epoch: 1 Loss: 1.023
Accuracy of the network on the 10000 test images: 63 %
Warning: No valid output stream.
/home/shouki/Desktop/Programming/Python/AI/Research/InhibitoryNeuron/DogCatTrain/DistirbutionKReluGradientMuRandomVariousDistributions/Distribution0/source/train_util.py:40: UserWarning: To copy construct from a tensor, it is recommended to use sourceTensor.clone().detach() or sourceTensor.clone().detach().requires_grad_(True), rather than torch.tensor(sourceTensor).
  x_test = torch.tensor(x_test[:(y_test.shape[0] // batch_size * batch_size)], device=device, dtype=torch.float32)
/home/shouki/Desktop/Programming/Python/AI/Research/InhibitoryNeuron/DogCatTrain/DistirbutionKReluGradientMuRandomVariousDistributions/Distribution0/source/train_util.py:41: UserWarning: To copy construct from a tensor, it is recommended to use sourceTensor.clone().detach() or sourceTensor.clone().detach().requires_grad_(True), rather than torch.tensor(sourceTensor).
  y_test = torch.tensor(y_test[:(y_test.shape[0] // batch_size * batch_size)], device=device, dtype=torch.float32)
Epoch: 2 Loss: 0.826
Accuracy of the network on the 10000 test images: 64 %
Warning: No valid output stream.
Epoch: 3 Loss: 0.831
Accuracy of the network on the 10000 test images: 66 %
Warning: No valid output stream.
Epoch: 4 Loss: 0.829
Accuracy of the network on the 10000 test images: 53 %
Warning: No valid output stream.
Epoch: 5 Loss: 0.711
Accuracy of the network on the 10000 test images: 52 %
Warning: No valid output stream.
Epoch: 6 Loss: 0.624
Accuracy of the network on the 10000 test images: 59 %
Warning: No valid output stream.
Epoch: 7 Loss: 0.571
Accuracy of the network on the 10000 test images: 56 %
Warning: No valid output stream.
Epoch: 8 Loss: 0.539
Accuracy of the network on the 10000 test images: 59 %
Warning: No valid output stream.
Epoch: 9 Loss: 0.548
Accuracy of the network on the 10000 test images: 64 %
Warning: No valid output stream.
Epoch: 10 Loss: 0.502
Accuracy of the network on the 10000 test images: 70 %
Warning: No valid output stream.
Epoch: 11 Loss: 0.501
Accuracy of the network on the 10000 test images: 71 %
Warning: No valid output stream.
Epoch: 12 Loss: 0.486
Accuracy of the network on the 10000 test images: 71 %
Warning: No valid output stream.
Epoch: 13 Loss: 0.441
Accuracy of the network on the 10000 test images: 71 %
Warning: No valid output stream.
Epoch: 14 Loss: 0.382
Accuracy of the network on the 10000 test images: 69 %
Warning: No valid output stream.
Epoch: 15 Loss: 0.429
Accuracy of the network on the 10000 test images: 71 %
Warning: No valid output stream.
Epoch: 16 Loss: 0.375
Accuracy of the network on the 10000 test images: 68 %
Warning: No valid output stream.
Epoch: 17 Loss: 0.395
Accuracy of the network on the 10000 test images: 57 %
Warning: No valid output stream.
Epoch: 18 Loss: 0.335
Accuracy of the network on the 10000 test images: 62 %
Warning: No valid output stream.
Epoch: 19 Loss: 0.316
Accuracy of the network on the 10000 test images: 65 %
Warning: No valid output stream.
Epoch: 20 Loss: 0.252
Accuracy of the network on the 10000 test images: 71 %
Warning: No valid output stream.
Epoch: 21 Loss: 0.220
Accuracy of the network on the 10000 test images: 72 %
Warning: No valid output stream.
Epoch: 22 Loss: 0.205
Accuracy of the network on the 10000 test images: 72 %
Warning: No valid output stream.
Epoch: 23 Loss: 0.213
Accuracy of the network on the 10000 test images: 73 %
Warning: No valid output stream.
Epoch: 24 Loss: 0.206
Accuracy of the network on the 10000 test images: 72 %
Warning: No valid output stream.
Epoch: 25 Loss: 0.174
Accuracy of the network on the 10000 test images: 71 %
Warning: No valid output stream.
Epoch: 26 Loss: 0.172
Accuracy of the network on the 10000 test images: 72 %
Warning: No valid output stream.
Epoch: 27 Loss: 0.171
Accuracy of the network on the 10000 test images: 72 %
Warning: No valid output stream.
Epoch: 28 Loss: 0.185
Accuracy of the network on the 10000 test images: 72 %
Warning: No valid output stream.
Epoch: 29 Loss: 0.162
Accuracy of the network on the 10000 test images: 70 %
Warning: No valid output stream.
Epoch: 30 Loss: 0.113
Accuracy of the network on the 10000 test images: 70 %
Warning: No valid output stream.
Epoch: 31 Loss: 0.103
Accuracy of the network on the 10000 test images: 72 %
Warning: No valid output stream.
Epoch: 32 Loss: 0.091
Accuracy of the network on the 10000 test images: 70 %
Warning: No valid output stream.
Epoch: 33 Loss: 0.084
Accuracy of the network on the 10000 test images: 73 %
Warning: No valid output stream.
Epoch: 34 Loss: 0.083
Accuracy of the network on the 10000 test images: 71 %
Warning: No valid output stream.
Epoch: 35 Loss: 0.079
Accuracy of the network on the 10000 test images: 72 %
Warning: No valid output stream.
Epoch: 36 Loss: 0.084
Accuracy of the network on the 10000 test images: 72 %
Warning: No valid output stream.
Epoch: 37 Loss: 0.082
Accuracy of the network on the 10000 test images: 73 %
Warning: No valid output stream.
Epoch: 38 Loss: 0.088
Accuracy of the network on the 10000 test images: 72 %
Warning: No valid output stream.
Epoch: 39 Loss: 0.086
Accuracy of the network on the 10000 test images: 72 %
Warning: No valid output stream.
Epoch: 40 Loss: 0.089
Accuracy of the network on the 10000 test images: 71 %
Warning: No valid output stream.
Epoch: 41 Loss: 0.089
Accuracy of the network on the 10000 test images: 72 %
Warning: No valid output stream.
Epoch: 42 Loss: 0.090
Accuracy of the network on the 10000 test images: 73 %
Warning: No valid output stream.
Epoch: 43 Loss: 0.105
Accuracy of the network on the 10000 test images: 73 %
Warning: No valid output stream.
Epoch: 44 Loss: 0.119
Accuracy of the network on the 10000 test images: 72 %
Warning: No valid output stream.
Epoch: 45 Loss: 0.136
Accuracy of the network on the 10000 test images: 73 %
Warning: No valid output stream.
Epoch: 46 Loss: 0.139
Accuracy of the network on the 10000 test images: 73 %
Warning: No valid output stream.
Epoch: 47 Loss: 0.113
Accuracy of the network on the 10000 test images: 71 %
Warning: No valid output stream.
Epoch: 48 Loss: 0.084
Accuracy of the network on the 10000 test images: 72 %
Warning: No valid output stream.
Epoch: 49 Loss: 0.059
Accuracy of the network on the 10000 test images: 72 %
Warning: No valid output stream.
Epoch: 50 Loss: 0.050
Accuracy of the network on the 10000 test images: 72 %
Finished Training
