Loading Datasets
Start Training
Warning: No valid output stream.
/home/shouki/Desktop/Programming/Python/AI/Research/InhibitoryNeuron/DogCatTrain/NormalReluIncreased/source/train_util.py:46: UserWarning: To copy construct from a tensor, it is recommended to use sourceTensor.clone().detach() or sourceTensor.clone().detach().requires_grad_(True), rather than torch.tensor(sourceTensor).
  inputs = torch.tensor(x_test[i * batch_size : (i + 1) * batch_size], device=device, dtype=torch.float32)
/home/shouki/Desktop/Programming/Python/AI/Research/InhibitoryNeuron/DogCatTrain/NormalReluIncreased/source/train_util.py:47: UserWarning: To copy construct from a tensor, it is recommended to use sourceTensor.clone().detach() or sourceTensor.clone().detach().requires_grad_(True), rather than torch.tensor(sourceTensor).
  labels = torch.tensor(y_test[i * batch_size : (i + 1) * batch_size], device=device, dtype=torch.long)
Epoch: 1 Loss: 1.045
Accuracy of the network on the 10000 test images: 57 %
Warning: No valid output stream.
/home/shouki/Desktop/Programming/Python/AI/Research/InhibitoryNeuron/DogCatTrain/NormalReluIncreased/source/train_util.py:40: UserWarning: To copy construct from a tensor, it is recommended to use sourceTensor.clone().detach() or sourceTensor.clone().detach().requires_grad_(True), rather than torch.tensor(sourceTensor).
  x_test = torch.tensor(x_test[:(y_test.shape[0] // batch_size * batch_size)], device=device, dtype=torch.float32)
/home/shouki/Desktop/Programming/Python/AI/Research/InhibitoryNeuron/DogCatTrain/NormalReluIncreased/source/train_util.py:41: UserWarning: To copy construct from a tensor, it is recommended to use sourceTensor.clone().detach() or sourceTensor.clone().detach().requires_grad_(True), rather than torch.tensor(sourceTensor).
  y_test = torch.tensor(y_test[:(y_test.shape[0] // batch_size * batch_size)], device=device, dtype=torch.float32)
Epoch: 2 Loss: 0.999
Accuracy of the network on the 10000 test images: 60 %
Warning: No valid output stream.
Epoch: 3 Loss: 0.990
Accuracy of the network on the 10000 test images: 63 %
Warning: No valid output stream.
Epoch: 4 Loss: 0.952
Accuracy of the network on the 10000 test images: 63 %
Warning: No valid output stream.
Epoch: 5 Loss: 0.916
Accuracy of the network on the 10000 test images: 68 %
Warning: No valid output stream.
Epoch: 6 Loss: 0.876
Accuracy of the network on the 10000 test images: 66 %
Warning: No valid output stream.
Epoch: 7 Loss: 0.825
Accuracy of the network on the 10000 test images: 68 %
Warning: No valid output stream.
Epoch: 8 Loss: 0.769
Accuracy of the network on the 10000 test images: 68 %
Warning: No valid output stream.
Epoch: 9 Loss: 0.700
Accuracy of the network on the 10000 test images: 70 %
Warning: No valid output stream.
Epoch: 10 Loss: 0.653
Accuracy of the network on the 10000 test images: 70 %
Warning: No valid output stream.
Epoch: 11 Loss: 0.653
Accuracy of the network on the 10000 test images: 71 %
Warning: No valid output stream.
Epoch: 12 Loss: 0.609
Accuracy of the network on the 10000 test images: 71 %
Warning: No valid output stream.
Epoch: 13 Loss: 0.603
Accuracy of the network on the 10000 test images: 74 %
Warning: No valid output stream.
Epoch: 14 Loss: 0.578
Accuracy of the network on the 10000 test images: 74 %
Warning: No valid output stream.
Epoch: 15 Loss: 0.557
Accuracy of the network on the 10000 test images: 74 %
Warning: No valid output stream.
Epoch: 16 Loss: 0.530
Accuracy of the network on the 10000 test images: 74 %
Warning: No valid output stream.
Epoch: 17 Loss: 0.510
Accuracy of the network on the 10000 test images: 74 %
Warning: No valid output stream.
Epoch: 18 Loss: 0.491
Accuracy of the network on the 10000 test images: 74 %
Warning: No valid output stream.
Epoch: 19 Loss: 0.482
Accuracy of the network on the 10000 test images: 75 %
Warning: No valid output stream.
Epoch: 20 Loss: 0.456
Accuracy of the network on the 10000 test images: 75 %
Warning: No valid output stream.
Epoch: 21 Loss: 0.441
Accuracy of the network on the 10000 test images: 75 %
Warning: No valid output stream.
Epoch: 22 Loss: 0.445
Accuracy of the network on the 10000 test images: 77 %
Warning: No valid output stream.
Epoch: 23 Loss: 0.434
Accuracy of the network on the 10000 test images: 78 %
Warning: No valid output stream.
Epoch: 24 Loss: 0.429
Accuracy of the network on the 10000 test images: 77 %
Warning: No valid output stream.
Epoch: 25 Loss: 0.408
Accuracy of the network on the 10000 test images: 77 %
Warning: No valid output stream.
Epoch: 26 Loss: 0.385
Accuracy of the network on the 10000 test images: 78 %
Warning: No valid output stream.
Epoch: 27 Loss: 0.399
Accuracy of the network on the 10000 test images: 76 %
Warning: No valid output stream.
Epoch: 28 Loss: 0.386
Accuracy of the network on the 10000 test images: 78 %
Warning: No valid output stream.
Epoch: 29 Loss: 0.369
Accuracy of the network on the 10000 test images: 78 %
Warning: No valid output stream.
Epoch: 30 Loss: 0.364
Accuracy of the network on the 10000 test images: 78 %
Warning: No valid output stream.
Epoch: 31 Loss: 0.356
Accuracy of the network on the 10000 test images: 79 %
Warning: No valid output stream.
Epoch: 32 Loss: 0.354
Accuracy of the network on the 10000 test images: 79 %
Warning: No valid output stream.
Epoch: 33 Loss: 0.339
Accuracy of the network on the 10000 test images: 79 %
Warning: No valid output stream.
Epoch: 34 Loss: 0.333
Accuracy of the network on the 10000 test images: 80 %
Warning: No valid output stream.
Epoch: 35 Loss: 0.323
Accuracy of the network on the 10000 test images: 79 %
Warning: No valid output stream.
Epoch: 36 Loss: 0.316
Accuracy of the network on the 10000 test images: 81 %
Warning: No valid output stream.
Epoch: 37 Loss: 0.318
Accuracy of the network on the 10000 test images: 80 %
Warning: No valid output stream.
Epoch: 38 Loss: 0.305
Accuracy of the network on the 10000 test images: 81 %
Warning: No valid output stream.
Epoch: 39 Loss: 0.306
Accuracy of the network on the 10000 test images: 79 %
Warning: No valid output stream.
Epoch: 40 Loss: 0.301
Accuracy of the network on the 10000 test images: 80 %
Warning: No valid output stream.
Epoch: 41 Loss: 0.281
Accuracy of the network on the 10000 test images: 81 %
Warning: No valid output stream.
Epoch: 42 Loss: 0.279
Accuracy of the network on the 10000 test images: 81 %
Warning: No valid output stream.
Epoch: 43 Loss: 0.271
Accuracy of the network on the 10000 test images: 81 %
Warning: No valid output stream.
Epoch: 44 Loss: 0.258
Accuracy of the network on the 10000 test images: 83 %
Warning: No valid output stream.
Epoch: 45 Loss: 0.253
Accuracy of the network on the 10000 test images: 82 %
Warning: No valid output stream.
Epoch: 46 Loss: 0.258
Accuracy of the network on the 10000 test images: 82 %
Warning: No valid output stream.
Epoch: 47 Loss: 0.244
Accuracy of the network on the 10000 test images: 82 %
Warning: No valid output stream.
Epoch: 48 Loss: 0.245
Accuracy of the network on the 10000 test images: 82 %
Warning: No valid output stream.
Epoch: 49 Loss: 0.233
Accuracy of the network on the 10000 test images: 82 %
Warning: No valid output stream.
Epoch: 50 Loss: 0.225
Accuracy of the network on the 10000 test images: 82 %
Warning: No valid output stream.
Epoch: 51 Loss: 0.226
Accuracy of the network on the 10000 test images: 83 %
Warning: No valid output stream.
Epoch: 52 Loss: 0.218
Accuracy of the network on the 10000 test images: 82 %
Warning: No valid output stream.
Epoch: 53 Loss: 0.216
Accuracy of the network on the 10000 test images: 83 %
Warning: No valid output stream.
Epoch: 54 Loss: 0.207
Accuracy of the network on the 10000 test images: 82 %
Warning: No valid output stream.
Epoch: 55 Loss: 0.200
Accuracy of the network on the 10000 test images: 82 %
Warning: No valid output stream.
Epoch: 56 Loss: 0.202
Accuracy of the network on the 10000 test images: 82 %
Warning: No valid output stream.
Epoch: 57 Loss: 0.188
Accuracy of the network on the 10000 test images: 83 %
Warning: No valid output stream.
Epoch: 58 Loss: 0.194
Accuracy of the network on the 10000 test images: 83 %
Warning: No valid output stream.
Epoch: 59 Loss: 0.180
Accuracy of the network on the 10000 test images: 83 %
Warning: No valid output stream.
Epoch: 60 Loss: 0.178
Accuracy of the network on the 10000 test images: 82 %
Warning: No valid output stream.
Epoch: 61 Loss: 0.169
Accuracy of the network on the 10000 test images: 83 %
Warning: No valid output stream.
Epoch: 62 Loss: 0.173
Accuracy of the network on the 10000 test images: 83 %
Warning: No valid output stream.
Epoch: 63 Loss: 0.169
Accuracy of the network on the 10000 test images: 83 %
Warning: No valid output stream.
Epoch: 64 Loss: 0.158
Accuracy of the network on the 10000 test images: 84 %
Warning: No valid output stream.
Epoch: 65 Loss: 0.153
Accuracy of the network on the 10000 test images: 83 %
Warning: No valid output stream.
Epoch: 66 Loss: 0.156
Accuracy of the network on the 10000 test images: 84 %
Warning: No valid output stream.
Epoch: 67 Loss: 0.152
Accuracy of the network on the 10000 test images: 83 %
Warning: No valid output stream.
Epoch: 68 Loss: 0.149
Accuracy of the network on the 10000 test images: 83 %
Warning: No valid output stream.
Epoch: 69 Loss: 0.144
Accuracy of the network on the 10000 test images: 84 %
Warning: No valid output stream.
Epoch: 70 Loss: 0.137
Accuracy of the network on the 10000 test images: 83 %
Warning: No valid output stream.
Epoch: 71 Loss: 0.137
Accuracy of the network on the 10000 test images: 83 %
Warning: No valid output stream.
Epoch: 72 Loss: 0.133
Accuracy of the network on the 10000 test images: 84 %
Warning: No valid output stream.
Epoch: 73 Loss: 0.130
Accuracy of the network on the 10000 test images: 83 %
Warning: No valid output stream.
Epoch: 74 Loss: 0.125
Accuracy of the network on the 10000 test images: 83 %
Warning: No valid output stream.
Epoch: 75 Loss: 0.115
Accuracy of the network on the 10000 test images: 83 %
Warning: No valid output stream.
Epoch: 76 Loss: 0.119
Accuracy of the network on the 10000 test images: 84 %
Warning: No valid output stream.
Epoch: 77 Loss: 0.120
Accuracy of the network on the 10000 test images: 84 %
Warning: No valid output stream.
Epoch: 78 Loss: 0.113
Accuracy of the network on the 10000 test images: 84 %
Warning: No valid output stream.
Epoch: 79 Loss: 0.108
Accuracy of the network on the 10000 test images: 84 %
Warning: No valid output stream.
Epoch: 80 Loss: 0.114
Accuracy of the network on the 10000 test images: 83 %
Warning: No valid output stream.
Epoch: 81 Loss: 0.105
Accuracy of the network on the 10000 test images: 84 %
Warning: No valid output stream.
Epoch: 82 Loss: 0.101
Accuracy of the network on the 10000 test images: 84 %
Warning: No valid output stream.
Epoch: 83 Loss: 0.101
Accuracy of the network on the 10000 test images: 84 %
Warning: No valid output stream.
Epoch: 84 Loss: 0.093
Accuracy of the network on the 10000 test images: 84 %
Warning: No valid output stream.
Epoch: 85 Loss: 0.097
Accuracy of the network on the 10000 test images: 84 %
Warning: No valid output stream.
Epoch: 86 Loss: 0.101
Accuracy of the network on the 10000 test images: 83 %
Warning: No valid output stream.
Epoch: 87 Loss: 0.099
Accuracy of the network on the 10000 test images: 84 %
Warning: No valid output stream.
Epoch: 88 Loss: 0.089
Accuracy of the network on the 10000 test images: 84 %
Warning: No valid output stream.
Epoch: 89 Loss: 0.082
Accuracy of the network on the 10000 test images: 83 %
Warning: No valid output stream.
Epoch: 90 Loss: 0.089
Accuracy of the network on the 10000 test images: 84 %
Warning: No valid output stream.
Epoch: 91 Loss: 0.080
Accuracy of the network on the 10000 test images: 85 %
Warning: No valid output stream.
Epoch: 92 Loss: 0.073
Accuracy of the network on the 10000 test images: 85 %
Warning: No valid output stream.
Epoch: 93 Loss: 0.084
Accuracy of the network on the 10000 test images: 85 %
Warning: No valid output stream.
Epoch: 94 Loss: 0.076
Accuracy of the network on the 10000 test images: 85 %
Warning: No valid output stream.
Epoch: 95 Loss: 0.073
Accuracy of the network on the 10000 test images: 84 %
Warning: No valid output stream.
Epoch: 96 Loss: 0.072
Accuracy of the network on the 10000 test images: 85 %
Warning: No valid output stream.
Epoch: 97 Loss: 0.076
Accuracy of the network on the 10000 test images: 84 %
Warning: No valid output stream.
Epoch: 98 Loss: 0.073
Accuracy of the network on the 10000 test images: 84 %
Warning: No valid output stream.
Epoch: 99 Loss: 0.072
Accuracy of the network on the 10000 test images: 83 %
Warning: No valid output stream.
Epoch: 100 Loss: 0.067
Accuracy of the network on the 10000 test images: 84 %
Warning: No valid output stream.
Epoch: 101 Loss: 0.068
Accuracy of the network on the 10000 test images: 84 %
Warning: No valid output stream.
Epoch: 102 Loss: 0.073
Accuracy of the network on the 10000 test images: 85 %
Warning: No valid output stream.
Epoch: 103 Loss: 0.071
Accuracy of the network on the 10000 test images: 84 %
Warning: No valid output stream.
