Files already downloaded and verified
Files already downloaded and verified
Warning: No valid output stream.
Epoch: 1 Loss: 1.698
Accuracy of the network on the 10000 test images: 45 %
Warning: No valid output stream.
Epoch: 2 Loss: 1.487
Accuracy of the network on the 10000 test images: 48 %
Warning: No valid output stream.
Epoch: 3 Loss: 1.406
Accuracy of the network on the 10000 test images: 51 %
Warning: No valid output stream.
Epoch: 4 Loss: 1.344
Accuracy of the network on the 10000 test images: 53 %
Warning: No valid output stream.
Epoch: 5 Loss: 1.298
Accuracy of the network on the 10000 test images: 54 %
Warning: No valid output stream.
Epoch: 6 Loss: 1.263
Accuracy of the network on the 10000 test images: 55 %
Warning: No valid output stream.
Epoch: 7 Loss: 1.234
Accuracy of the network on the 10000 test images: 55 %
Warning: No valid output stream.
Epoch: 8 Loss: 1.202
Accuracy of the network on the 10000 test images: 57 %
Warning: No valid output stream.
Epoch: 9 Loss: 1.183
Accuracy of the network on the 10000 test images: 58 %
Warning: No valid output stream.
Epoch: 10 Loss: 1.158
Accuracy of the network on the 10000 test images: 58 %
Warning: No valid output stream.
Epoch: 11 Loss: 1.128
Accuracy of the network on the 10000 test images: 59 %
Warning: No valid output stream.
Epoch: 12 Loss: 1.115
Accuracy of the network on the 10000 test images: 60 %
Warning: No valid output stream.
Epoch: 13 Loss: 1.099
Accuracy of the network on the 10000 test images: 61 %
Warning: No valid output stream.
Epoch: 14 Loss: 1.081
Accuracy of the network on the 10000 test images: 61 %
Warning: No valid output stream.
Epoch: 15 Loss: 1.067
Accuracy of the network on the 10000 test images: 61 %
Warning: No valid output stream.
Epoch: 16 Loss: 1.059
Accuracy of the network on the 10000 test images: 62 %
Warning: No valid output stream.
Epoch: 17 Loss: 1.048
Accuracy of the network on the 10000 test images: 62 %
Warning: No valid output stream.
Epoch: 18 Loss: 1.032
Accuracy of the network on the 10000 test images: 62 %
Warning: No valid output stream.
Epoch: 19 Loss: 1.025
Accuracy of the network on the 10000 test images: 63 %
Warning: No valid output stream.
Epoch: 20 Loss: 1.015
Accuracy of the network on the 10000 test images: 63 %
Warning: No valid output stream.
Epoch: 21 Loss: 1.004
Accuracy of the network on the 10000 test images: 63 %
Warning: No valid output stream.
Epoch: 22 Loss: 0.992
Accuracy of the network on the 10000 test images: 64 %
Warning: No valid output stream.
Epoch: 23 Loss: 0.986
Accuracy of the network on the 10000 test images: 64 %
Warning: No valid output stream.
Epoch: 24 Loss: 0.973
Accuracy of the network on the 10000 test images: 64 %
Warning: No valid output stream.
Epoch: 25 Loss: 0.967
Accuracy of the network on the 10000 test images: 64 %
Warning: No valid output stream.
Epoch: 26 Loss: 0.958
Accuracy of the network on the 10000 test images: 65 %
Warning: No valid output stream.
Epoch: 27 Loss: 0.951
Accuracy of the network on the 10000 test images: 65 %
Warning: No valid output stream.
Epoch: 28 Loss: 0.943
Accuracy of the network on the 10000 test images: 66 %
Warning: No valid output stream.
Epoch: 29 Loss: 0.936
Accuracy of the network on the 10000 test images: 66 %
Warning: No valid output stream.
Epoch: 30 Loss: 0.931
Accuracy of the network on the 10000 test images: 66 %
Warning: No valid output stream.
Epoch: 31 Loss: 0.923
Accuracy of the network on the 10000 test images: 66 %
Warning: No valid output stream.
Epoch: 32 Loss: 0.917
Accuracy of the network on the 10000 test images: 66 %
Warning: No valid output stream.
Epoch: 33 Loss: 0.909
Accuracy of the network on the 10000 test images: 66 %
Warning: No valid output stream.
Epoch: 34 Loss: 0.904
Accuracy of the network on the 10000 test images: 67 %
Warning: No valid output stream.
Epoch: 35 Loss: 0.898
Accuracy of the network on the 10000 test images: 67 %
Warning: No valid output stream.
Epoch: 36 Loss: 0.896
Accuracy of the network on the 10000 test images: 67 %
Warning: No valid output stream.
Epoch: 37 Loss: 0.879
Accuracy of the network on the 10000 test images: 67 %
Warning: No valid output stream.
Epoch: 38 Loss: 0.880
Accuracy of the network on the 10000 test images: 67 %
Warning: No valid output stream.
Epoch: 39 Loss: 0.879
Accuracy of the network on the 10000 test images: 67 %
Warning: No valid output stream.
Epoch: 40 Loss: 0.872
Accuracy of the network on the 10000 test images: 68 %
Warning: No valid output stream.
Epoch: 41 Loss: 0.869
Accuracy of the network on the 10000 test images: 68 %
Warning: No valid output stream.
Epoch: 42 Loss: 0.863
Accuracy of the network on the 10000 test images: 68 %
Warning: No valid output stream.
Epoch: 43 Loss: 0.856
Accuracy of the network on the 10000 test images: 68 %
Warning: No valid output stream.
Epoch: 44 Loss: 0.854
Accuracy of the network on the 10000 test images: 68 %
Warning: No valid output stream.
Epoch: 45 Loss: 0.845
Accuracy of the network on the 10000 test images: 68 %
Warning: No valid output stream.
Epoch: 46 Loss: 0.844
Accuracy of the network on the 10000 test images: 69 %
Warning: No valid output stream.
Epoch: 47 Loss: 0.843
Accuracy of the network on the 10000 test images: 69 %
Warning: No valid output stream.
Epoch: 48 Loss: 0.835
Accuracy of the network on the 10000 test images: 68 %
Warning: No valid output stream.
Epoch: 49 Loss: 0.826
Accuracy of the network on the 10000 test images: 69 %
Warning: No valid output stream.
Epoch: 50 Loss: 0.833
Accuracy of the network on the 10000 test images: 69 %
Warning: No valid output stream.
Epoch: 51 Loss: 0.821
Accuracy of the network on the 10000 test images: 69 %
Warning: No valid output stream.
Epoch: 52 Loss: 0.814
Accuracy of the network on the 10000 test images: 70 %
Warning: No valid output stream.
Epoch: 53 Loss: 0.813
Accuracy of the network on the 10000 test images: 69 %
Warning: No valid output stream.
Epoch: 54 Loss: 0.814
Accuracy of the network on the 10000 test images: 70 %
Warning: No valid output stream.
Epoch: 55 Loss: 0.804
Accuracy of the network on the 10000 test images: 70 %
Warning: No valid output stream.
Epoch: 56 Loss: 0.806
Accuracy of the network on the 10000 test images: 70 %
Warning: No valid output stream.
Epoch: 57 Loss: 0.798
Accuracy of the network on the 10000 test images: 70 %
Warning: No valid output stream.
Epoch: 58 Loss: 0.794
Accuracy of the network on the 10000 test images: 70 %
Warning: No valid output stream.
Epoch: 59 Loss: 0.794
Accuracy of the network on the 10000 test images: 70 %
Warning: No valid output stream.
Epoch: 60 Loss: 0.790
Accuracy of the network on the 10000 test images: 70 %
Warning: No valid output stream.
Epoch: 61 Loss: 0.790
Accuracy of the network on the 10000 test images: 70 %
Warning: No valid output stream.
Epoch: 62 Loss: 0.787
Accuracy of the network on the 10000 test images: 71 %
Warning: No valid output stream.
Epoch: 63 Loss: 0.786
Accuracy of the network on the 10000 test images: 70 %
Warning: No valid output stream.
Epoch: 64 Loss: 0.781
Accuracy of the network on the 10000 test images: 71 %
Warning: No valid output stream.
Epoch: 65 Loss: 0.777
Accuracy of the network on the 10000 test images: 71 %
Warning: No valid output stream.
Epoch: 66 Loss: 0.770
Accuracy of the network on the 10000 test images: 70 %
Warning: No valid output stream.
Epoch: 67 Loss: 0.777
Accuracy of the network on the 10000 test images: 70 %
Warning: No valid output stream.
Epoch: 68 Loss: 0.770
Accuracy of the network on the 10000 test images: 71 %
Warning: No valid output stream.
Epoch: 69 Loss: 0.770
Accuracy of the network on the 10000 test images: 71 %
Warning: No valid output stream.
Epoch: 70 Loss: 0.769
Accuracy of the network on the 10000 test images: 71 %
Warning: No valid output stream.
Epoch: 71 Loss: 0.763
Accuracy of the network on the 10000 test images: 71 %
Warning: No valid output stream.
Epoch: 72 Loss: 0.758
Accuracy of the network on the 10000 test images: 71 %
Warning: No valid output stream.
Epoch: 73 Loss: 0.753
Accuracy of the network on the 10000 test images: 71 %
Warning: No valid output stream.
Epoch: 74 Loss: 0.748
Accuracy of the network on the 10000 test images: 71 %
Warning: No valid output stream.
Epoch: 75 Loss: 0.752
Accuracy of the network on the 10000 test images: 71 %
Warning: No valid output stream.
Epoch: 76 Loss: 0.747
Accuracy of the network on the 10000 test images: 71 %
Warning: No valid output stream.
Epoch: 77 Loss: 0.750
Accuracy of the network on the 10000 test images: 72 %
Warning: No valid output stream.
Epoch: 78 Loss: 0.743
Accuracy of the network on the 10000 test images: 71 %
Warning: No valid output stream.
Epoch: 79 Loss: 0.745
Accuracy of the network on the 10000 test images: 71 %
Warning: No valid output stream.
Epoch: 80 Loss: 0.744
Accuracy of the network on the 10000 test images: 71 %
Warning: No valid output stream.
Epoch: 81 Loss: 0.739
Accuracy of the network on the 10000 test images: 72 %
Warning: No valid output stream.
Epoch: 82 Loss: 0.738
Accuracy of the network on the 10000 test images: 72 %
Warning: No valid output stream.
Epoch: 83 Loss: 0.735
Accuracy of the network on the 10000 test images: 72 %
Warning: No valid output stream.
Epoch: 84 Loss: 0.734
Accuracy of the network on the 10000 test images: 72 %
Warning: No valid output stream.
Epoch: 85 Loss: 0.730
Accuracy of the network on the 10000 test images: 72 %
Warning: No valid output stream.
Epoch: 86 Loss: 0.733
Accuracy of the network on the 10000 test images: 72 %
Warning: No valid output stream.
Epoch: 87 Loss: 0.722
Accuracy of the network on the 10000 test images: 72 %
Warning: No valid output stream.
Epoch: 88 Loss: 0.722
Accuracy of the network on the 10000 test images: 72 %
Warning: No valid output stream.
Epoch: 89 Loss: 0.729
Accuracy of the network on the 10000 test images: 72 %
Warning: No valid output stream.
Epoch: 90 Loss: 0.718
Accuracy of the network on the 10000 test images: 73 %
Warning: No valid output stream.
Epoch: 91 Loss: 0.722
Accuracy of the network on the 10000 test images: 72 %
Warning: No valid output stream.
Epoch: 92 Loss: 0.717
Accuracy of the network on the 10000 test images: 72 %
Warning: No valid output stream.
Epoch: 93 Loss: 0.717
Accuracy of the network on the 10000 test images: 73 %
Warning: No valid output stream.
Epoch: 94 Loss: 0.716
Accuracy of the network on the 10000 test images: 72 %
Warning: No valid output stream.
Epoch: 95 Loss: 0.710
Accuracy of the network on the 10000 test images: 72 %
Warning: No valid output stream.
Epoch: 96 Loss: 0.706
Accuracy of the network on the 10000 test images: 72 %
Warning: No valid output stream.
Epoch: 97 Loss: 0.708
Accuracy of the network on the 10000 test images: 72 %
Warning: No valid output stream.
Epoch: 98 Loss: 0.709
Accuracy of the network on the 10000 test images: 71 %
Warning: No valid output stream.
Epoch: 99 Loss: 0.704
Accuracy of the network on the 10000 test images: 72 %
Warning: No valid output stream.
Epoch: 100 Loss: 0.699
Accuracy of the network on the 10000 test images: 73 %
Warning: No valid output stream.
Epoch: 101 Loss: 0.702
Accuracy of the network on the 10000 test images: 72 %
Warning: No valid output stream.
Epoch: 102 Loss: 0.699
Accuracy of the network on the 10000 test images: 72 %
Warning: No valid output stream.
Epoch: 103 Loss: 0.696
Accuracy of the network on the 10000 test images: 73 %
Warning: No valid output stream.
Epoch: 104 Loss: 0.695
Accuracy of the network on the 10000 test images: 73 %
Warning: No valid output stream.
Epoch: 105 Loss: 0.697
Accuracy of the network on the 10000 test images: 73 %
Warning: No valid output stream.
Epoch: 106 Loss: 0.696
Accuracy of the network on the 10000 test images: 73 %
Warning: No valid output stream.
Epoch: 107 Loss: 0.692
Accuracy of the network on the 10000 test images: 73 %
Warning: No valid output stream.
Epoch: 108 Loss: 0.696
Accuracy of the network on the 10000 test images: 73 %
Warning: No valid output stream.
Epoch: 109 Loss: 0.688
Accuracy of the network on the 10000 test images: 73 %
Warning: No valid output stream.
Epoch: 110 Loss: 0.685
Accuracy of the network on the 10000 test images: 74 %
Warning: No valid output stream.
Epoch: 111 Loss: 0.686
Accuracy of the network on the 10000 test images: 73 %
Warning: No valid output stream.
Epoch: 112 Loss: 0.690
Accuracy of the network on the 10000 test images: 73 %
Warning: No valid output stream.
Epoch: 113 Loss: 0.679
Accuracy of the network on the 10000 test images: 72 %
Warning: No valid output stream.
Epoch: 114 Loss: 0.683
Accuracy of the network on the 10000 test images: 73 %
Warning: No valid output stream.
Epoch: 115 Loss: 0.679
Accuracy of the network on the 10000 test images: 73 %
Warning: No valid output stream.
Epoch: 116 Loss: 0.679
Accuracy of the network on the 10000 test images: 73 %
Warning: No valid output stream.
Epoch: 117 Loss: 0.682
Accuracy of the network on the 10000 test images: 73 %
Warning: No valid output stream.
Epoch: 118 Loss: 0.680
Accuracy of the network on the 10000 test images: 74 %
Warning: No valid output stream.
Epoch: 119 Loss: 0.678
Accuracy of the network on the 10000 test images: 73 %
Warning: No valid output stream.
Epoch: 120 Loss: 0.675
Accuracy of the network on the 10000 test images: 73 %
Warning: No valid output stream.
Epoch: 121 Loss: 0.672
Accuracy of the network on the 10000 test images: 73 %
Warning: No valid output stream.
Epoch: 122 Loss: 0.674
Accuracy of the network on the 10000 test images: 73 %
Warning: No valid output stream.
Epoch: 123 Loss: 0.671
Accuracy of the network on the 10000 test images: 73 %
Warning: No valid output stream.
Epoch: 124 Loss: 0.667
Accuracy of the network on the 10000 test images: 74 %
Warning: No valid output stream.
Epoch: 125 Loss: 0.667
Accuracy of the network on the 10000 test images: 74 %
Warning: No valid output stream.
Epoch: 126 Loss: 0.669
Accuracy of the network on the 10000 test images: 73 %
Warning: No valid output stream.
Epoch: 127 Loss: 0.668
Accuracy of the network on the 10000 test images: 74 %
Warning: No valid output stream.
Epoch: 128 Loss: 0.668
Accuracy of the network on the 10000 test images: 74 %
Warning: No valid output stream.
Epoch: 129 Loss: 0.666
Accuracy of the network on the 10000 test images: 73 %
Warning: No valid output stream.
Epoch: 130 Loss: 0.663
Accuracy of the network on the 10000 test images: 74 %
Warning: No valid output stream.
Epoch: 131 Loss: 0.658
Accuracy of the network on the 10000 test images: 74 %
Warning: No valid output stream.
Epoch: 132 Loss: 0.659
Accuracy of the network on the 10000 test images: 74 %
Warning: No valid output stream.
Epoch: 133 Loss: 0.666
Accuracy of the network on the 10000 test images: 73 %
Warning: No valid output stream.
Epoch: 134 Loss: 0.657
Accuracy of the network on the 10000 test images: 74 %
Warning: No valid output stream.
Epoch: 135 Loss: 0.659
Accuracy of the network on the 10000 test images: 74 %
Warning: No valid output stream.
Epoch: 136 Loss: 0.657
Accuracy of the network on the 10000 test images: 74 %
Warning: No valid output stream.
Epoch: 137 Loss: 0.656
Accuracy of the network on the 10000 test images: 74 %
Warning: No valid output stream.
Epoch: 138 Loss: 0.655
Accuracy of the network on the 10000 test images: 74 %
Warning: No valid output stream.
Epoch: 139 Loss: 0.655
Accuracy of the network on the 10000 test images: 74 %
Warning: No valid output stream.
Epoch: 140 Loss: 0.650
Accuracy of the network on the 10000 test images: 74 %
Warning: No valid output stream.
Epoch: 141 Loss: 0.650
Accuracy of the network on the 10000 test images: 74 %
Warning: No valid output stream.
Epoch: 142 Loss: 0.649
Accuracy of the network on the 10000 test images: 74 %
Warning: No valid output stream.
Epoch: 143 Loss: 0.649
Accuracy of the network on the 10000 test images: 75 %
Warning: No valid output stream.
Epoch: 144 Loss: 0.641
Accuracy of the network on the 10000 test images: 74 %
Warning: No valid output stream.
Epoch: 145 Loss: 0.647
Accuracy of the network on the 10000 test images: 74 %
Warning: No valid output stream.
Epoch: 146 Loss: 0.645
Accuracy of the network on the 10000 test images: 74 %
Warning: No valid output stream.
Epoch: 147 Loss: 0.645
Accuracy of the network on the 10000 test images: 74 %
Warning: No valid output stream.
Epoch: 148 Loss: 0.644
Accuracy of the network on the 10000 test images: 74 %
Warning: No valid output stream.
Epoch: 149 Loss: 0.641
Accuracy of the network on the 10000 test images: 74 %
Warning: No valid output stream.
Epoch: 150 Loss: 0.643
Accuracy of the network on the 10000 test images: 74 %
Warning: No valid output stream.
Epoch: 151 Loss: 0.639
Accuracy of the network on the 10000 test images: 74 %
Warning: No valid output stream.
Epoch: 152 Loss: 0.643
Accuracy of the network on the 10000 test images: 74 %
Warning: No valid output stream.
Epoch: 153 Loss: 0.635
Accuracy of the network on the 10000 test images: 74 %
Warning: No valid output stream.
Epoch: 154 Loss: 0.636
Accuracy of the network on the 10000 test images: 74 %
Warning: No valid output stream.
Epoch: 155 Loss: 0.637
Accuracy of the network on the 10000 test images: 74 %
Warning: No valid output stream.
Epoch: 156 Loss: 0.641
Accuracy of the network on the 10000 test images: 74 %
Warning: No valid output stream.
Epoch: 157 Loss: 0.633
Accuracy of the network on the 10000 test images: 75 %
Warning: No valid output stream.
Epoch: 158 Loss: 0.633
Accuracy of the network on the 10000 test images: 74 %
Warning: No valid output stream.
Epoch: 159 Loss: 0.626
Accuracy of the network on the 10000 test images: 75 %
Warning: No valid output stream.
Epoch: 160 Loss: 0.631
Accuracy of the network on the 10000 test images: 74 %
Warning: No valid output stream.
Epoch: 161 Loss: 0.633
Accuracy of the network on the 10000 test images: 74 %
Warning: No valid output stream.
Epoch: 162 Loss: 0.637
Accuracy of the network on the 10000 test images: 75 %
Warning: No valid output stream.
Epoch: 163 Loss: 0.629
Accuracy of the network on the 10000 test images: 75 %
Warning: No valid output stream.
Epoch: 164 Loss: 0.630
Accuracy of the network on the 10000 test images: 75 %
Warning: No valid output stream.
Epoch: 165 Loss: 0.627
Accuracy of the network on the 10000 test images: 75 %
Warning: No valid output stream.
Epoch: 166 Loss: 0.629
Accuracy of the network on the 10000 test images: 75 %
Warning: No valid output stream.
Epoch: 167 Loss: 0.627
Accuracy of the network on the 10000 test images: 75 %
Warning: No valid output stream.
Epoch: 168 Loss: 0.629
Accuracy of the network on the 10000 test images: 74 %
Warning: No valid output stream.
Epoch: 169 Loss: 0.625
Accuracy of the network on the 10000 test images: 75 %
Warning: No valid output stream.
Epoch: 170 Loss: 0.621
Accuracy of the network on the 10000 test images: 74 %
Warning: No valid output stream.
Epoch: 171 Loss: 0.622
Accuracy of the network on the 10000 test images: 75 %
Warning: No valid output stream.
Epoch: 172 Loss: 0.627
Accuracy of the network on the 10000 test images: 75 %
Warning: No valid output stream.
Epoch: 173 Loss: 0.618
Accuracy of the network on the 10000 test images: 74 %
Warning: No valid output stream.
Epoch: 174 Loss: 0.619
Accuracy of the network on the 10000 test images: 75 %
Warning: No valid output stream.
Epoch: 175 Loss: 0.620
Accuracy of the network on the 10000 test images: 75 %
Warning: No valid output stream.
Epoch: 176 Loss: 0.616
Accuracy of the network on the 10000 test images: 75 %
Warning: No valid output stream.
Epoch: 177 Loss: 0.615
Accuracy of the network on the 10000 test images: 75 %
Warning: No valid output stream.
Epoch: 178 Loss: 0.614
Accuracy of the network on the 10000 test images: 75 %
Warning: No valid output stream.
Epoch: 179 Loss: 0.616
Accuracy of the network on the 10000 test images: 75 %
Warning: No valid output stream.
Epoch: 180 Loss: 0.612
Accuracy of the network on the 10000 test images: 75 %
Warning: No valid output stream.
Epoch: 181 Loss: 0.615
Accuracy of the network on the 10000 test images: 75 %
Warning: No valid output stream.
Epoch: 182 Loss: 0.613
Accuracy of the network on the 10000 test images: 75 %
Warning: No valid output stream.
Epoch: 183 Loss: 0.612
Accuracy of the network on the 10000 test images: 75 %
Warning: No valid output stream.
Epoch: 184 Loss: 0.609
Accuracy of the network on the 10000 test images: 75 %
Warning: No valid output stream.
Epoch: 185 Loss: 0.615
Accuracy of the network on the 10000 test images: 75 %
Warning: No valid output stream.
Epoch: 186 Loss: 0.605
Accuracy of the network on the 10000 test images: 75 %
Warning: No valid output stream.
Epoch: 187 Loss: 0.612
Accuracy of the network on the 10000 test images: 75 %
Warning: No valid output stream.
Epoch: 188 Loss: 0.608
Accuracy of the network on the 10000 test images: 75 %
Warning: No valid output stream.
Epoch: 189 Loss: 0.607
Accuracy of the network on the 10000 test images: 75 %
Warning: No valid output stream.
Epoch: 190 Loss: 0.608
Accuracy of the network on the 10000 test images: 75 %
Warning: No valid output stream.
Epoch: 191 Loss: 0.610
Accuracy of the network on the 10000 test images: 75 %
Warning: No valid output stream.
Epoch: 192 Loss: 0.608
Accuracy of the network on the 10000 test images: 75 %
Warning: No valid output stream.
Epoch: 193 Loss: 0.605
Accuracy of the network on the 10000 test images: 75 %
Warning: No valid output stream.
Epoch: 194 Loss: 0.600
Accuracy of the network on the 10000 test images: 75 %
Warning: No valid output stream.
Epoch: 195 Loss: 0.604
Accuracy of the network on the 10000 test images: 75 %
Warning: No valid output stream.
Epoch: 196 Loss: 0.605
Accuracy of the network on the 10000 test images: 75 %
Warning: No valid output stream.
Epoch: 197 Loss: 0.597
Accuracy of the network on the 10000 test images: 75 %
Warning: No valid output stream.
Epoch: 198 Loss: 0.599
Accuracy of the network on the 10000 test images: 75 %
Warning: No valid output stream.
Epoch: 199 Loss: 0.599
Accuracy of the network on the 10000 test images: 75 %
Warning: No valid output stream.
Epoch: 200 Loss: 0.602
Accuracy of the network on the 10000 test images: 75 %
Warning: No valid output stream.
Epoch: 201 Loss: 0.605
Accuracy of the network on the 10000 test images: 75 %
Warning: No valid output stream.
Epoch: 202 Loss: 0.600
Accuracy of the network on the 10000 test images: 75 %
Warning: No valid output stream.
Epoch: 203 Loss: 0.599
Accuracy of the network on the 10000 test images: 75 %
Warning: No valid output stream.
Epoch: 204 Loss: 0.601
Accuracy of the network on the 10000 test images: 75 %
Warning: No valid output stream.
Epoch: 205 Loss: 0.600
Accuracy of the network on the 10000 test images: 76 %
Warning: No valid output stream.
Epoch: 206 Loss: 0.596
Accuracy of the network on the 10000 test images: 75 %
Warning: No valid output stream.
Epoch: 207 Loss: 0.595
Accuracy of the network on the 10000 test images: 75 %
Warning: No valid output stream.
Epoch: 208 Loss: 0.595
Accuracy of the network on the 10000 test images: 75 %
Warning: No valid output stream.
Epoch: 209 Loss: 0.593
Accuracy of the network on the 10000 test images: 75 %
Warning: No valid output stream.
Epoch: 210 Loss: 0.592
Accuracy of the network on the 10000 test images: 75 %
Warning: No valid output stream.
Epoch: 211 Loss: 0.593
Accuracy of the network on the 10000 test images: 76 %
Warning: No valid output stream.
Epoch: 212 Loss: 0.597
Accuracy of the network on the 10000 test images: 75 %
Warning: No valid output stream.
Epoch: 213 Loss: 0.596
Accuracy of the network on the 10000 test images: 76 %
Warning: No valid output stream.
Epoch: 214 Loss: 0.590
Accuracy of the network on the 10000 test images: 76 %
Warning: No valid output stream.
Epoch: 215 Loss: 0.590
Accuracy of the network on the 10000 test images: 75 %
Warning: No valid output stream.
Epoch: 216 Loss: 0.590
Accuracy of the network on the 10000 test images: 75 %
Warning: No valid output stream.
Epoch: 217 Loss: 0.590
Accuracy of the network on the 10000 test images: 75 %
Warning: No valid output stream.
Epoch: 218 Loss: 0.591
Accuracy of the network on the 10000 test images: 76 %
Warning: No valid output stream.
Epoch: 219 Loss: 0.588
Accuracy of the network on the 10000 test images: 75 %
Warning: No valid output stream.
Epoch: 220 Loss: 0.590
Accuracy of the network on the 10000 test images: 75 %
Warning: No valid output stream.
Epoch: 221 Loss: 0.584
Accuracy of the network on the 10000 test images: 75 %
Warning: No valid output stream.
Epoch: 222 Loss: 0.586
Accuracy of the network on the 10000 test images: 75 %
Warning: No valid output stream.
Epoch: 223 Loss: 0.583
Accuracy of the network on the 10000 test images: 75 %
Warning: No valid output stream.
Epoch: 224 Loss: 0.588
Accuracy of the network on the 10000 test images: 76 %
Warning: No valid output stream.
Epoch: 225 Loss: 0.583
Accuracy of the network on the 10000 test images: 75 %
Warning: No valid output stream.
Epoch: 226 Loss: 0.587
Accuracy of the network on the 10000 test images: 75 %
Warning: No valid output stream.
Epoch: 227 Loss: 0.585
Accuracy of the network on the 10000 test images: 75 %
Warning: No valid output stream.
Epoch: 228 Loss: 0.582
Accuracy of the network on the 10000 test images: 76 %
Warning: No valid output stream.
Epoch: 229 Loss: 0.577
Accuracy of the network on the 10000 test images: 76 %
Warning: No valid output stream.
Epoch: 230 Loss: 0.579
Accuracy of the network on the 10000 test images: 75 %
Warning: No valid output stream.
Epoch: 231 Loss: 0.579
Accuracy of the network on the 10000 test images: 76 %
Warning: No valid output stream.
Epoch: 232 Loss: 0.578
Accuracy of the network on the 10000 test images: 76 %
Warning: No valid output stream.
Epoch: 233 Loss: 0.585
Accuracy of the network on the 10000 test images: 75 %
Warning: No valid output stream.
Epoch: 234 Loss: 0.580
Accuracy of the network on the 10000 test images: 75 %
Warning: No valid output stream.
Epoch: 235 Loss: 0.578
Accuracy of the network on the 10000 test images: 76 %
Warning: No valid output stream.
Epoch: 236 Loss: 0.582
Accuracy of the network on the 10000 test images: 75 %
Warning: No valid output stream.
Epoch: 237 Loss: 0.579
Accuracy of the network on the 10000 test images: 76 %
Warning: No valid output stream.
Epoch: 238 Loss: 0.579
Accuracy of the network on the 10000 test images: 75 %
Warning: No valid output stream.
Epoch: 239 Loss: 0.578
Accuracy of the network on the 10000 test images: 76 %
Warning: No valid output stream.
Epoch: 240 Loss: 0.570
Accuracy of the network on the 10000 test images: 76 %
Warning: No valid output stream.
Epoch: 241 Loss: 0.581
Accuracy of the network on the 10000 test images: 76 %
Warning: No valid output stream.
Epoch: 242 Loss: 0.574
Accuracy of the network on the 10000 test images: 76 %
Warning: No valid output stream.
Epoch: 243 Loss: 0.577
Accuracy of the network on the 10000 test images: 76 %
Warning: No valid output stream.
Epoch: 244 Loss: 0.574
Accuracy of the network on the 10000 test images: 75 %
Warning: No valid output stream.
Epoch: 245 Loss: 0.574
Accuracy of the network on the 10000 test images: 75 %
Warning: No valid output stream.
Epoch: 246 Loss: 0.573
Accuracy of the network on the 10000 test images: 76 %
Warning: No valid output stream.
Epoch: 247 Loss: 0.573
Accuracy of the network on the 10000 test images: 76 %
Warning: No valid output stream.
Epoch: 248 Loss: 0.573
Accuracy of the network on the 10000 test images: 75 %
Warning: No valid output stream.
Epoch: 249 Loss: 0.570
Accuracy of the network on the 10000 test images: 75 %
Warning: No valid output stream.
Epoch: 250 Loss: 0.571
Accuracy of the network on the 10000 test images: 75 %
Warning: No valid output stream.
Epoch: 251 Loss: 0.571
Accuracy of the network on the 10000 test images: 75 %
Warning: No valid output stream.
Epoch: 252 Loss: 0.573
Accuracy of the network on the 10000 test images: 75 %
Warning: No valid output stream.
Epoch: 253 Loss: 0.564
Accuracy of the network on the 10000 test images: 76 %
Warning: No valid output stream.
Epoch: 254 Loss: 0.573
Accuracy of the network on the 10000 test images: 76 %
Warning: No valid output stream.
Epoch: 255 Loss: 0.566
Accuracy of the network on the 10000 test images: 76 %
Warning: No valid output stream.
Epoch: 256 Loss: 0.567
Accuracy of the network on the 10000 test images: 76 %
Warning: No valid output stream.
Epoch: 257 Loss: 0.566
Accuracy of the network on the 10000 test images: 76 %
Warning: No valid output stream.
Epoch: 258 Loss: 0.567
Accuracy of the network on the 10000 test images: 76 %
Warning: No valid output stream.
Epoch: 259 Loss: 0.568
Accuracy of the network on the 10000 test images: 76 %
Warning: No valid output stream.
Epoch: 260 Loss: 0.563
Accuracy of the network on the 10000 test images: 77 %
Warning: No valid output stream.
Epoch: 261 Loss: 0.567
Accuracy of the network on the 10000 test images: 76 %
Warning: No valid output stream.
Epoch: 262 Loss: 0.567
Accuracy of the network on the 10000 test images: 76 %
Warning: No valid output stream.
Epoch: 263 Loss: 0.569
Accuracy of the network on the 10000 test images: 76 %
Warning: No valid output stream.
Epoch: 264 Loss: 0.560
Accuracy of the network on the 10000 test images: 76 %
Warning: No valid output stream.
Epoch: 265 Loss: 0.559
Accuracy of the network on the 10000 test images: 76 %
Warning: No valid output stream.
Epoch: 266 Loss: 0.563
Accuracy of the network on the 10000 test images: 76 %
Warning: No valid output stream.
Epoch: 267 Loss: 0.560
Accuracy of the network on the 10000 test images: 77 %
Warning: No valid output stream.
Epoch: 268 Loss: 0.564
Accuracy of the network on the 10000 test images: 76 %
Warning: No valid output stream.
Epoch: 269 Loss: 0.565
Accuracy of the network on the 10000 test images: 76 %
Warning: No valid output stream.
Epoch: 270 Loss: 0.562
Accuracy of the network on the 10000 test images: 76 %
Warning: No valid output stream.
Epoch: 271 Loss: 0.561
Accuracy of the network on the 10000 test images: 76 %
Warning: No valid output stream.
Epoch: 272 Loss: 0.561
Accuracy of the network on the 10000 test images: 76 %
Warning: No valid output stream.
Epoch: 273 Loss: 0.559
Accuracy of the network on the 10000 test images: 76 %
Warning: No valid output stream.
Epoch: 274 Loss: 0.560
Accuracy of the network on the 10000 test images: 76 %
Warning: No valid output stream.
Epoch: 275 Loss: 0.560
Accuracy of the network on the 10000 test images: 76 %
Warning: No valid output stream.
Epoch: 276 Loss: 0.561
Accuracy of the network on the 10000 test images: 76 %
Warning: No valid output stream.
Epoch: 277 Loss: 0.562
Accuracy of the network on the 10000 test images: 76 %
Warning: No valid output stream.
Epoch: 278 Loss: 0.561
Accuracy of the network on the 10000 test images: 76 %
Warning: No valid output stream.
Epoch: 279 Loss: 0.560
Accuracy of the network on the 10000 test images: 76 %
Warning: No valid output stream.
Epoch: 280 Loss: 0.554
Accuracy of the network on the 10000 test images: 76 %
Warning: No valid output stream.
Epoch: 281 Loss: 0.561
Accuracy of the network on the 10000 test images: 76 %
Warning: No valid output stream.
Epoch: 282 Loss: 0.554
Accuracy of the network on the 10000 test images: 76 %
Warning: No valid output stream.
Epoch: 283 Loss: 0.558
Accuracy of the network on the 10000 test images: 76 %
Warning: No valid output stream.
Epoch: 284 Loss: 0.555
Accuracy of the network on the 10000 test images: 76 %
Warning: No valid output stream.
Epoch: 285 Loss: 0.556
Accuracy of the network on the 10000 test images: 76 %
Warning: No valid output stream.
Epoch: 286 Loss: 0.555
Accuracy of the network on the 10000 test images: 76 %
Warning: No valid output stream.
Epoch: 287 Loss: 0.555
Accuracy of the network on the 10000 test images: 76 %
Warning: No valid output stream.
Epoch: 288 Loss: 0.553
Accuracy of the network on the 10000 test images: 76 %
Warning: No valid output stream.
Epoch: 289 Loss: 0.552
Accuracy of the network on the 10000 test images: 76 %
Warning: No valid output stream.
Epoch: 290 Loss: 0.555
Accuracy of the network on the 10000 test images: 76 %
Warning: No valid output stream.
Epoch: 291 Loss: 0.549
Accuracy of the network on the 10000 test images: 76 %
Warning: No valid output stream.
Epoch: 292 Loss: 0.551
Accuracy of the network on the 10000 test images: 76 %
Warning: No valid output stream.
Epoch: 293 Loss: 0.556
Accuracy of the network on the 10000 test images: 75 %
Warning: No valid output stream.
Epoch: 294 Loss: 0.551
Accuracy of the network on the 10000 test images: 76 %
Warning: No valid output stream.
Epoch: 295 Loss: 0.552
Accuracy of the network on the 10000 test images: 77 %
Warning: No valid output stream.
Epoch: 296 Loss: 0.547
Accuracy of the network on the 10000 test images: 76 %
Warning: No valid output stream.
Epoch: 297 Loss: 0.552
Accuracy of the network on the 10000 test images: 77 %
Warning: No valid output stream.
Epoch: 298 Loss: 0.550
Accuracy of the network on the 10000 test images: 76 %
Warning: No valid output stream.
Epoch: 299 Loss: 0.552
Accuracy of the network on the 10000 test images: 77 %
Warning: No valid output stream.
Epoch: 300 Loss: 0.553
Accuracy of the network on the 10000 test images: 76 %
Finished Training
