Loading Datasets
Start Training
Warning: No valid output stream.
/home/shouki/Desktop/Programming/Python/AI/Research/InhibitoryNeuron/DogCatTrain/DistributionKReluGradientMuRandomIncreased/source/train_util.py:46: UserWarning: To copy construct from a tensor, it is recommended to use sourceTensor.clone().detach() or sourceTensor.clone().detach().requires_grad_(True), rather than torch.tensor(sourceTensor).
  inputs = torch.tensor(x_test[i * batch_size : (i + 1) * batch_size], device=device, dtype=torch.float32)
/home/shouki/Desktop/Programming/Python/AI/Research/InhibitoryNeuron/DogCatTrain/DistributionKReluGradientMuRandomIncreased/source/train_util.py:47: UserWarning: To copy construct from a tensor, it is recommended to use sourceTensor.clone().detach() or sourceTensor.clone().detach().requires_grad_(True), rather than torch.tensor(sourceTensor).
  labels = torch.tensor(y_test[i * batch_size : (i + 1) * batch_size], device=device, dtype=torch.long)
Epoch: 1 Loss: 0.967
Accuracy of the network on the 10000 test images: 61 %
Warning: No valid output stream.
/home/shouki/Desktop/Programming/Python/AI/Research/InhibitoryNeuron/DogCatTrain/DistributionKReluGradientMuRandomIncreased/source/train_util.py:40: UserWarning: To copy construct from a tensor, it is recommended to use sourceTensor.clone().detach() or sourceTensor.clone().detach().requires_grad_(True), rather than torch.tensor(sourceTensor).
  x_test = torch.tensor(x_test[:(y_test.shape[0] // batch_size * batch_size)], device=device, dtype=torch.float32)
/home/shouki/Desktop/Programming/Python/AI/Research/InhibitoryNeuron/DogCatTrain/DistributionKReluGradientMuRandomIncreased/source/train_util.py:41: UserWarning: To copy construct from a tensor, it is recommended to use sourceTensor.clone().detach() or sourceTensor.clone().detach().requires_grad_(True), rather than torch.tensor(sourceTensor).
  y_test = torch.tensor(y_test[:(y_test.shape[0] // batch_size * batch_size)], device=device, dtype=torch.float32)
Epoch: 2 Loss: 0.902
Accuracy of the network on the 10000 test images: 64 %
Warning: No valid output stream.
Epoch: 3 Loss: 0.800
Accuracy of the network on the 10000 test images: 64 %
Warning: No valid output stream.
Epoch: 4 Loss: 0.755
Accuracy of the network on the 10000 test images: 66 %
Warning: No valid output stream.
Epoch: 5 Loss: 0.753
Accuracy of the network on the 10000 test images: 68 %
Warning: No valid output stream.
Epoch: 6 Loss: 0.791
Accuracy of the network on the 10000 test images: 69 %
Warning: No valid output stream.
Epoch: 7 Loss: 0.684
Accuracy of the network on the 10000 test images: 70 %
Warning: No valid output stream.
Epoch: 8 Loss: 0.682
Accuracy of the network on the 10000 test images: 68 %
Warning: No valid output stream.
Epoch: 9 Loss: 0.584
Accuracy of the network on the 10000 test images: 71 %
Warning: No valid output stream.
Epoch: 10 Loss: 0.565
Accuracy of the network on the 10000 test images: 71 %
Warning: No valid output stream.
Epoch: 11 Loss: 0.547
Accuracy of the network on the 10000 test images: 72 %
Warning: No valid output stream.
Epoch: 12 Loss: 0.504
Accuracy of the network on the 10000 test images: 72 %
Warning: No valid output stream.
Epoch: 13 Loss: 0.495
Accuracy of the network on the 10000 test images: 72 %
Warning: No valid output stream.
Epoch: 14 Loss: 0.462
Accuracy of the network on the 10000 test images: 72 %
Warning: No valid output stream.
Epoch: 15 Loss: 0.431
Accuracy of the network on the 10000 test images: 72 %
Warning: No valid output stream.
Epoch: 16 Loss: 0.395
Accuracy of the network on the 10000 test images: 72 %
Warning: No valid output stream.
Epoch: 17 Loss: 0.409
Accuracy of the network on the 10000 test images: 71 %
Warning: No valid output stream.
Epoch: 18 Loss: 0.395
Accuracy of the network on the 10000 test images: 69 %
Warning: No valid output stream.
Epoch: 19 Loss: 0.355
Accuracy of the network on the 10000 test images: 68 %
Warning: No valid output stream.
Epoch: 20 Loss: 0.327
Accuracy of the network on the 10000 test images: 70 %
Warning: No valid output stream.
Epoch: 21 Loss: 0.293
Accuracy of the network on the 10000 test images: 75 %
Warning: No valid output stream.
Epoch: 22 Loss: 0.258
Accuracy of the network on the 10000 test images: 74 %
Warning: No valid output stream.
Epoch: 23 Loss: 0.224
Accuracy of the network on the 10000 test images: 74 %
Warning: No valid output stream.
Epoch: 24 Loss: 0.211
Accuracy of the network on the 10000 test images: 75 %
Warning: No valid output stream.
Epoch: 25 Loss: 0.186
Accuracy of the network on the 10000 test images: 75 %
Warning: No valid output stream.
Epoch: 26 Loss: 0.163
Accuracy of the network on the 10000 test images: 72 %
Warning: No valid output stream.
Epoch: 27 Loss: 0.161
Accuracy of the network on the 10000 test images: 74 %
Warning: No valid output stream.
Epoch: 28 Loss: 0.163
Accuracy of the network on the 10000 test images: 75 %
Warning: No valid output stream.
Epoch: 29 Loss: 0.152
Accuracy of the network on the 10000 test images: 77 %
Warning: No valid output stream.
Epoch: 30 Loss: 0.150
Accuracy of the network on the 10000 test images: 76 %
Warning: No valid output stream.
Epoch: 31 Loss: 0.177
Accuracy of the network on the 10000 test images: 74 %
Warning: No valid output stream.
Epoch: 32 Loss: 0.172
Accuracy of the network on the 10000 test images: 72 %
Warning: No valid output stream.
Epoch: 33 Loss: 0.135
Accuracy of the network on the 10000 test images: 72 %
Warning: No valid output stream.
Epoch: 34 Loss: 0.109
Accuracy of the network on the 10000 test images: 74 %
Warning: No valid output stream.
Epoch: 35 Loss: 0.093
Accuracy of the network on the 10000 test images: 74 %
Warning: No valid output stream.
Epoch: 36 Loss: 0.078
Accuracy of the network on the 10000 test images: 75 %
Warning: No valid output stream.
Epoch: 37 Loss: 0.077
Accuracy of the network on the 10000 test images: 74 %
Warning: No valid output stream.
Epoch: 38 Loss: 0.070
Accuracy of the network on the 10000 test images: 74 %
Warning: No valid output stream.
Epoch: 39 Loss: 0.054
Accuracy of the network on the 10000 test images: 76 %
Warning: No valid output stream.
Epoch: 40 Loss: 0.046
Accuracy of the network on the 10000 test images: 74 %
Warning: No valid output stream.
Epoch: 41 Loss: 0.053
Accuracy of the network on the 10000 test images: 77 %
Warning: No valid output stream.
Epoch: 42 Loss: 0.051
Accuracy of the network on the 10000 test images: 75 %
Warning: No valid output stream.
Epoch: 43 Loss: 0.049
Accuracy of the network on the 10000 test images: 73 %
Warning: No valid output stream.
Epoch: 44 Loss: 0.056
Accuracy of the network on the 10000 test images: 74 %
Warning: No valid output stream.
Epoch: 45 Loss: 0.054
Accuracy of the network on the 10000 test images: 74 %
Warning: No valid output stream.
Epoch: 46 Loss: 0.048
Accuracy of the network on the 10000 test images: 71 %
Warning: No valid output stream.
Epoch: 47 Loss: 0.060
Accuracy of the network on the 10000 test images: 73 %
Warning: No valid output stream.
Epoch: 48 Loss: 0.049
Accuracy of the network on the 10000 test images: 74 %
Warning: No valid output stream.
Epoch: 49 Loss: 0.048
Accuracy of the network on the 10000 test images: 76 %
Warning: No valid output stream.
Epoch: 50 Loss: 0.064
Accuracy of the network on the 10000 test images: 70 %
Warning: No valid output stream.
Epoch: 51 Loss: 0.051
Accuracy of the network on the 10000 test images: 73 %
Warning: No valid output stream.
Epoch: 52 Loss: 0.041
Accuracy of the network on the 10000 test images: 73 %
Warning: No valid output stream.
Epoch: 53 Loss: 0.041
Accuracy of the network on the 10000 test images: 74 %
Warning: No valid output stream.
Epoch: 54 Loss: 0.046
Accuracy of the network on the 10000 test images: 73 %
Warning: No valid output stream.
Epoch: 55 Loss: 0.038
Accuracy of the network on the 10000 test images: 75 %
Warning: No valid output stream.
Epoch: 56 Loss: 0.031
Accuracy of the network on the 10000 test images: 77 %
Warning: No valid output stream.
Epoch: 57 Loss: 0.044
Accuracy of the network on the 10000 test images: 77 %
Warning: No valid output stream.
Epoch: 58 Loss: 0.036
Accuracy of the network on the 10000 test images: 77 %
Warning: No valid output stream.
Epoch: 59 Loss: 0.031
Accuracy of the network on the 10000 test images: 74 %
Warning: No valid output stream.
Epoch: 60 Loss: 0.031
Accuracy of the network on the 10000 test images: 77 %
Warning: No valid output stream.
Epoch: 61 Loss: 0.024
Accuracy of the network on the 10000 test images: 77 %
Warning: No valid output stream.
Epoch: 62 Loss: 0.031
Accuracy of the network on the 10000 test images: 76 %
Warning: No valid output stream.
Epoch: 63 Loss: 0.027
Accuracy of the network on the 10000 test images: 76 %
Warning: No valid output stream.
Epoch: 64 Loss: 0.028
Accuracy of the network on the 10000 test images: 76 %
Warning: No valid output stream.
Epoch: 65 Loss: 0.027
Accuracy of the network on the 10000 test images: 77 %
Warning: No valid output stream.
Epoch: 66 Loss: 0.018
Accuracy of the network on the 10000 test images: 77 %
Warning: No valid output stream.
Epoch: 67 Loss: 0.022
Accuracy of the network on the 10000 test images: 76 %
Warning: No valid output stream.
Epoch: 68 Loss: 0.027
Accuracy of the network on the 10000 test images: 77 %
Warning: No valid output stream.
Epoch: 69 Loss: 0.026
Accuracy of the network on the 10000 test images: 76 %
Warning: No valid output stream.
Epoch: 70 Loss: 0.022
Accuracy of the network on the 10000 test images: 77 %
Warning: No valid output stream.
Epoch: 71 Loss: 0.025
Accuracy of the network on the 10000 test images: 76 %
Warning: No valid output stream.
Epoch: 72 Loss: 0.019
Accuracy of the network on the 10000 test images: 77 %
Warning: No valid output stream.
Epoch: 73 Loss: 0.014
Accuracy of the network on the 10000 test images: 77 %
Warning: No valid output stream.
Epoch: 74 Loss: 0.029
Accuracy of the network on the 10000 test images: 75 %
Warning: No valid output stream.
Epoch: 75 Loss: 0.027
Accuracy of the network on the 10000 test images: 76 %
Warning: No valid output stream.
Epoch: 76 Loss: 0.022
Accuracy of the network on the 10000 test images: 77 %
Warning: No valid output stream.
Epoch: 77 Loss: 0.020
Accuracy of the network on the 10000 test images: 77 %
Warning: No valid output stream.
Epoch: 78 Loss: 0.017
Accuracy of the network on the 10000 test images: 76 %
Warning: No valid output stream.
Epoch: 79 Loss: 0.014
Accuracy of the network on the 10000 test images: 76 %
Warning: No valid output stream.
Epoch: 80 Loss: 0.018
Accuracy of the network on the 10000 test images: 76 %
Warning: No valid output stream.
Epoch: 81 Loss: 0.016
Accuracy of the network on the 10000 test images: 74 %
Warning: No valid output stream.
Epoch: 82 Loss: 0.013
Accuracy of the network on the 10000 test images: 77 %
Warning: No valid output stream.
Epoch: 83 Loss: 0.015
Accuracy of the network on the 10000 test images: 74 %
Warning: No valid output stream.
Epoch: 84 Loss: 0.019
Accuracy of the network on the 10000 test images: 76 %
Warning: No valid output stream.
Epoch: 85 Loss: 0.011
Accuracy of the network on the 10000 test images: 76 %
Warning: No valid output stream.
Epoch: 86 Loss: 0.018
Accuracy of the network on the 10000 test images: 75 %
Warning: No valid output stream.
Epoch: 87 Loss: 0.020
Accuracy of the network on the 10000 test images: 75 %
Warning: No valid output stream.
Epoch: 88 Loss: 0.015
Accuracy of the network on the 10000 test images: 76 %
Warning: No valid output stream.
Epoch: 89 Loss: 0.014
Accuracy of the network on the 10000 test images: 78 %
Warning: No valid output stream.
Epoch: 90 Loss: 0.026
Accuracy of the network on the 10000 test images: 77 %
Warning: No valid output stream.
Epoch: 91 Loss: 0.019
Accuracy of the network on the 10000 test images: 76 %
Warning: No valid output stream.
Epoch: 92 Loss: 0.014
Accuracy of the network on the 10000 test images: 77 %
Warning: No valid output stream.
Epoch: 93 Loss: 0.020
Accuracy of the network on the 10000 test images: 75 %
Warning: No valid output stream.
Epoch: 94 Loss: 0.008
Accuracy of the network on the 10000 test images: 76 %
Warning: No valid output stream.
Epoch: 95 Loss: 0.015
Accuracy of the network on the 10000 test images: 77 %
Warning: No valid output stream.
Epoch: 96 Loss: 0.008
Accuracy of the network on the 10000 test images: 77 %
Warning: No valid output stream.
Epoch: 97 Loss: 0.015
Accuracy of the network on the 10000 test images: 77 %
Warning: No valid output stream.
Epoch: 98 Loss: 0.014
Accuracy of the network on the 10000 test images: 76 %
Warning: No valid output stream.
Epoch: 99 Loss: 0.011
Accuracy of the network on the 10000 test images: 75 %
Warning: No valid output stream.
Epoch: 100 Loss: 0.015
Accuracy of the network on the 10000 test images: 75 %
Warning: No valid output stream.
Epoch: 101 Loss: 0.015
Accuracy of the network on the 10000 test images: 77 %
Warning: No valid output stream.
Epoch: 102 Loss: 0.014
Accuracy of the network on the 10000 test images: 78 %
Warning: No valid output stream.
Epoch: 103 Loss: 0.014
Accuracy of the network on the 10000 test images: 76 %
Warning: No valid output stream.
Epoch: 104 Loss: 0.015
Accuracy of the network on the 10000 test images: 76 %
Warning: No valid output stream.
Epoch: 105 Loss: 0.019
Accuracy of the network on the 10000 test images: 78 %
Warning: No valid output stream.
Epoch: 106 Loss: 0.012
Accuracy of the network on the 10000 test images: 77 %
Warning: No valid output stream.
Epoch: 107 Loss: 0.009
Accuracy of the network on the 10000 test images: 77 %
Warning: No valid output stream.
Epoch: 108 Loss: 0.009
Accuracy of the network on the 10000 test images: 77 %
Warning: No valid output stream.
Epoch: 109 Loss: 0.010
Accuracy of the network on the 10000 test images: 75 %
Warning: No valid output stream.
Epoch: 110 Loss: 0.015
Accuracy of the network on the 10000 test images: 77 %
Warning: No valid output stream.
Epoch: 111 Loss: 0.014
Accuracy of the network on the 10000 test images: 76 %
Warning: No valid output stream.
Epoch: 112 Loss: 0.016
Accuracy of the network on the 10000 test images: 77 %
Warning: No valid output stream.
Epoch: 113 Loss: 0.009
Accuracy of the network on the 10000 test images: 77 %
Warning: No valid output stream.
Epoch: 114 Loss: 0.007
Accuracy of the network on the 10000 test images: 77 %
Warning: No valid output stream.
Epoch: 115 Loss: 0.013
Accuracy of the network on the 10000 test images: 77 %
Warning: No valid output stream.
Epoch: 116 Loss: 0.016
Accuracy of the network on the 10000 test images: 76 %
Warning: No valid output stream.
Epoch: 117 Loss: 0.015
Accuracy of the network on the 10000 test images: 77 %
Warning: No valid output stream.
Epoch: 118 Loss: 0.015
Accuracy of the network on the 10000 test images: 77 %
Warning: No valid output stream.
Epoch: 119 Loss: 0.009
Accuracy of the network on the 10000 test images: 77 %
Warning: No valid output stream.
Epoch: 120 Loss: 0.003
Accuracy of the network on the 10000 test images: 77 %
Warning: No valid output stream.
Epoch: 121 Loss: 0.006
Accuracy of the network on the 10000 test images: 77 %
Warning: No valid output stream.
Epoch: 122 Loss: 0.011
Accuracy of the network on the 10000 test images: 76 %
Warning: No valid output stream.
Epoch: 123 Loss: 0.009
Accuracy of the network on the 10000 test images: 76 %
Warning: No valid output stream.
Epoch: 124 Loss: 0.011
Accuracy of the network on the 10000 test images: 76 %
Warning: No valid output stream.
Epoch: 125 Loss: 0.007
Accuracy of the network on the 10000 test images: 75 %
Warning: No valid output stream.
Epoch: 126 Loss: 0.007
Accuracy of the network on the 10000 test images: 76 %
Warning: No valid output stream.
Epoch: 127 Loss: 0.008
Accuracy of the network on the 10000 test images: 77 %
Warning: No valid output stream.
Epoch: 128 Loss: 0.017
Accuracy of the network on the 10000 test images: 77 %
Warning: No valid output stream.
Epoch: 129 Loss: 0.008
Accuracy of the network on the 10000 test images: 77 %
Warning: No valid output stream.
Epoch: 130 Loss: 0.009
Accuracy of the network on the 10000 test images: 78 %
Warning: No valid output stream.
Epoch: 131 Loss: 0.014
Accuracy of the network on the 10000 test images: 77 %
Warning: No valid output stream.
Epoch: 132 Loss: 0.011
Accuracy of the network on the 10000 test images: 77 %
Warning: No valid output stream.
Epoch: 133 Loss: 0.009
Accuracy of the network on the 10000 test images: 77 %
Warning: No valid output stream.
Epoch: 134 Loss: 0.005
Accuracy of the network on the 10000 test images: 78 %
Warning: No valid output stream.
Epoch: 135 Loss: 0.011
Accuracy of the network on the 10000 test images: 78 %
Warning: No valid output stream.
Epoch: 136 Loss: 0.007
Accuracy of the network on the 10000 test images: 77 %
Warning: No valid output stream.
Epoch: 137 Loss: 0.007
Accuracy of the network on the 10000 test images: 78 %
Warning: No valid output stream.
Epoch: 138 Loss: 0.004
Accuracy of the network on the 10000 test images: 77 %
Warning: No valid output stream.
Epoch: 139 Loss: 0.014
Accuracy of the network on the 10000 test images: 77 %
Warning: No valid output stream.
Epoch: 140 Loss: 0.011
Accuracy of the network on the 10000 test images: 77 %
Warning: No valid output stream.
Epoch: 141 Loss: 0.009
Accuracy of the network on the 10000 test images: 78 %
Warning: No valid output stream.
Epoch: 142 Loss: 0.010
Accuracy of the network on the 10000 test images: 77 %
Warning: No valid output stream.
Epoch: 143 Loss: 0.009
Accuracy of the network on the 10000 test images: 77 %
Warning: No valid output stream.
Epoch: 144 Loss: 0.015
Accuracy of the network on the 10000 test images: 76 %
Warning: No valid output stream.
Epoch: 145 Loss: 0.007
Accuracy of the network on the 10000 test images: 77 %
Warning: No valid output stream.
Epoch: 146 Loss: 0.004
Accuracy of the network on the 10000 test images: 78 %
Warning: No valid output stream.
Epoch: 147 Loss: 0.002
Accuracy of the network on the 10000 test images: 77 %
Warning: No valid output stream.
Epoch: 148 Loss: 0.005
Accuracy of the network on the 10000 test images: 77 %
Warning: No valid output stream.
Epoch: 149 Loss: 0.008
Accuracy of the network on the 10000 test images: 78 %
Warning: No valid output stream.
Epoch: 150 Loss: 0.006
Accuracy of the network on the 10000 test images: 77 %
Warning: No valid output stream.
Epoch: 151 Loss: 0.006
Accuracy of the network on the 10000 test images: 77 %
Warning: No valid output stream.
Epoch: 152 Loss: 0.003
Accuracy of the network on the 10000 test images: 77 %
Warning: No valid output stream.
Epoch: 153 Loss: 0.010
Accuracy of the network on the 10000 test images: 75 %
Warning: No valid output stream.
Epoch: 154 Loss: 0.013
Accuracy of the network on the 10000 test images: 76 %
Warning: No valid output stream.
Epoch: 155 Loss: 0.004
Accuracy of the network on the 10000 test images: 77 %
Warning: No valid output stream.
Epoch: 156 Loss: 0.010
Accuracy of the network on the 10000 test images: 76 %
Warning: No valid output stream.
Epoch: 157 Loss: 0.008
Accuracy of the network on the 10000 test images: 77 %
Warning: No valid output stream.
Epoch: 158 Loss: 0.010
Accuracy of the network on the 10000 test images: 76 %
Warning: No valid output stream.
Epoch: 159 Loss: 0.006
Accuracy of the network on the 10000 test images: 77 %
Warning: No valid output stream.
Epoch: 160 Loss: 0.006
Accuracy of the network on the 10000 test images: 77 %
Warning: No valid output stream.
Epoch: 161 Loss: 0.011
Accuracy of the network on the 10000 test images: 77 %
Warning: No valid output stream.
Epoch: 162 Loss: 0.004
Accuracy of the network on the 10000 test images: 77 %
Warning: No valid output stream.
Epoch: 163 Loss: 0.009
Accuracy of the network on the 10000 test images: 76 %
Warning: No valid output stream.
Epoch: 164 Loss: 0.006
Accuracy of the network on the 10000 test images: 76 %
Warning: No valid output stream.
Epoch: 165 Loss: 0.013
Accuracy of the network on the 10000 test images: 78 %
Warning: No valid output stream.
Epoch: 166 Loss: 0.009
Accuracy of the network on the 10000 test images: 76 %
Warning: No valid output stream.
Epoch: 167 Loss: 0.010
Accuracy of the network on the 10000 test images: 77 %
Warning: No valid output stream.
Epoch: 168 Loss: 0.006
Accuracy of the network on the 10000 test images: 76 %
Warning: No valid output stream.
Epoch: 169 Loss: 0.004
Accuracy of the network on the 10000 test images: 76 %
Warning: No valid output stream.
Epoch: 170 Loss: 0.005
Accuracy of the network on the 10000 test images: 77 %
Warning: No valid output stream.
Epoch: 171 Loss: 0.009
Accuracy of the network on the 10000 test images: 77 %
Warning: No valid output stream.
Epoch: 172 Loss: 0.007
Accuracy of the network on the 10000 test images: 76 %
Warning: No valid output stream.
Epoch: 173 Loss: 0.005
Accuracy of the network on the 10000 test images: 78 %
Warning: No valid output stream.
Epoch: 174 Loss: 0.008
Accuracy of the network on the 10000 test images: 77 %
Warning: No valid output stream.
Epoch: 175 Loss: 0.008
Accuracy of the network on the 10000 test images: 76 %
Warning: No valid output stream.
Epoch: 176 Loss: 0.006
Accuracy of the network on the 10000 test images: 77 %
Warning: No valid output stream.
Epoch: 177 Loss: 0.007
Accuracy of the network on the 10000 test images: 77 %
Warning: No valid output stream.
Epoch: 178 Loss: 0.005
Accuracy of the network on the 10000 test images: 76 %
Warning: No valid output stream.
Epoch: 179 Loss: 0.017
Accuracy of the network on the 10000 test images: 77 %
Warning: No valid output stream.
Epoch: 180 Loss: 0.007
Accuracy of the network on the 10000 test images: 77 %
Warning: No valid output stream.
Epoch: 181 Loss: 0.003
Accuracy of the network on the 10000 test images: 77 %
Warning: No valid output stream.
Epoch: 182 Loss: 0.005
Accuracy of the network on the 10000 test images: 78 %
Warning: No valid output stream.
Epoch: 183 Loss: 0.007
Accuracy of the network on the 10000 test images: 77 %
Warning: No valid output stream.
Epoch: 184 Loss: 0.009
Accuracy of the network on the 10000 test images: 77 %
Warning: No valid output stream.
Epoch: 185 Loss: 0.002
Accuracy of the network on the 10000 test images: 75 %
Warning: No valid output stream.
Epoch: 186 Loss: 0.003
Accuracy of the network on the 10000 test images: 76 %
Warning: No valid output stream.
Epoch: 187 Loss: 0.004
Accuracy of the network on the 10000 test images: 76 %
Warning: No valid output stream.
Epoch: 188 Loss: 0.006
Accuracy of the network on the 10000 test images: 77 %
Warning: No valid output stream.
Epoch: 189 Loss: 0.006
Accuracy of the network on the 10000 test images: 76 %
Warning: No valid output stream.
Epoch: 190 Loss: 0.003
Accuracy of the network on the 10000 test images: 78 %
Warning: No valid output stream.
Epoch: 191 Loss: 0.012
Accuracy of the network on the 10000 test images: 77 %
Warning: No valid output stream.
Epoch: 192 Loss: 0.006
Accuracy of the network on the 10000 test images: 77 %
Warning: No valid output stream.
Epoch: 193 Loss: 0.005
Accuracy of the network on the 10000 test images: 76 %
Warning: No valid output stream.
Epoch: 194 Loss: 0.006
Accuracy of the network on the 10000 test images: 76 %
Warning: No valid output stream.
Epoch: 195 Loss: 0.003
Accuracy of the network on the 10000 test images: 77 %
Warning: No valid output stream.
Epoch: 196 Loss: 0.002
Accuracy of the network on the 10000 test images: 77 %
Warning: No valid output stream.
Epoch: 197 Loss: 0.003
Accuracy of the network on the 10000 test images: 77 %
Warning: No valid output stream.
Epoch: 198 Loss: 0.008
Accuracy of the network on the 10000 test images: 76 %
Warning: No valid output stream.
Epoch: 199 Loss: 0.007
Accuracy of the network on the 10000 test images: 76 %
Warning: No valid output stream.
Epoch: 200 Loss: 0.006
Accuracy of the network on the 10000 test images: 76 %
Warning: No valid output stream.
Epoch: 201 Loss: 0.010
Accuracy of the network on the 10000 test images: 77 %
Warning: No valid output stream.
Epoch: 202 Loss: 0.008
Accuracy of the network on the 10000 test images: 76 %
Warning: No valid output stream.
Epoch: 203 Loss: 0.009
Accuracy of the network on the 10000 test images: 77 %
Warning: No valid output stream.
Epoch: 204 Loss: 0.008
Accuracy of the network on the 10000 test images: 76 %
Warning: No valid output stream.
Epoch: 205 Loss: 0.006
Accuracy of the network on the 10000 test images: 75 %
Warning: No valid output stream.
Epoch: 206 Loss: 0.003
Accuracy of the network on the 10000 test images: 76 %
Warning: No valid output stream.
Epoch: 207 Loss: 0.005
Accuracy of the network on the 10000 test images: 76 %
Warning: No valid output stream.
Epoch: 208 Loss: 0.007
Accuracy of the network on the 10000 test images: 76 %
Warning: No valid output stream.
Epoch: 209 Loss: 0.004
Accuracy of the network on the 10000 test images: 77 %
Warning: No valid output stream.
Epoch: 210 Loss: 0.011
Accuracy of the network on the 10000 test images: 76 %
Warning: No valid output stream.
Epoch: 211 Loss: 0.004
Accuracy of the network on the 10000 test images: 78 %
Warning: No valid output stream.
Epoch: 212 Loss: 0.002
Accuracy of the network on the 10000 test images: 75 %
Warning: No valid output stream.
Epoch: 213 Loss: 0.007
Accuracy of the network on the 10000 test images: 76 %
Warning: No valid output stream.
Epoch: 214 Loss: 0.008
Accuracy of the network on the 10000 test images: 76 %
Warning: No valid output stream.
Epoch: 215 Loss: 0.006
Accuracy of the network on the 10000 test images: 76 %
Warning: No valid output stream.
Epoch: 216 Loss: 0.006
Accuracy of the network on the 10000 test images: 76 %
Warning: No valid output stream.
Epoch: 217 Loss: 0.003
Accuracy of the network on the 10000 test images: 77 %
Warning: No valid output stream.
Epoch: 218 Loss: 0.005
Accuracy of the network on the 10000 test images: 76 %
Warning: No valid output stream.
Epoch: 219 Loss: 0.005
Accuracy of the network on the 10000 test images: 76 %
Warning: No valid output stream.
Epoch: 220 Loss: 0.003
Accuracy of the network on the 10000 test images: 75 %
Warning: No valid output stream.
Epoch: 221 Loss: 0.008
Accuracy of the network on the 10000 test images: 77 %
Warning: No valid output stream.
Epoch: 222 Loss: 0.006
Accuracy of the network on the 10000 test images: 76 %
Warning: No valid output stream.
Epoch: 223 Loss: 0.002
Accuracy of the network on the 10000 test images: 77 %
Warning: No valid output stream.
Epoch: 224 Loss: 0.003
Accuracy of the network on the 10000 test images: 76 %
Warning: No valid output stream.
Epoch: 225 Loss: 0.005
Accuracy of the network on the 10000 test images: 77 %
Warning: No valid output stream.
Epoch: 226 Loss: 0.005
Accuracy of the network on the 10000 test images: 77 %
Warning: No valid output stream.
Epoch: 227 Loss: 0.017
Accuracy of the network on the 10000 test images: 76 %
Warning: No valid output stream.
Epoch: 228 Loss: 0.002
Accuracy of the network on the 10000 test images: 77 %
Warning: No valid output stream.
Epoch: 229 Loss: 0.002
Accuracy of the network on the 10000 test images: 76 %
Warning: No valid output stream.
Epoch: 230 Loss: 0.001
Accuracy of the network on the 10000 test images: 77 %
Warning: No valid output stream.
Epoch: 231 Loss: 0.004
Accuracy of the network on the 10000 test images: 76 %
Warning: No valid output stream.
Epoch: 232 Loss: 0.003
Accuracy of the network on the 10000 test images: 77 %
Warning: No valid output stream.
Epoch: 233 Loss: 0.014
Accuracy of the network on the 10000 test images: 75 %
Warning: No valid output stream.
Epoch: 234 Loss: 0.004
Accuracy of the network on the 10000 test images: 76 %
Warning: No valid output stream.
Epoch: 235 Loss: 0.003
Accuracy of the network on the 10000 test images: 77 %
Warning: No valid output stream.
Epoch: 236 Loss: 0.006
Accuracy of the network on the 10000 test images: 76 %
Warning: No valid output stream.
Epoch: 237 Loss: 0.004
Accuracy of the network on the 10000 test images: 77 %
Warning: No valid output stream.
Epoch: 238 Loss: 0.006
Accuracy of the network on the 10000 test images: 76 %
Warning: No valid output stream.
Epoch: 239 Loss: 0.003
Accuracy of the network on the 10000 test images: 78 %
Warning: No valid output stream.
Epoch: 240 Loss: 0.004
Accuracy of the network on the 10000 test images: 77 %
Warning: No valid output stream.
Epoch: 241 Loss: 0.001
Accuracy of the network on the 10000 test images: 77 %
Warning: No valid output stream.
Epoch: 242 Loss: 0.008
Accuracy of the network on the 10000 test images: 77 %
Warning: No valid output stream.
Epoch: 243 Loss: 0.007
Accuracy of the network on the 10000 test images: 76 %
Warning: No valid output stream.
Epoch: 244 Loss: 0.009
Accuracy of the network on the 10000 test images: 77 %
Warning: No valid output stream.
Epoch: 245 Loss: 0.001
Accuracy of the network on the 10000 test images: 76 %
Warning: No valid output stream.
Epoch: 246 Loss: 0.010
Accuracy of the network on the 10000 test images: 77 %
Warning: No valid output stream.
Epoch: 247 Loss: 0.003
Accuracy of the network on the 10000 test images: 77 %
Warning: No valid output stream.
Epoch: 248 Loss: 0.001
Accuracy of the network on the 10000 test images: 76 %
Warning: No valid output stream.
Epoch: 249 Loss: 0.004
Accuracy of the network on the 10000 test images: 77 %
Warning: No valid output stream.
Epoch: 250 Loss: 0.005
Accuracy of the network on the 10000 test images: 77 %
Warning: No valid output stream.
Epoch: 251 Loss: 0.005
Accuracy of the network on the 10000 test images: 77 %
Warning: No valid output stream.
Epoch: 252 Loss: 0.009
Accuracy of the network on the 10000 test images: 76 %
Warning: No valid output stream.
Epoch: 253 Loss: 0.001
Accuracy of the network on the 10000 test images: 76 %
Warning: No valid output stream.
Epoch: 254 Loss: 0.005
Accuracy of the network on the 10000 test images: 77 %
Warning: No valid output stream.
Epoch: 255 Loss: 0.008
Accuracy of the network on the 10000 test images: 76 %
Warning: No valid output stream.
Epoch: 256 Loss: 0.006
Accuracy of the network on the 10000 test images: 77 %
Warning: No valid output stream.
Epoch: 257 Loss: 0.003
Accuracy of the network on the 10000 test images: 76 %
Warning: No valid output stream.
Epoch: 258 Loss: 0.005
Accuracy of the network on the 10000 test images: 77 %
Warning: No valid output stream.
Epoch: 259 Loss: 0.004
Accuracy of the network on the 10000 test images: 76 %
Warning: No valid output stream.
Epoch: 260 Loss: 0.005
Accuracy of the network on the 10000 test images: 75 %
Warning: No valid output stream.
Epoch: 261 Loss: 0.003
Accuracy of the network on the 10000 test images: 77 %
Warning: No valid output stream.
Epoch: 262 Loss: 0.003
Accuracy of the network on the 10000 test images: 75 %
Warning: No valid output stream.
Epoch: 263 Loss: 0.008
Accuracy of the network on the 10000 test images: 77 %
Warning: No valid output stream.
Epoch: 264 Loss: 0.004
Accuracy of the network on the 10000 test images: 77 %
Warning: No valid output stream.
Epoch: 265 Loss: 0.003
Accuracy of the network on the 10000 test images: 77 %
Warning: No valid output stream.
Epoch: 266 Loss: 0.002
Accuracy of the network on the 10000 test images: 76 %
Warning: No valid output stream.
Epoch: 267 Loss: 0.007
Accuracy of the network on the 10000 test images: 75 %
Warning: No valid output stream.
Epoch: 268 Loss: 0.007
Accuracy of the network on the 10000 test images: 77 %
Warning: No valid output stream.
Epoch: 269 Loss: 0.003
Accuracy of the network on the 10000 test images: 77 %
Warning: No valid output stream.
Epoch: 270 Loss: 0.005
Accuracy of the network on the 10000 test images: 77 %
Warning: No valid output stream.
Epoch: 271 Loss: 0.003
Accuracy of the network on the 10000 test images: 78 %
Warning: No valid output stream.
Epoch: 272 Loss: 0.004
Accuracy of the network on the 10000 test images: 77 %
Warning: No valid output stream.
Epoch: 273 Loss: 0.002
Accuracy of the network on the 10000 test images: 77 %
Warning: No valid output stream.
Epoch: 274 Loss: 0.003
Accuracy of the network on the 10000 test images: 77 %
Warning: No valid output stream.
Epoch: 275 Loss: 0.005
Accuracy of the network on the 10000 test images: 76 %
Warning: No valid output stream.
Epoch: 276 Loss: 0.007
Accuracy of the network on the 10000 test images: 77 %
Warning: No valid output stream.
Epoch: 277 Loss: 0.002
Accuracy of the network on the 10000 test images: 77 %
Warning: No valid output stream.
Epoch: 278 Loss: 0.002
Accuracy of the network on the 10000 test images: 77 %
Warning: No valid output stream.
Epoch: 279 Loss: 0.007
Accuracy of the network on the 10000 test images: 76 %
Warning: No valid output stream.
Epoch: 280 Loss: 0.008
Accuracy of the network on the 10000 test images: 77 %
Warning: No valid output stream.
Epoch: 281 Loss: 0.007
Accuracy of the network on the 10000 test images: 76 %
Warning: No valid output stream.
Epoch: 282 Loss: 0.005
Accuracy of the network on the 10000 test images: 76 %
Warning: No valid output stream.
Epoch: 283 Loss: 0.004
Accuracy of the network on the 10000 test images: 77 %
Warning: No valid output stream.
Epoch: 284 Loss: 0.002
Accuracy of the network on the 10000 test images: 76 %
Warning: No valid output stream.
Epoch: 285 Loss: 0.006
Accuracy of the network on the 10000 test images: 76 %
Warning: No valid output stream.
Epoch: 286 Loss: 0.001
Accuracy of the network on the 10000 test images: 78 %
Warning: No valid output stream.
Epoch: 287 Loss: 0.004
Accuracy of the network on the 10000 test images: 77 %
Warning: No valid output stream.
Epoch: 288 Loss: 0.002
Accuracy of the network on the 10000 test images: 76 %
Warning: No valid output stream.
Epoch: 289 Loss: 0.002
Accuracy of the network on the 10000 test images: 76 %
Warning: No valid output stream.
Epoch: 290 Loss: 0.010
Accuracy of the network on the 10000 test images: 76 %
Warning: No valid output stream.
Epoch: 291 Loss: 0.006
Accuracy of the network on the 10000 test images: 77 %
Warning: No valid output stream.
Epoch: 292 Loss: 0.008
Accuracy of the network on the 10000 test images: 75 %
Warning: No valid output stream.
Epoch: 293 Loss: 0.004
Accuracy of the network on the 10000 test images: 77 %
Warning: No valid output stream.
Epoch: 294 Loss: 0.002
Accuracy of the network on the 10000 test images: 76 %
Warning: No valid output stream.
Epoch: 295 Loss: 0.003
Accuracy of the network on the 10000 test images: 76 %
Warning: No valid output stream.
Epoch: 296 Loss: 0.002
Accuracy of the network on the 10000 test images: 77 %
Warning: No valid output stream.
Epoch: 297 Loss: 0.002
Accuracy of the network on the 10000 test images: 77 %
Warning: No valid output stream.
Epoch: 298 Loss: 0.003
Accuracy of the network on the 10000 test images: 78 %
Warning: No valid output stream.
Epoch: 299 Loss: 0.006
Accuracy of the network on the 10000 test images: 78 %
Warning: No valid output stream.
Epoch: 300 Loss: 0.001
Accuracy of the network on the 10000 test images: 77 %
Finished Training
