Loading Datasets
Start Training
Warning: No valid output stream.
/home/shouki/Desktop/Programming/Python/AI/Research/InhibitoryNeuron/DogCatTrain/DistributionKReluGradientMuVarianceRandomAbsolute/source/train_util.py:46: UserWarning: To copy construct from a tensor, it is recommended to use sourceTensor.clone().detach() or sourceTensor.clone().detach().requires_grad_(True), rather than torch.tensor(sourceTensor).
  inputs = torch.tensor(x_test[i * batch_size : (i + 1) * batch_size], device=device, dtype=torch.float32)
/home/shouki/Desktop/Programming/Python/AI/Research/InhibitoryNeuron/DogCatTrain/DistributionKReluGradientMuVarianceRandomAbsolute/source/train_util.py:47: UserWarning: To copy construct from a tensor, it is recommended to use sourceTensor.clone().detach() or sourceTensor.clone().detach().requires_grad_(True), rather than torch.tensor(sourceTensor).
  labels = torch.tensor(y_test[i * batch_size : (i + 1) * batch_size], device=device, dtype=torch.long)
Epoch: 1 Loss: 0.972
Accuracy of the network on the 10000 test images: 56 %
Warning: No valid output stream.
/home/shouki/Desktop/Programming/Python/AI/Research/InhibitoryNeuron/DogCatTrain/DistributionKReluGradientMuVarianceRandomAbsolute/source/train_util.py:40: UserWarning: To copy construct from a tensor, it is recommended to use sourceTensor.clone().detach() or sourceTensor.clone().detach().requires_grad_(True), rather than torch.tensor(sourceTensor).
  x_test = torch.tensor(x_test[:(y_test.shape[0] // batch_size * batch_size)], device=device, dtype=torch.float32)
/home/shouki/Desktop/Programming/Python/AI/Research/InhibitoryNeuron/DogCatTrain/DistributionKReluGradientMuVarianceRandomAbsolute/source/train_util.py:41: UserWarning: To copy construct from a tensor, it is recommended to use sourceTensor.clone().detach() or sourceTensor.clone().detach().requires_grad_(True), rather than torch.tensor(sourceTensor).
  y_test = torch.tensor(y_test[:(y_test.shape[0] // batch_size * batch_size)], device=device, dtype=torch.float32)
Epoch: 2 Loss: 0.837
Accuracy of the network on the 10000 test images: 61 %
Warning: No valid output stream.
Epoch: 3 Loss: 0.742
Accuracy of the network on the 10000 test images: 64 %
Warning: No valid output stream.
Epoch: 4 Loss: 0.690
Accuracy of the network on the 10000 test images: 62 %
Warning: No valid output stream.
Epoch: 5 Loss: 0.610
Accuracy of the network on the 10000 test images: 69 %
Warning: No valid output stream.
Epoch: 6 Loss: 0.543
Accuracy of the network on the 10000 test images: 66 %
Warning: No valid output stream.
Epoch: 7 Loss: 0.536
Accuracy of the network on the 10000 test images: 67 %
Warning: No valid output stream.
Epoch: 8 Loss: 0.636
Accuracy of the network on the 10000 test images: 63 %
Warning: No valid output stream.
Epoch: 9 Loss: 0.403
Accuracy of the network on the 10000 test images: 59 %
Warning: No valid output stream.
Epoch: 10 Loss: 0.415
Accuracy of the network on the 10000 test images: 56 %
Warning: No valid output stream.
Epoch: 11 Loss: 0.378
Accuracy of the network on the 10000 test images: 69 %
Warning: No valid output stream.
Epoch: 12 Loss: 0.300
Accuracy of the network on the 10000 test images: 68 %
Warning: No valid output stream.
Epoch: 13 Loss: 0.186
Accuracy of the network on the 10000 test images: 70 %
Warning: No valid output stream.
Epoch: 14 Loss: 0.163
Accuracy of the network on the 10000 test images: 71 %
Warning: No valid output stream.
Epoch: 15 Loss: 0.124
Accuracy of the network on the 10000 test images: 71 %
Warning: No valid output stream.
Epoch: 16 Loss: 0.107
Accuracy of the network on the 10000 test images: 69 %
Warning: No valid output stream.
Epoch: 17 Loss: 0.148
Accuracy of the network on the 10000 test images: 68 %
Warning: No valid output stream.
Epoch: 18 Loss: 0.180
Accuracy of the network on the 10000 test images: 71 %
Warning: No valid output stream.
Epoch: 19 Loss: 0.218
Accuracy of the network on the 10000 test images: 69 %
Warning: No valid output stream.
Epoch: 20 Loss: 0.231
Accuracy of the network on the 10000 test images: 65 %
Warning: No valid output stream.
Epoch: 21 Loss: 0.123
Accuracy of the network on the 10000 test images: 67 %
Warning: No valid output stream.
Epoch: 22 Loss: 0.057
Accuracy of the network on the 10000 test images: 68 %
Warning: No valid output stream.
Epoch: 23 Loss: 0.050
Accuracy of the network on the 10000 test images: 71 %
Warning: No valid output stream.
Epoch: 24 Loss: 0.042
Accuracy of the network on the 10000 test images: 69 %
Warning: No valid output stream.
Epoch: 25 Loss: 0.041
Accuracy of the network on the 10000 test images: 65 %
Warning: No valid output stream.
Epoch: 26 Loss: 0.040
Accuracy of the network on the 10000 test images: 66 %
Warning: No valid output stream.
Epoch: 27 Loss: 0.045
Accuracy of the network on the 10000 test images: 65 %
Warning: No valid output stream.
Epoch: 28 Loss: 0.059
Accuracy of the network on the 10000 test images: 67 %
Warning: No valid output stream.
Epoch: 29 Loss: 0.063
Accuracy of the network on the 10000 test images: 70 %
Warning: No valid output stream.
Epoch: 30 Loss: 0.052
Accuracy of the network on the 10000 test images: 66 %
Warning: No valid output stream.
Epoch: 31 Loss: 0.059
Accuracy of the network on the 10000 test images: 67 %
Warning: No valid output stream.
Epoch: 32 Loss: 0.051
Accuracy of the network on the 10000 test images: 64 %
Warning: No valid output stream.
Epoch: 33 Loss: 0.086
Accuracy of the network on the 10000 test images: 65 %
Warning: No valid output stream.
Epoch: 34 Loss: 0.078
Accuracy of the network on the 10000 test images: 69 %
Warning: No valid output stream.
Epoch: 35 Loss: 0.098
Accuracy of the network on the 10000 test images: 70 %
Warning: No valid output stream.
Epoch: 36 Loss: 0.145
Accuracy of the network on the 10000 test images: 69 %
Warning: No valid output stream.
Epoch: 37 Loss: 0.207
Accuracy of the network on the 10000 test images: 67 %
Warning: No valid output stream.
Epoch: 38 Loss: 0.315
Accuracy of the network on the 10000 test images: 67 %
Warning: No valid output stream.
Epoch: 39 Loss: 0.179
Accuracy of the network on the 10000 test images: 70 %
Warning: No valid output stream.
Epoch: 40 Loss: 0.057
Accuracy of the network on the 10000 test images: 71 %
Warning: No valid output stream.
Epoch: 41 Loss: 0.047
Accuracy of the network on the 10000 test images: 70 %
Warning: No valid output stream.
Epoch: 42 Loss: 0.038
Accuracy of the network on the 10000 test images: 71 %
Warning: No valid output stream.
Epoch: 43 Loss: 0.020
Accuracy of the network on the 10000 test images: 71 %
Warning: No valid output stream.
Epoch: 44 Loss: 0.019
Accuracy of the network on the 10000 test images: 71 %
Warning: No valid output stream.
Epoch: 45 Loss: 0.015
Accuracy of the network on the 10000 test images: 70 %
Warning: No valid output stream.
Epoch: 46 Loss: 0.016
Accuracy of the network on the 10000 test images: 71 %
Warning: No valid output stream.
Epoch: 47 Loss: 0.015
Accuracy of the network on the 10000 test images: 72 %
Warning: No valid output stream.
Epoch: 48 Loss: 0.024
Accuracy of the network on the 10000 test images: 70 %
Warning: No valid output stream.
Epoch: 49 Loss: 0.029
Accuracy of the network on the 10000 test images: 71 %
Warning: No valid output stream.
Epoch: 50 Loss: 0.040
Accuracy of the network on the 10000 test images: 72 %
Finished Training
