Files already downloaded and verified
Files already downloaded and verified
Warning: No valid output stream.
Epoch: 1 Loss: 1.787
Accuracy of the network on the 10000 test images: 42 %
Warning: No valid output stream.
Epoch: 2 Loss: 1.534
Accuracy of the network on the 10000 test images: 47 %
Warning: No valid output stream.
Epoch: 3 Loss: 1.423
Accuracy of the network on the 10000 test images: 50 %
Warning: No valid output stream.
Epoch: 4 Loss: 1.342
Accuracy of the network on the 10000 test images: 52 %
Warning: No valid output stream.
Epoch: 5 Loss: 1.285
Accuracy of the network on the 10000 test images: 53 %
Warning: No valid output stream.
Epoch: 6 Loss: 1.243
Accuracy of the network on the 10000 test images: 56 %
Warning: No valid output stream.
Epoch: 7 Loss: 1.194
Accuracy of the network on the 10000 test images: 57 %
Warning: No valid output stream.
Epoch: 8 Loss: 1.159
Accuracy of the network on the 10000 test images: 59 %
Warning: No valid output stream.
Epoch: 9 Loss: 1.125
Accuracy of the network on the 10000 test images: 60 %
Warning: No valid output stream.
Epoch: 10 Loss: 1.095
Accuracy of the network on the 10000 test images: 60 %
Warning: No valid output stream.
Epoch: 11 Loss: 1.068
Accuracy of the network on the 10000 test images: 61 %
Warning: No valid output stream.
Epoch: 12 Loss: 1.039
Accuracy of the network on the 10000 test images: 62 %
Warning: No valid output stream.
Epoch: 13 Loss: 1.013
Accuracy of the network on the 10000 test images: 63 %
Warning: No valid output stream.
Epoch: 14 Loss: 0.991
Accuracy of the network on the 10000 test images: 63 %
Warning: No valid output stream.
Epoch: 15 Loss: 0.972
Accuracy of the network on the 10000 test images: 65 %
Warning: No valid output stream.
Epoch: 16 Loss: 0.956
Accuracy of the network on the 10000 test images: 65 %
Warning: No valid output stream.
Epoch: 17 Loss: 0.936
Accuracy of the network on the 10000 test images: 65 %
Warning: No valid output stream.
Epoch: 18 Loss: 0.924
Accuracy of the network on the 10000 test images: 66 %
Warning: No valid output stream.
Epoch: 19 Loss: 0.907
Accuracy of the network on the 10000 test images: 67 %
Warning: No valid output stream.
Epoch: 20 Loss: 0.898
Accuracy of the network on the 10000 test images: 66 %
Warning: No valid output stream.
Epoch: 21 Loss: 0.875
Accuracy of the network on the 10000 test images: 68 %
Warning: No valid output stream.
Epoch: 22 Loss: 0.856
Accuracy of the network on the 10000 test images: 67 %
Warning: No valid output stream.
Epoch: 23 Loss: 0.847
Accuracy of the network on the 10000 test images: 68 %
Warning: No valid output stream.
Epoch: 24 Loss: 0.842
Accuracy of the network on the 10000 test images: 68 %
Warning: No valid output stream.
Epoch: 25 Loss: 0.827
Accuracy of the network on the 10000 test images: 69 %
Warning: No valid output stream.
Epoch: 26 Loss: 0.814
Accuracy of the network on the 10000 test images: 69 %
Warning: No valid output stream.
Epoch: 27 Loss: 0.809
Accuracy of the network on the 10000 test images: 69 %
Warning: No valid output stream.
Epoch: 28 Loss: 0.790
Accuracy of the network on the 10000 test images: 69 %
Warning: No valid output stream.
Epoch: 29 Loss: 0.791
Accuracy of the network on the 10000 test images: 69 %
Warning: No valid output stream.
Epoch: 30 Loss: 0.779
Accuracy of the network on the 10000 test images: 71 %
Warning: No valid output stream.
Epoch: 31 Loss: 0.765
Accuracy of the network on the 10000 test images: 71 %
Warning: No valid output stream.
Epoch: 32 Loss: 0.759
Accuracy of the network on the 10000 test images: 70 %
Warning: No valid output stream.
Epoch: 33 Loss: 0.751
Accuracy of the network on the 10000 test images: 71 %
Warning: No valid output stream.
Epoch: 34 Loss: 0.740
Accuracy of the network on the 10000 test images: 71 %
Warning: No valid output stream.
Epoch: 35 Loss: 0.731
Accuracy of the network on the 10000 test images: 71 %
Warning: No valid output stream.
Epoch: 36 Loss: 0.729
Accuracy of the network on the 10000 test images: 71 %
Warning: No valid output stream.
Epoch: 37 Loss: 0.724
Accuracy of the network on the 10000 test images: 71 %
Warning: No valid output stream.
Epoch: 38 Loss: 0.715
Accuracy of the network on the 10000 test images: 72 %
Warning: No valid output stream.
Epoch: 39 Loss: 0.709
Accuracy of the network on the 10000 test images: 72 %
Warning: No valid output stream.
Epoch: 40 Loss: 0.700
Accuracy of the network on the 10000 test images: 73 %
Warning: No valid output stream.
Epoch: 41 Loss: 0.690
Accuracy of the network on the 10000 test images: 73 %
Warning: No valid output stream.
Epoch: 42 Loss: 0.689
Accuracy of the network on the 10000 test images: 72 %
Warning: No valid output stream.
Epoch: 43 Loss: 0.681
Accuracy of the network on the 10000 test images: 72 %
Warning: No valid output stream.
Epoch: 44 Loss: 0.674
Accuracy of the network on the 10000 test images: 73 %
Warning: No valid output stream.
Epoch: 45 Loss: 0.671
Accuracy of the network on the 10000 test images: 72 %
Warning: No valid output stream.
Epoch: 46 Loss: 0.665
Accuracy of the network on the 10000 test images: 74 %
Warning: No valid output stream.
Epoch: 47 Loss: 0.658
Accuracy of the network on the 10000 test images: 74 %
Warning: No valid output stream.
Epoch: 48 Loss: 0.658
Accuracy of the network on the 10000 test images: 73 %
Warning: No valid output stream.
Epoch: 49 Loss: 0.646
Accuracy of the network on the 10000 test images: 73 %
Warning: No valid output stream.
Epoch: 50 Loss: 0.647
Accuracy of the network on the 10000 test images: 74 %
Warning: No valid output stream.
Epoch: 51 Loss: 0.638
Accuracy of the network on the 10000 test images: 74 %
Warning: No valid output stream.
Epoch: 52 Loss: 0.636
Accuracy of the network on the 10000 test images: 73 %
Warning: No valid output stream.
Epoch: 53 Loss: 0.629
Accuracy of the network on the 10000 test images: 74 %
Warning: No valid output stream.
Epoch: 54 Loss: 0.624
Accuracy of the network on the 10000 test images: 74 %
Warning: No valid output stream.
Epoch: 55 Loss: 0.623
Accuracy of the network on the 10000 test images: 74 %
Warning: No valid output stream.
Epoch: 56 Loss: 0.613
Accuracy of the network on the 10000 test images: 74 %
Warning: No valid output stream.
Epoch: 57 Loss: 0.612
Accuracy of the network on the 10000 test images: 74 %
Warning: No valid output stream.
Epoch: 58 Loss: 0.604
Accuracy of the network on the 10000 test images: 74 %
Warning: No valid output stream.
Epoch: 59 Loss: 0.600
Accuracy of the network on the 10000 test images: 75 %
Warning: No valid output stream.
Epoch: 60 Loss: 0.599
Accuracy of the network on the 10000 test images: 74 %
Warning: No valid output stream.
Epoch: 61 Loss: 0.591
Accuracy of the network on the 10000 test images: 75 %
Warning: No valid output stream.
Epoch: 62 Loss: 0.589
Accuracy of the network on the 10000 test images: 75 %
Warning: No valid output stream.
Epoch: 63 Loss: 0.584
Accuracy of the network on the 10000 test images: 75 %
Warning: No valid output stream.
Epoch: 64 Loss: 0.580
Accuracy of the network on the 10000 test images: 75 %
Warning: No valid output stream.
Epoch: 65 Loss: 0.578
Accuracy of the network on the 10000 test images: 75 %
Warning: No valid output stream.
Epoch: 66 Loss: 0.576
Accuracy of the network on the 10000 test images: 75 %
Warning: No valid output stream.
Epoch: 67 Loss: 0.571
Accuracy of the network on the 10000 test images: 75 %
Warning: No valid output stream.
Epoch: 68 Loss: 0.568
Accuracy of the network on the 10000 test images: 75 %
Warning: No valid output stream.
Epoch: 69 Loss: 0.563
Accuracy of the network on the 10000 test images: 75 %
Warning: No valid output stream.
Epoch: 70 Loss: 0.556
Accuracy of the network on the 10000 test images: 74 %
Warning: No valid output stream.
Epoch: 71 Loss: 0.565
Accuracy of the network on the 10000 test images: 75 %
Warning: No valid output stream.
Epoch: 72 Loss: 0.555
Accuracy of the network on the 10000 test images: 75 %
Warning: No valid output stream.
Epoch: 73 Loss: 0.552
Accuracy of the network on the 10000 test images: 75 %
Warning: No valid output stream.
Epoch: 74 Loss: 0.543
Accuracy of the network on the 10000 test images: 76 %
Warning: No valid output stream.
Epoch: 75 Loss: 0.543
Accuracy of the network on the 10000 test images: 75 %
Warning: No valid output stream.
Epoch: 76 Loss: 0.542
Accuracy of the network on the 10000 test images: 76 %
Warning: No valid output stream.
Epoch: 77 Loss: 0.540
Accuracy of the network on the 10000 test images: 76 %
Warning: No valid output stream.
Epoch: 78 Loss: 0.538
Accuracy of the network on the 10000 test images: 76 %
Warning: No valid output stream.
Epoch: 79 Loss: 0.531
Accuracy of the network on the 10000 test images: 76 %
Warning: No valid output stream.
Epoch: 80 Loss: 0.527
Accuracy of the network on the 10000 test images: 76 %
Warning: No valid output stream.
Epoch: 81 Loss: 0.528
Accuracy of the network on the 10000 test images: 76 %
Warning: No valid output stream.
Epoch: 82 Loss: 0.524
Accuracy of the network on the 10000 test images: 76 %
Warning: No valid output stream.
Epoch: 83 Loss: 0.520
Accuracy of the network on the 10000 test images: 76 %
Warning: No valid output stream.
Epoch: 84 Loss: 0.520
Accuracy of the network on the 10000 test images: 76 %
Warning: No valid output stream.
Epoch: 85 Loss: 0.511
Accuracy of the network on the 10000 test images: 77 %
Warning: No valid output stream.
Epoch: 86 Loss: 0.519
Accuracy of the network on the 10000 test images: 76 %
Warning: No valid output stream.
Epoch: 87 Loss: 0.512
Accuracy of the network on the 10000 test images: 76 %
Warning: No valid output stream.
Epoch: 88 Loss: 0.507
Accuracy of the network on the 10000 test images: 77 %
Warning: No valid output stream.
Epoch: 89 Loss: 0.508
Accuracy of the network on the 10000 test images: 77 %
Warning: No valid output stream.
Epoch: 90 Loss: 0.509
Accuracy of the network on the 10000 test images: 76 %
Warning: No valid output stream.
Epoch: 91 Loss: 0.506
Accuracy of the network on the 10000 test images: 77 %
Warning: No valid output stream.
Epoch: 92 Loss: 0.497
Accuracy of the network on the 10000 test images: 76 %
Warning: No valid output stream.
Epoch: 93 Loss: 0.500
Accuracy of the network on the 10000 test images: 77 %
Warning: No valid output stream.
Epoch: 94 Loss: 0.492
Accuracy of the network on the 10000 test images: 77 %
Warning: No valid output stream.
Epoch: 95 Loss: 0.494
Accuracy of the network on the 10000 test images: 77 %
Warning: No valid output stream.
Epoch: 96 Loss: 0.491
Accuracy of the network on the 10000 test images: 77 %
Warning: No valid output stream.
Epoch: 97 Loss: 0.487
Accuracy of the network on the 10000 test images: 76 %
Warning: No valid output stream.
Epoch: 98 Loss: 0.486
Accuracy of the network on the 10000 test images: 77 %
Warning: No valid output stream.
Epoch: 99 Loss: 0.478
Accuracy of the network on the 10000 test images: 77 %
Warning: No valid output stream.
Epoch: 100 Loss: 0.479
Accuracy of the network on the 10000 test images: 77 %
Warning: No valid output stream.
Epoch: 101 Loss: 0.474
Accuracy of the network on the 10000 test images: 77 %
Warning: No valid output stream.
Epoch: 102 Loss: 0.474
Accuracy of the network on the 10000 test images: 77 %
Warning: No valid output stream.
Epoch: 103 Loss: 0.476
Accuracy of the network on the 10000 test images: 77 %
Warning: No valid output stream.
Epoch: 104 Loss: 0.471
Accuracy of the network on the 10000 test images: 76 %
Warning: No valid output stream.
Epoch: 105 Loss: 0.470
Accuracy of the network on the 10000 test images: 77 %
Warning: No valid output stream.
Epoch: 106 Loss: 0.466
Accuracy of the network on the 10000 test images: 77 %
Warning: No valid output stream.
Epoch: 107 Loss: 0.463
Accuracy of the network on the 10000 test images: 77 %
Warning: No valid output stream.
Epoch: 108 Loss: 0.464
Accuracy of the network on the 10000 test images: 77 %
Warning: No valid output stream.
Epoch: 109 Loss: 0.459
Accuracy of the network on the 10000 test images: 77 %
Warning: No valid output stream.
Epoch: 110 Loss: 0.458
Accuracy of the network on the 10000 test images: 77 %
Warning: No valid output stream.
Epoch: 111 Loss: 0.457
Accuracy of the network on the 10000 test images: 77 %
Warning: No valid output stream.
Epoch: 112 Loss: 0.458
Accuracy of the network on the 10000 test images: 77 %
Warning: No valid output stream.
Epoch: 113 Loss: 0.457
Accuracy of the network on the 10000 test images: 77 %
Warning: No valid output stream.
Epoch: 114 Loss: 0.452
Accuracy of the network on the 10000 test images: 78 %
Warning: No valid output stream.
Epoch: 115 Loss: 0.450
Accuracy of the network on the 10000 test images: 77 %
Warning: No valid output stream.
Epoch: 116 Loss: 0.442
Accuracy of the network on the 10000 test images: 78 %
Warning: No valid output stream.
Epoch: 117 Loss: 0.450
Accuracy of the network on the 10000 test images: 78 %
Warning: No valid output stream.
Epoch: 118 Loss: 0.441
Accuracy of the network on the 10000 test images: 78 %
Warning: No valid output stream.
Epoch: 119 Loss: 0.440
Accuracy of the network on the 10000 test images: 77 %
Warning: No valid output stream.
Epoch: 120 Loss: 0.440
Accuracy of the network on the 10000 test images: 77 %
Warning: No valid output stream.
Epoch: 121 Loss: 0.439
Accuracy of the network on the 10000 test images: 78 %
Warning: No valid output stream.
Epoch: 122 Loss: 0.436
Accuracy of the network on the 10000 test images: 77 %
Warning: No valid output stream.
Epoch: 123 Loss: 0.436
Accuracy of the network on the 10000 test images: 77 %
Warning: No valid output stream.
Epoch: 124 Loss: 0.433
Accuracy of the network on the 10000 test images: 78 %
Warning: No valid output stream.
Epoch: 125 Loss: 0.438
Accuracy of the network on the 10000 test images: 77 %
Warning: No valid output stream.
Epoch: 126 Loss: 0.433
Accuracy of the network on the 10000 test images: 77 %
Warning: No valid output stream.
Epoch: 127 Loss: 0.433
Accuracy of the network on the 10000 test images: 78 %
Warning: No valid output stream.
Epoch: 128 Loss: 0.422
Accuracy of the network on the 10000 test images: 78 %
Warning: No valid output stream.
Epoch: 129 Loss: 0.429
Accuracy of the network on the 10000 test images: 78 %
Warning: No valid output stream.
Epoch: 130 Loss: 0.426
Accuracy of the network on the 10000 test images: 78 %
Warning: No valid output stream.
Epoch: 131 Loss: 0.420
Accuracy of the network on the 10000 test images: 77 %
Warning: No valid output stream.
Epoch: 132 Loss: 0.420
Accuracy of the network on the 10000 test images: 78 %
Warning: No valid output stream.
Epoch: 133 Loss: 0.417
Accuracy of the network on the 10000 test images: 78 %
Warning: No valid output stream.
Epoch: 134 Loss: 0.421
Accuracy of the network on the 10000 test images: 78 %
Warning: No valid output stream.
Epoch: 135 Loss: 0.418
Accuracy of the network on the 10000 test images: 77 %
Warning: No valid output stream.
Epoch: 136 Loss: 0.412
Accuracy of the network on the 10000 test images: 77 %
Warning: No valid output stream.
Epoch: 137 Loss: 0.412
Accuracy of the network on the 10000 test images: 78 %
Warning: No valid output stream.
Epoch: 138 Loss: 0.407
Accuracy of the network on the 10000 test images: 78 %
Warning: No valid output stream.
Epoch: 139 Loss: 0.408
Accuracy of the network on the 10000 test images: 78 %
Warning: No valid output stream.
Epoch: 140 Loss: 0.408
Accuracy of the network on the 10000 test images: 78 %
Warning: No valid output stream.
Epoch: 141 Loss: 0.409
Accuracy of the network on the 10000 test images: 78 %
Warning: No valid output stream.
Epoch: 142 Loss: 0.407
Accuracy of the network on the 10000 test images: 78 %
Warning: No valid output stream.
Epoch: 143 Loss: 0.405
Accuracy of the network on the 10000 test images: 78 %
Warning: No valid output stream.
Epoch: 144 Loss: 0.407
Accuracy of the network on the 10000 test images: 78 %
Warning: No valid output stream.
Epoch: 145 Loss: 0.405
Accuracy of the network on the 10000 test images: 78 %
Warning: No valid output stream.
Epoch: 146 Loss: 0.402
Accuracy of the network on the 10000 test images: 78 %
Warning: No valid output stream.
Epoch: 147 Loss: 0.403
Accuracy of the network on the 10000 test images: 78 %
Warning: No valid output stream.
Epoch: 148 Loss: 0.398
Accuracy of the network on the 10000 test images: 78 %
Warning: No valid output stream.
Epoch: 149 Loss: 0.393
Accuracy of the network on the 10000 test images: 78 %
Warning: No valid output stream.
Epoch: 150 Loss: 0.399
Accuracy of the network on the 10000 test images: 78 %
Warning: No valid output stream.
Epoch: 151 Loss: 0.397
Accuracy of the network on the 10000 test images: 79 %
Warning: No valid output stream.
Epoch: 152 Loss: 0.390
Accuracy of the network on the 10000 test images: 78 %
Warning: No valid output stream.
Epoch: 153 Loss: 0.393
Accuracy of the network on the 10000 test images: 78 %
Warning: No valid output stream.
Epoch: 154 Loss: 0.392
Accuracy of the network on the 10000 test images: 78 %
Warning: No valid output stream.
Epoch: 155 Loss: 0.389
Accuracy of the network on the 10000 test images: 78 %
Warning: No valid output stream.
Epoch: 156 Loss: 0.395
Accuracy of the network on the 10000 test images: 78 %
Warning: No valid output stream.
Epoch: 157 Loss: 0.387
Accuracy of the network on the 10000 test images: 78 %
Warning: No valid output stream.
Epoch: 158 Loss: 0.384
Accuracy of the network on the 10000 test images: 78 %
Warning: No valid output stream.
Epoch: 159 Loss: 0.385
Accuracy of the network on the 10000 test images: 78 %
Warning: No valid output stream.
Epoch: 160 Loss: 0.385
Accuracy of the network on the 10000 test images: 78 %
Warning: No valid output stream.
Epoch: 161 Loss: 0.381
Accuracy of the network on the 10000 test images: 78 %
Warning: No valid output stream.
Epoch: 162 Loss: 0.380
Accuracy of the network on the 10000 test images: 78 %
Warning: No valid output stream.
Epoch: 163 Loss: 0.385
Accuracy of the network on the 10000 test images: 78 %
Warning: No valid output stream.
Epoch: 164 Loss: 0.379
Accuracy of the network on the 10000 test images: 79 %
Warning: No valid output stream.
Epoch: 165 Loss: 0.379
Accuracy of the network on the 10000 test images: 79 %
Warning: No valid output stream.
Epoch: 166 Loss: 0.376
Accuracy of the network on the 10000 test images: 79 %
Warning: No valid output stream.
Epoch: 167 Loss: 0.378
Accuracy of the network on the 10000 test images: 78 %
Warning: No valid output stream.
Epoch: 168 Loss: 0.370
Accuracy of the network on the 10000 test images: 78 %
Warning: No valid output stream.
Epoch: 169 Loss: 0.370
Accuracy of the network on the 10000 test images: 78 %
Warning: No valid output stream.
Epoch: 170 Loss: 0.371
Accuracy of the network on the 10000 test images: 78 %
Warning: No valid output stream.
Epoch: 171 Loss: 0.367
Accuracy of the network on the 10000 test images: 78 %
Warning: No valid output stream.
Epoch: 172 Loss: 0.369
Accuracy of the network on the 10000 test images: 79 %
Warning: No valid output stream.
Epoch: 173 Loss: 0.368
Accuracy of the network on the 10000 test images: 78 %
Warning: No valid output stream.
Epoch: 174 Loss: 0.370
Accuracy of the network on the 10000 test images: 79 %
Warning: No valid output stream.
Epoch: 175 Loss: 0.364
Accuracy of the network on the 10000 test images: 79 %
Warning: No valid output stream.
Epoch: 176 Loss: 0.360
Accuracy of the network on the 10000 test images: 79 %
Warning: No valid output stream.
Epoch: 177 Loss: 0.360
Accuracy of the network on the 10000 test images: 78 %
Warning: No valid output stream.
Epoch: 178 Loss: 0.365
Accuracy of the network on the 10000 test images: 78 %
Warning: No valid output stream.
Epoch: 179 Loss: 0.363
Accuracy of the network on the 10000 test images: 79 %
Warning: No valid output stream.
Epoch: 180 Loss: 0.359
Accuracy of the network on the 10000 test images: 79 %
Warning: No valid output stream.
Epoch: 181 Loss: 0.361
Accuracy of the network on the 10000 test images: 78 %
Warning: No valid output stream.
Epoch: 182 Loss: 0.364
Accuracy of the network on the 10000 test images: 78 %
Warning: No valid output stream.
Epoch: 183 Loss: 0.354
Accuracy of the network on the 10000 test images: 78 %
Warning: No valid output stream.
Epoch: 184 Loss: 0.355
Accuracy of the network on the 10000 test images: 78 %
Warning: No valid output stream.
Epoch: 185 Loss: 0.356
Accuracy of the network on the 10000 test images: 79 %
Warning: No valid output stream.
Epoch: 186 Loss: 0.350
Accuracy of the network on the 10000 test images: 78 %
Warning: No valid output stream.
Epoch: 187 Loss: 0.347
Accuracy of the network on the 10000 test images: 79 %
Warning: No valid output stream.
Epoch: 188 Loss: 0.354
Accuracy of the network on the 10000 test images: 79 %
Warning: No valid output stream.
Epoch: 189 Loss: 0.350
Accuracy of the network on the 10000 test images: 79 %
Warning: No valid output stream.
Epoch: 190 Loss: 0.349
Accuracy of the network on the 10000 test images: 79 %
Warning: No valid output stream.
Epoch: 191 Loss: 0.347
Accuracy of the network on the 10000 test images: 78 %
Warning: No valid output stream.
Epoch: 192 Loss: 0.348
Accuracy of the network on the 10000 test images: 79 %
Warning: No valid output stream.
Epoch: 193 Loss: 0.344
Accuracy of the network on the 10000 test images: 79 %
Warning: No valid output stream.
Epoch: 194 Loss: 0.345
Accuracy of the network on the 10000 test images: 78 %
Warning: No valid output stream.
Epoch: 195 Loss: 0.347
Accuracy of the network on the 10000 test images: 79 %
Warning: No valid output stream.
Epoch: 196 Loss: 0.342
Accuracy of the network on the 10000 test images: 79 %
Warning: No valid output stream.
Epoch: 197 Loss: 0.345
Accuracy of the network on the 10000 test images: 78 %
Warning: No valid output stream.
Epoch: 198 Loss: 0.343
Accuracy of the network on the 10000 test images: 79 %
Warning: No valid output stream.
Epoch: 199 Loss: 0.335
Accuracy of the network on the 10000 test images: 78 %
Warning: No valid output stream.
Epoch: 200 Loss: 0.339
Accuracy of the network on the 10000 test images: 79 %
Warning: No valid output stream.
Epoch: 201 Loss: 0.343
Accuracy of the network on the 10000 test images: 78 %
Warning: No valid output stream.
Epoch: 202 Loss: 0.339
Accuracy of the network on the 10000 test images: 78 %
Warning: No valid output stream.
Epoch: 203 Loss: 0.335
Accuracy of the network on the 10000 test images: 79 %
Warning: No valid output stream.
Epoch: 204 Loss: 0.336
Accuracy of the network on the 10000 test images: 79 %
Warning: No valid output stream.
Epoch: 205 Loss: 0.334
Accuracy of the network on the 10000 test images: 79 %
Warning: No valid output stream.
Epoch: 206 Loss: 0.333
Accuracy of the network on the 10000 test images: 79 %
Warning: No valid output stream.
Epoch: 207 Loss: 0.333
Accuracy of the network on the 10000 test images: 79 %
Warning: No valid output stream.
Epoch: 208 Loss: 0.329
Accuracy of the network on the 10000 test images: 79 %
Warning: No valid output stream.
Epoch: 209 Loss: 0.334
Accuracy of the network on the 10000 test images: 79 %
Warning: No valid output stream.
Epoch: 210 Loss: 0.331
Accuracy of the network on the 10000 test images: 79 %
Warning: No valid output stream.
Epoch: 211 Loss: 0.324
Accuracy of the network on the 10000 test images: 79 %
Warning: No valid output stream.
Epoch: 212 Loss: 0.324
Accuracy of the network on the 10000 test images: 79 %
Warning: No valid output stream.
Epoch: 213 Loss: 0.328
Accuracy of the network on the 10000 test images: 79 %
Warning: No valid output stream.
Epoch: 214 Loss: 0.325
Accuracy of the network on the 10000 test images: 79 %
Warning: No valid output stream.
Epoch: 215 Loss: 0.326
Accuracy of the network on the 10000 test images: 79 %
Warning: No valid output stream.
Epoch: 216 Loss: 0.329
Accuracy of the network on the 10000 test images: 79 %
Warning: No valid output stream.
Epoch: 217 Loss: 0.327
Accuracy of the network on the 10000 test images: 79 %
Warning: No valid output stream.
Epoch: 218 Loss: 0.324
Accuracy of the network on the 10000 test images: 78 %
Warning: No valid output stream.
Epoch: 219 Loss: 0.325
Accuracy of the network on the 10000 test images: 79 %
Warning: No valid output stream.
Epoch: 220 Loss: 0.322
Accuracy of the network on the 10000 test images: 79 %
Warning: No valid output stream.
Epoch: 221 Loss: 0.325
Accuracy of the network on the 10000 test images: 79 %
Warning: No valid output stream.
Epoch: 222 Loss: 0.318
Accuracy of the network on the 10000 test images: 79 %
Warning: No valid output stream.
Epoch: 223 Loss: 0.323
Accuracy of the network on the 10000 test images: 79 %
Warning: No valid output stream.
Epoch: 224 Loss: 0.318
Accuracy of the network on the 10000 test images: 79 %
Warning: No valid output stream.
Epoch: 225 Loss: 0.317
Accuracy of the network on the 10000 test images: 79 %
Warning: No valid output stream.
Epoch: 226 Loss: 0.317
Accuracy of the network on the 10000 test images: 79 %
Warning: No valid output stream.
Epoch: 227 Loss: 0.315
Accuracy of the network on the 10000 test images: 79 %
Warning: No valid output stream.
Epoch: 228 Loss: 0.318
Accuracy of the network on the 10000 test images: 79 %
Warning: No valid output stream.
Epoch: 229 Loss: 0.316
Accuracy of the network on the 10000 test images: 79 %
Warning: No valid output stream.
Epoch: 230 Loss: 0.314
Accuracy of the network on the 10000 test images: 78 %
Warning: No valid output stream.
Epoch: 231 Loss: 0.314
Accuracy of the network on the 10000 test images: 79 %
Warning: No valid output stream.
Epoch: 232 Loss: 0.316
Accuracy of the network on the 10000 test images: 79 %
Warning: No valid output stream.
Epoch: 233 Loss: 0.314
Accuracy of the network on the 10000 test images: 79 %
Warning: No valid output stream.
Epoch: 234 Loss: 0.312
Accuracy of the network on the 10000 test images: 80 %
Warning: No valid output stream.
Epoch: 235 Loss: 0.310
Accuracy of the network on the 10000 test images: 79 %
Warning: No valid output stream.
Epoch: 236 Loss: 0.314
Accuracy of the network on the 10000 test images: 79 %
Warning: No valid output stream.
Epoch: 237 Loss: 0.310
Accuracy of the network on the 10000 test images: 79 %
Warning: No valid output stream.
Epoch: 238 Loss: 0.307
Accuracy of the network on the 10000 test images: 79 %
Warning: No valid output stream.
Epoch: 239 Loss: 0.309
Accuracy of the network on the 10000 test images: 79 %
Warning: No valid output stream.
Epoch: 240 Loss: 0.309
Accuracy of the network on the 10000 test images: 80 %
Warning: No valid output stream.
Epoch: 241 Loss: 0.304
Accuracy of the network on the 10000 test images: 79 %
Warning: No valid output stream.
Epoch: 242 Loss: 0.305
Accuracy of the network on the 10000 test images: 79 %
Warning: No valid output stream.
Epoch: 243 Loss: 0.304
Accuracy of the network on the 10000 test images: 79 %
Warning: No valid output stream.
Epoch: 244 Loss: 0.306
Accuracy of the network on the 10000 test images: 80 %
Warning: No valid output stream.
Epoch: 245 Loss: 0.305
Accuracy of the network on the 10000 test images: 79 %
Warning: No valid output stream.
Epoch: 246 Loss: 0.302
Accuracy of the network on the 10000 test images: 79 %
Warning: No valid output stream.
Epoch: 247 Loss: 0.298
Accuracy of the network on the 10000 test images: 79 %
Warning: No valid output stream.
Epoch: 248 Loss: 0.303
Accuracy of the network on the 10000 test images: 80 %
Warning: No valid output stream.
Epoch: 249 Loss: 0.296
Accuracy of the network on the 10000 test images: 79 %
Warning: No valid output stream.
Epoch: 250 Loss: 0.297
Accuracy of the network on the 10000 test images: 79 %
Warning: No valid output stream.
Epoch: 251 Loss: 0.297
Accuracy of the network on the 10000 test images: 79 %
Warning: No valid output stream.
Epoch: 252 Loss: 0.296
Accuracy of the network on the 10000 test images: 79 %
Warning: No valid output stream.
Epoch: 253 Loss: 0.294
Accuracy of the network on the 10000 test images: 79 %
Warning: No valid output stream.
Epoch: 254 Loss: 0.294
Accuracy of the network on the 10000 test images: 79 %
Warning: No valid output stream.
Epoch: 255 Loss: 0.299
Accuracy of the network on the 10000 test images: 79 %
Warning: No valid output stream.
Epoch: 256 Loss: 0.297
Accuracy of the network on the 10000 test images: 80 %
Warning: No valid output stream.
Epoch: 257 Loss: 0.296
Accuracy of the network on the 10000 test images: 79 %
Warning: No valid output stream.
Epoch: 258 Loss: 0.293
Accuracy of the network on the 10000 test images: 79 %
Warning: No valid output stream.
Epoch: 259 Loss: 0.292
Accuracy of the network on the 10000 test images: 79 %
Warning: No valid output stream.
Epoch: 260 Loss: 0.292
Accuracy of the network on the 10000 test images: 79 %
Warning: No valid output stream.
Epoch: 261 Loss: 0.294
Accuracy of the network on the 10000 test images: 79 %
Warning: No valid output stream.
Epoch: 262 Loss: 0.292
Accuracy of the network on the 10000 test images: 79 %
Warning: No valid output stream.
Epoch: 263 Loss: 0.293
Accuracy of the network on the 10000 test images: 79 %
Warning: No valid output stream.
Epoch: 264 Loss: 0.291
Accuracy of the network on the 10000 test images: 79 %
Warning: No valid output stream.
Epoch: 265 Loss: 0.287
Accuracy of the network on the 10000 test images: 79 %
Warning: No valid output stream.
Epoch: 266 Loss: 0.289
Accuracy of the network on the 10000 test images: 79 %
Warning: No valid output stream.
Epoch: 267 Loss: 0.288
Accuracy of the network on the 10000 test images: 79 %
Warning: No valid output stream.
Epoch: 268 Loss: 0.290
Accuracy of the network on the 10000 test images: 79 %
Warning: No valid output stream.
Epoch: 269 Loss: 0.286
Accuracy of the network on the 10000 test images: 79 %
Warning: No valid output stream.
Epoch: 270 Loss: 0.288
Accuracy of the network on the 10000 test images: 79 %
Warning: No valid output stream.
Epoch: 271 Loss: 0.283
Accuracy of the network on the 10000 test images: 79 %
Warning: No valid output stream.
Epoch: 272 Loss: 0.289
Accuracy of the network on the 10000 test images: 79 %
Warning: No valid output stream.
Epoch: 273 Loss: 0.287
Accuracy of the network on the 10000 test images: 79 %
Warning: No valid output stream.
Epoch: 274 Loss: 0.286
Accuracy of the network on the 10000 test images: 80 %
Warning: No valid output stream.
Epoch: 275 Loss: 0.284
Accuracy of the network on the 10000 test images: 80 %
Warning: No valid output stream.
Epoch: 276 Loss: 0.284
Accuracy of the network on the 10000 test images: 80 %
Warning: No valid output stream.
Epoch: 277 Loss: 0.283
Accuracy of the network on the 10000 test images: 80 %
Warning: No valid output stream.
Epoch: 278 Loss: 0.285
Accuracy of the network on the 10000 test images: 79 %
Warning: No valid output stream.
Epoch: 279 Loss: 0.282
Accuracy of the network on the 10000 test images: 79 %
Warning: No valid output stream.
Epoch: 280 Loss: 0.281
Accuracy of the network on the 10000 test images: 79 %
Warning: No valid output stream.
Epoch: 281 Loss: 0.278
Accuracy of the network on the 10000 test images: 79 %
Warning: No valid output stream.
Epoch: 282 Loss: 0.282
Accuracy of the network on the 10000 test images: 79 %
Warning: No valid output stream.
Epoch: 283 Loss: 0.276
Accuracy of the network on the 10000 test images: 79 %
Warning: No valid output stream.
Epoch: 284 Loss: 0.274
Accuracy of the network on the 10000 test images: 79 %
Warning: No valid output stream.
Epoch: 285 Loss: 0.274
Accuracy of the network on the 10000 test images: 80 %
Warning: No valid output stream.
Epoch: 286 Loss: 0.272
Accuracy of the network on the 10000 test images: 79 %
Warning: No valid output stream.
Epoch: 287 Loss: 0.277
Accuracy of the network on the 10000 test images: 79 %
Warning: No valid output stream.
Epoch: 288 Loss: 0.279
Accuracy of the network on the 10000 test images: 79 %
Warning: No valid output stream.
Epoch: 289 Loss: 0.277
Accuracy of the network on the 10000 test images: 79 %
Warning: No valid output stream.
Epoch: 290 Loss: 0.274
Accuracy of the network on the 10000 test images: 79 %
Warning: No valid output stream.
Epoch: 291 Loss: 0.277
Accuracy of the network on the 10000 test images: 79 %
Warning: No valid output stream.
Epoch: 292 Loss: 0.275
Accuracy of the network on the 10000 test images: 79 %
Warning: No valid output stream.
Epoch: 293 Loss: 0.274
Accuracy of the network on the 10000 test images: 79 %
Warning: No valid output stream.
Epoch: 294 Loss: 0.269
Accuracy of the network on the 10000 test images: 79 %
Warning: No valid output stream.
Epoch: 295 Loss: 0.270
Accuracy of the network on the 10000 test images: 79 %
Warning: No valid output stream.
Epoch: 296 Loss: 0.275
Accuracy of the network on the 10000 test images: 80 %
Warning: No valid output stream.
Epoch: 297 Loss: 0.269
Accuracy of the network on the 10000 test images: 79 %
Warning: No valid output stream.
Epoch: 298 Loss: 0.273
Accuracy of the network on the 10000 test images: 79 %
Warning: No valid output stream.
Epoch: 299 Loss: 0.273
Accuracy of the network on the 10000 test images: 79 %
Warning: No valid output stream.
Epoch: 300 Loss: 0.264
Accuracy of the network on the 10000 test images: 79 %
Finished Training
