Files already downloaded and verified
Files already downloaded and verified
Warning: No valid output stream.
Epoch: 1 Loss: 1.933
Accuracy of the network on the 10000 test images: 37 %
Warning: No valid output stream.
Epoch: 2 Loss: 1.652
Accuracy of the network on the 10000 test images: 43 %
Warning: No valid output stream.
Epoch: 3 Loss: 1.569
Accuracy of the network on the 10000 test images: 44 %
Warning: No valid output stream.
Epoch: 4 Loss: 1.498
Accuracy of the network on the 10000 test images: 47 %
Warning: No valid output stream.
Epoch: 5 Loss: 1.446
Accuracy of the network on the 10000 test images: 49 %
Warning: No valid output stream.
Epoch: 6 Loss: 1.400
Accuracy of the network on the 10000 test images: 50 %
Warning: No valid output stream.
Epoch: 7 Loss: 1.354
Accuracy of the network on the 10000 test images: 51 %
Warning: No valid output stream.
Epoch: 8 Loss: 1.320
Accuracy of the network on the 10000 test images: 52 %
Warning: No valid output stream.
Epoch: 9 Loss: 1.291
Accuracy of the network on the 10000 test images: 54 %
Warning: No valid output stream.
Epoch: 10 Loss: 1.257
Accuracy of the network on the 10000 test images: 54 %
Warning: No valid output stream.
Epoch: 11 Loss: 1.232
Accuracy of the network on the 10000 test images: 56 %
Warning: No valid output stream.
Epoch: 12 Loss: 1.205
Accuracy of the network on the 10000 test images: 56 %
Warning: No valid output stream.
Epoch: 13 Loss: 1.188
Accuracy of the network on the 10000 test images: 57 %
Warning: No valid output stream.
Epoch: 14 Loss: 1.157
Accuracy of the network on the 10000 test images: 58 %
Warning: No valid output stream.
Epoch: 15 Loss: 1.142
Accuracy of the network on the 10000 test images: 58 %
Warning: No valid output stream.
Epoch: 16 Loss: 1.123
Accuracy of the network on the 10000 test images: 59 %
Warning: No valid output stream.
Epoch: 17 Loss: 1.103
Accuracy of the network on the 10000 test images: 59 %
Warning: No valid output stream.
Epoch: 18 Loss: 1.089
Accuracy of the network on the 10000 test images: 59 %
Warning: No valid output stream.
Epoch: 19 Loss: 1.073
Accuracy of the network on the 10000 test images: 61 %
Warning: No valid output stream.
Epoch: 20 Loss: 1.060
Accuracy of the network on the 10000 test images: 61 %
Warning: No valid output stream.
Epoch: 21 Loss: 1.042
Accuracy of the network on the 10000 test images: 62 %
Warning: No valid output stream.
Epoch: 22 Loss: 1.034
Accuracy of the network on the 10000 test images: 62 %
Warning: No valid output stream.
Epoch: 23 Loss: 1.019
Accuracy of the network on the 10000 test images: 62 %
Warning: No valid output stream.
Epoch: 24 Loss: 1.005
Accuracy of the network on the 10000 test images: 62 %
Warning: No valid output stream.
Epoch: 25 Loss: 0.991
Accuracy of the network on the 10000 test images: 62 %
Warning: No valid output stream.
Epoch: 26 Loss: 0.978
Accuracy of the network on the 10000 test images: 64 %
Warning: No valid output stream.
Epoch: 27 Loss: 0.976
Accuracy of the network on the 10000 test images: 64 %
Warning: No valid output stream.
Epoch: 28 Loss: 0.961
Accuracy of the network on the 10000 test images: 64 %
Warning: No valid output stream.
Epoch: 29 Loss: 0.952
Accuracy of the network on the 10000 test images: 65 %
Warning: No valid output stream.
Epoch: 30 Loss: 0.938
Accuracy of the network on the 10000 test images: 65 %
Warning: No valid output stream.
Epoch: 31 Loss: 0.936
Accuracy of the network on the 10000 test images: 65 %
Warning: No valid output stream.
Epoch: 32 Loss: 0.920
Accuracy of the network on the 10000 test images: 65 %
Warning: No valid output stream.
Epoch: 33 Loss: 0.909
Accuracy of the network on the 10000 test images: 66 %
Warning: No valid output stream.
Epoch: 34 Loss: 0.902
Accuracy of the network on the 10000 test images: 67 %
Warning: No valid output stream.
Epoch: 35 Loss: 0.895
Accuracy of the network on the 10000 test images: 66 %
Warning: No valid output stream.
Epoch: 36 Loss: 0.887
Accuracy of the network on the 10000 test images: 65 %
Warning: No valid output stream.
Epoch: 37 Loss: 0.876
Accuracy of the network on the 10000 test images: 66 %
Warning: No valid output stream.
Epoch: 38 Loss: 0.876
Accuracy of the network on the 10000 test images: 67 %
Warning: No valid output stream.
Epoch: 39 Loss: 0.868
Accuracy of the network on the 10000 test images: 67 %
Warning: No valid output stream.
Epoch: 40 Loss: 0.856
Accuracy of the network on the 10000 test images: 67 %
Warning: No valid output stream.
Epoch: 41 Loss: 0.850
Accuracy of the network on the 10000 test images: 67 %
Warning: No valid output stream.
Epoch: 42 Loss: 0.844
Accuracy of the network on the 10000 test images: 68 %
Warning: No valid output stream.
Epoch: 43 Loss: 0.833
Accuracy of the network on the 10000 test images: 67 %
Warning: No valid output stream.
Epoch: 44 Loss: 0.830
Accuracy of the network on the 10000 test images: 67 %
Warning: No valid output stream.
Epoch: 45 Loss: 0.823
Accuracy of the network on the 10000 test images: 67 %
Warning: No valid output stream.
Epoch: 46 Loss: 0.816
Accuracy of the network on the 10000 test images: 68 %
Warning: No valid output stream.
Epoch: 47 Loss: 0.806
Accuracy of the network on the 10000 test images: 68 %
Warning: No valid output stream.
Epoch: 48 Loss: 0.802
Accuracy of the network on the 10000 test images: 68 %
Warning: No valid output stream.
Epoch: 49 Loss: 0.799
Accuracy of the network on the 10000 test images: 68 %
Warning: No valid output stream.
Epoch: 50 Loss: 0.794
Accuracy of the network on the 10000 test images: 69 %
Warning: No valid output stream.
Epoch: 51 Loss: 0.792
Accuracy of the network on the 10000 test images: 69 %
Warning: No valid output stream.
Epoch: 52 Loss: 0.781
Accuracy of the network on the 10000 test images: 69 %
Warning: No valid output stream.
Epoch: 53 Loss: 0.777
Accuracy of the network on the 10000 test images: 69 %
Warning: No valid output stream.
Epoch: 54 Loss: 0.767
Accuracy of the network on the 10000 test images: 69 %
Warning: No valid output stream.
Epoch: 55 Loss: 0.770
Accuracy of the network on the 10000 test images: 69 %
Warning: No valid output stream.
Epoch: 56 Loss: 0.763
Accuracy of the network on the 10000 test images: 69 %
Warning: No valid output stream.
Epoch: 57 Loss: 0.755
Accuracy of the network on the 10000 test images: 70 %
Warning: No valid output stream.
Epoch: 58 Loss: 0.752
Accuracy of the network on the 10000 test images: 69 %
Warning: No valid output stream.
Epoch: 59 Loss: 0.748
Accuracy of the network on the 10000 test images: 70 %
Warning: No valid output stream.
Epoch: 60 Loss: 0.743
Accuracy of the network on the 10000 test images: 70 %
Warning: No valid output stream.
Epoch: 61 Loss: 0.735
Accuracy of the network on the 10000 test images: 70 %
Warning: No valid output stream.
Epoch: 62 Loss: 0.732
Accuracy of the network on the 10000 test images: 70 %
Warning: No valid output stream.
Epoch: 63 Loss: 0.727
Accuracy of the network on the 10000 test images: 71 %
Warning: No valid output stream.
Epoch: 64 Loss: 0.723
Accuracy of the network on the 10000 test images: 71 %
Warning: No valid output stream.
Epoch: 65 Loss: 0.720
Accuracy of the network on the 10000 test images: 70 %
Warning: No valid output stream.
Epoch: 66 Loss: 0.713
Accuracy of the network on the 10000 test images: 71 %
Warning: No valid output stream.
Epoch: 67 Loss: 0.709
Accuracy of the network on the 10000 test images: 70 %
Warning: No valid output stream.
Epoch: 68 Loss: 0.710
Accuracy of the network on the 10000 test images: 71 %
Warning: No valid output stream.
Epoch: 69 Loss: 0.703
Accuracy of the network on the 10000 test images: 71 %
Warning: No valid output stream.
Epoch: 70 Loss: 0.700
Accuracy of the network on the 10000 test images: 71 %
Warning: No valid output stream.
Epoch: 71 Loss: 0.694
Accuracy of the network on the 10000 test images: 71 %
Warning: No valid output stream.
Epoch: 72 Loss: 0.688
Accuracy of the network on the 10000 test images: 71 %
Warning: No valid output stream.
Epoch: 73 Loss: 0.686
Accuracy of the network on the 10000 test images: 71 %
Warning: No valid output stream.
Epoch: 74 Loss: 0.683
Accuracy of the network on the 10000 test images: 71 %
Warning: No valid output stream.
Epoch: 75 Loss: 0.679
Accuracy of the network on the 10000 test images: 72 %
Warning: No valid output stream.
Epoch: 76 Loss: 0.673
Accuracy of the network on the 10000 test images: 72 %
Warning: No valid output stream.
Epoch: 77 Loss: 0.672
Accuracy of the network on the 10000 test images: 72 %
Warning: No valid output stream.
Epoch: 78 Loss: 0.669
Accuracy of the network on the 10000 test images: 72 %
Warning: No valid output stream.
Epoch: 79 Loss: 0.667
Accuracy of the network on the 10000 test images: 72 %
Warning: No valid output stream.
Epoch: 80 Loss: 0.668
Accuracy of the network on the 10000 test images: 72 %
Warning: No valid output stream.
Epoch: 81 Loss: 0.654
Accuracy of the network on the 10000 test images: 72 %
Warning: No valid output stream.
Epoch: 82 Loss: 0.656
Accuracy of the network on the 10000 test images: 73 %
Warning: No valid output stream.
Epoch: 83 Loss: 0.657
Accuracy of the network on the 10000 test images: 71 %
Warning: No valid output stream.
Epoch: 84 Loss: 0.652
Accuracy of the network on the 10000 test images: 72 %
Warning: No valid output stream.
Epoch: 85 Loss: 0.647
Accuracy of the network on the 10000 test images: 72 %
Warning: No valid output stream.
Epoch: 86 Loss: 0.647
Accuracy of the network on the 10000 test images: 73 %
Warning: No valid output stream.
Epoch: 87 Loss: 0.638
Accuracy of the network on the 10000 test images: 72 %
Warning: No valid output stream.
Epoch: 88 Loss: 0.641
Accuracy of the network on the 10000 test images: 72 %
Warning: No valid output stream.
Epoch: 89 Loss: 0.633
Accuracy of the network on the 10000 test images: 73 %
Warning: No valid output stream.
Epoch: 90 Loss: 0.630
Accuracy of the network on the 10000 test images: 72 %
Warning: No valid output stream.
Epoch: 91 Loss: 0.630
Accuracy of the network on the 10000 test images: 72 %
Warning: No valid output stream.
Epoch: 92 Loss: 0.622
Accuracy of the network on the 10000 test images: 73 %
Warning: No valid output stream.
Epoch: 93 Loss: 0.622
Accuracy of the network on the 10000 test images: 73 %
Warning: No valid output stream.
Epoch: 94 Loss: 0.623
Accuracy of the network on the 10000 test images: 73 %
Warning: No valid output stream.
Epoch: 95 Loss: 0.615
Accuracy of the network on the 10000 test images: 73 %
Warning: No valid output stream.
Epoch: 96 Loss: 0.611
Accuracy of the network on the 10000 test images: 72 %
Warning: No valid output stream.
Epoch: 97 Loss: 0.609
Accuracy of the network on the 10000 test images: 72 %
Warning: No valid output stream.
Epoch: 98 Loss: 0.607
Accuracy of the network on the 10000 test images: 73 %
Warning: No valid output stream.
Epoch: 99 Loss: 0.609
Accuracy of the network on the 10000 test images: 73 %
Warning: No valid output stream.
Epoch: 100 Loss: 0.601
Accuracy of the network on the 10000 test images: 73 %
Warning: No valid output stream.
Epoch: 101 Loss: 0.603
Accuracy of the network on the 10000 test images: 73 %
Warning: No valid output stream.
Epoch: 102 Loss: 0.594
Accuracy of the network on the 10000 test images: 73 %
Warning: No valid output stream.
Epoch: 103 Loss: 0.592
Accuracy of the network on the 10000 test images: 73 %
Warning: No valid output stream.
Epoch: 104 Loss: 0.595
Accuracy of the network on the 10000 test images: 73 %
Warning: No valid output stream.
Epoch: 105 Loss: 0.586
Accuracy of the network on the 10000 test images: 73 %
Warning: No valid output stream.
Epoch: 106 Loss: 0.590
Accuracy of the network on the 10000 test images: 74 %
Warning: No valid output stream.
Epoch: 107 Loss: 0.587
Accuracy of the network on the 10000 test images: 73 %
Warning: No valid output stream.
Epoch: 108 Loss: 0.586
Accuracy of the network on the 10000 test images: 73 %
Warning: No valid output stream.
Epoch: 109 Loss: 0.585
Accuracy of the network on the 10000 test images: 74 %
Warning: No valid output stream.
Epoch: 110 Loss: 0.580
Accuracy of the network on the 10000 test images: 73 %
Warning: No valid output stream.
Epoch: 111 Loss: 0.582
Accuracy of the network on the 10000 test images: 73 %
Warning: No valid output stream.
Epoch: 112 Loss: 0.574
Accuracy of the network on the 10000 test images: 73 %
Warning: No valid output stream.
Epoch: 113 Loss: 0.569
Accuracy of the network on the 10000 test images: 74 %
Warning: No valid output stream.
Epoch: 114 Loss: 0.572
Accuracy of the network on the 10000 test images: 73 %
Warning: No valid output stream.
Epoch: 115 Loss: 0.572
Accuracy of the network on the 10000 test images: 74 %
Warning: No valid output stream.
Epoch: 116 Loss: 0.566
Accuracy of the network on the 10000 test images: 74 %
Warning: No valid output stream.
Epoch: 117 Loss: 0.566
Accuracy of the network on the 10000 test images: 74 %
Warning: No valid output stream.
Epoch: 118 Loss: 0.562
Accuracy of the network on the 10000 test images: 74 %
Warning: No valid output stream.
Epoch: 119 Loss: 0.562
Accuracy of the network on the 10000 test images: 74 %
Warning: No valid output stream.
Epoch: 120 Loss: 0.560
Accuracy of the network on the 10000 test images: 74 %
Warning: No valid output stream.
Epoch: 121 Loss: 0.556
Accuracy of the network on the 10000 test images: 74 %
Warning: No valid output stream.
Epoch: 122 Loss: 0.553
Accuracy of the network on the 10000 test images: 74 %
Warning: No valid output stream.
Epoch: 123 Loss: 0.548
Accuracy of the network on the 10000 test images: 74 %
Warning: No valid output stream.
Epoch: 124 Loss: 0.554
Accuracy of the network on the 10000 test images: 74 %
Warning: No valid output stream.
Epoch: 125 Loss: 0.551
Accuracy of the network on the 10000 test images: 74 %
Warning: No valid output stream.
Epoch: 126 Loss: 0.542
Accuracy of the network on the 10000 test images: 74 %
Warning: No valid output stream.
Epoch: 127 Loss: 0.543
Accuracy of the network on the 10000 test images: 74 %
Warning: No valid output stream.
Epoch: 128 Loss: 0.540
Accuracy of the network on the 10000 test images: 74 %
Warning: No valid output stream.
Epoch: 129 Loss: 0.534
Accuracy of the network on the 10000 test images: 74 %
Warning: No valid output stream.
Epoch: 130 Loss: 0.538
Accuracy of the network on the 10000 test images: 74 %
Warning: No valid output stream.
Epoch: 131 Loss: 0.529
Accuracy of the network on the 10000 test images: 74 %
Warning: No valid output stream.
Epoch: 132 Loss: 0.535
Accuracy of the network on the 10000 test images: 75 %
Warning: No valid output stream.
Epoch: 133 Loss: 0.533
Accuracy of the network on the 10000 test images: 74 %
Warning: No valid output stream.
Epoch: 134 Loss: 0.535
Accuracy of the network on the 10000 test images: 74 %
Warning: No valid output stream.
Epoch: 135 Loss: 0.528
Accuracy of the network on the 10000 test images: 75 %
Warning: No valid output stream.
Epoch: 136 Loss: 0.529
Accuracy of the network on the 10000 test images: 74 %
Warning: No valid output stream.
Epoch: 137 Loss: 0.531
Accuracy of the network on the 10000 test images: 74 %
Warning: No valid output stream.
Epoch: 138 Loss: 0.524
Accuracy of the network on the 10000 test images: 74 %
Warning: No valid output stream.
Epoch: 139 Loss: 0.519
Accuracy of the network on the 10000 test images: 75 %
Warning: No valid output stream.
Epoch: 140 Loss: 0.517
Accuracy of the network on the 10000 test images: 74 %
Warning: No valid output stream.
Epoch: 141 Loss: 0.519
Accuracy of the network on the 10000 test images: 75 %
Warning: No valid output stream.
Epoch: 142 Loss: 0.516
Accuracy of the network on the 10000 test images: 74 %
Warning: No valid output stream.
Epoch: 143 Loss: 0.517
Accuracy of the network on the 10000 test images: 75 %
Warning: No valid output stream.
Epoch: 144 Loss: 0.513
Accuracy of the network on the 10000 test images: 74 %
Warning: No valid output stream.
Epoch: 145 Loss: 0.515
Accuracy of the network on the 10000 test images: 75 %
Warning: No valid output stream.
Epoch: 146 Loss: 0.511
Accuracy of the network on the 10000 test images: 75 %
Warning: No valid output stream.
Epoch: 147 Loss: 0.511
Accuracy of the network on the 10000 test images: 74 %
Warning: No valid output stream.
Epoch: 148 Loss: 0.505
Accuracy of the network on the 10000 test images: 75 %
Warning: No valid output stream.
Epoch: 149 Loss: 0.504
Accuracy of the network on the 10000 test images: 75 %
Warning: No valid output stream.
Epoch: 150 Loss: 0.501
Accuracy of the network on the 10000 test images: 75 %
Warning: No valid output stream.
Epoch: 151 Loss: 0.497
Accuracy of the network on the 10000 test images: 74 %
Warning: No valid output stream.
Epoch: 152 Loss: 0.502
Accuracy of the network on the 10000 test images: 74 %
Warning: No valid output stream.
Epoch: 153 Loss: 0.494
Accuracy of the network on the 10000 test images: 74 %
Warning: No valid output stream.
Epoch: 154 Loss: 0.496
Accuracy of the network on the 10000 test images: 74 %
Warning: No valid output stream.
Epoch: 155 Loss: 0.491
Accuracy of the network on the 10000 test images: 75 %
Warning: No valid output stream.
Epoch: 156 Loss: 0.494
Accuracy of the network on the 10000 test images: 75 %
Warning: No valid output stream.
Epoch: 157 Loss: 0.492
Accuracy of the network on the 10000 test images: 75 %
Warning: No valid output stream.
Epoch: 158 Loss: 0.487
Accuracy of the network on the 10000 test images: 74 %
Warning: No valid output stream.
Epoch: 159 Loss: 0.490
Accuracy of the network on the 10000 test images: 74 %
Warning: No valid output stream.
Epoch: 160 Loss: 0.486
Accuracy of the network on the 10000 test images: 74 %
Warning: No valid output stream.
Epoch: 161 Loss: 0.482
Accuracy of the network on the 10000 test images: 75 %
Warning: No valid output stream.
Epoch: 162 Loss: 0.485
Accuracy of the network on the 10000 test images: 75 %
Warning: No valid output stream.
Epoch: 163 Loss: 0.483
Accuracy of the network on the 10000 test images: 74 %
Warning: No valid output stream.
Epoch: 164 Loss: 0.486
Accuracy of the network on the 10000 test images: 75 %
Warning: No valid output stream.
Epoch: 165 Loss: 0.476
Accuracy of the network on the 10000 test images: 75 %
Warning: No valid output stream.
Epoch: 166 Loss: 0.479
Accuracy of the network on the 10000 test images: 75 %
Warning: No valid output stream.
Epoch: 167 Loss: 0.477
Accuracy of the network on the 10000 test images: 75 %
Warning: No valid output stream.
Epoch: 168 Loss: 0.472
Accuracy of the network on the 10000 test images: 75 %
Warning: No valid output stream.
Epoch: 169 Loss: 0.475
Accuracy of the network on the 10000 test images: 75 %
Warning: No valid output stream.
Epoch: 170 Loss: 0.473
Accuracy of the network on the 10000 test images: 75 %
Warning: No valid output stream.
Epoch: 171 Loss: 0.470
Accuracy of the network on the 10000 test images: 75 %
Warning: No valid output stream.
Epoch: 172 Loss: 0.473
Accuracy of the network on the 10000 test images: 75 %
Warning: No valid output stream.
Epoch: 173 Loss: 0.469
Accuracy of the network on the 10000 test images: 75 %
Warning: No valid output stream.
Epoch: 174 Loss: 0.466
Accuracy of the network on the 10000 test images: 75 %
Warning: No valid output stream.
Epoch: 175 Loss: 0.472
Accuracy of the network on the 10000 test images: 75 %
Warning: No valid output stream.
Epoch: 176 Loss: 0.465
Accuracy of the network on the 10000 test images: 75 %
Warning: No valid output stream.
Epoch: 177 Loss: 0.461
Accuracy of the network on the 10000 test images: 76 %
Warning: No valid output stream.
Epoch: 178 Loss: 0.460
Accuracy of the network on the 10000 test images: 76 %
Warning: No valid output stream.
Epoch: 179 Loss: 0.464
Accuracy of the network on the 10000 test images: 76 %
Warning: No valid output stream.
Epoch: 180 Loss: 0.459
Accuracy of the network on the 10000 test images: 75 %
Warning: No valid output stream.
Epoch: 181 Loss: 0.457
Accuracy of the network on the 10000 test images: 75 %
Warning: No valid output stream.
Epoch: 182 Loss: 0.458
Accuracy of the network on the 10000 test images: 75 %
Warning: No valid output stream.
Epoch: 183 Loss: 0.454
Accuracy of the network on the 10000 test images: 75 %
Warning: No valid output stream.
Epoch: 184 Loss: 0.460
Accuracy of the network on the 10000 test images: 75 %
Warning: No valid output stream.
Epoch: 185 Loss: 0.455
Accuracy of the network on the 10000 test images: 75 %
Warning: No valid output stream.
Epoch: 186 Loss: 0.449
Accuracy of the network on the 10000 test images: 75 %
Warning: No valid output stream.
Epoch: 187 Loss: 0.449
Accuracy of the network on the 10000 test images: 76 %
Warning: No valid output stream.
Epoch: 188 Loss: 0.451
Accuracy of the network on the 10000 test images: 75 %
Warning: No valid output stream.
Epoch: 189 Loss: 0.446
Accuracy of the network on the 10000 test images: 76 %
Warning: No valid output stream.
Epoch: 190 Loss: 0.451
Accuracy of the network on the 10000 test images: 75 %
Warning: No valid output stream.
Epoch: 191 Loss: 0.442
Accuracy of the network on the 10000 test images: 75 %
Warning: No valid output stream.
Epoch: 192 Loss: 0.444
Accuracy of the network on the 10000 test images: 75 %
Warning: No valid output stream.
Epoch: 193 Loss: 0.444
Accuracy of the network on the 10000 test images: 75 %
Warning: No valid output stream.
Epoch: 194 Loss: 0.444
Accuracy of the network on the 10000 test images: 75 %
Warning: No valid output stream.
Epoch: 195 Loss: 0.442
Accuracy of the network on the 10000 test images: 76 %
Warning: No valid output stream.
Epoch: 196 Loss: 0.439
Accuracy of the network on the 10000 test images: 76 %
Warning: No valid output stream.
Epoch: 197 Loss: 0.441
Accuracy of the network on the 10000 test images: 75 %
Warning: No valid output stream.
Epoch: 198 Loss: 0.439
Accuracy of the network on the 10000 test images: 76 %
Warning: No valid output stream.
Epoch: 199 Loss: 0.436
Accuracy of the network on the 10000 test images: 75 %
Warning: No valid output stream.
Epoch: 200 Loss: 0.432
Accuracy of the network on the 10000 test images: 75 %
Warning: No valid output stream.
Epoch: 201 Loss: 0.440
Accuracy of the network on the 10000 test images: 76 %
Warning: No valid output stream.
Epoch: 202 Loss: 0.434
Accuracy of the network on the 10000 test images: 76 %
Warning: No valid output stream.
Epoch: 203 Loss: 0.426
Accuracy of the network on the 10000 test images: 76 %
Warning: No valid output stream.
Epoch: 204 Loss: 0.430
Accuracy of the network on the 10000 test images: 75 %
Warning: No valid output stream.
Epoch: 205 Loss: 0.433
Accuracy of the network on the 10000 test images: 75 %
Warning: No valid output stream.
Epoch: 206 Loss: 0.431
Accuracy of the network on the 10000 test images: 76 %
Warning: No valid output stream.
Epoch: 207 Loss: 0.431
Accuracy of the network on the 10000 test images: 75 %
Warning: No valid output stream.
Epoch: 208 Loss: 0.425
Accuracy of the network on the 10000 test images: 76 %
Warning: No valid output stream.
Epoch: 209 Loss: 0.429
Accuracy of the network on the 10000 test images: 76 %
Warning: No valid output stream.
Epoch: 210 Loss: 0.425
Accuracy of the network on the 10000 test images: 75 %
Warning: No valid output stream.
Epoch: 211 Loss: 0.418
Accuracy of the network on the 10000 test images: 76 %
Warning: No valid output stream.
Epoch: 212 Loss: 0.424
Accuracy of the network on the 10000 test images: 75 %
Warning: No valid output stream.
Epoch: 213 Loss: 0.420
Accuracy of the network on the 10000 test images: 75 %
Warning: No valid output stream.
Epoch: 214 Loss: 0.425
Accuracy of the network on the 10000 test images: 76 %
Warning: No valid output stream.
Epoch: 215 Loss: 0.415
Accuracy of the network on the 10000 test images: 76 %
Warning: No valid output stream.
Epoch: 216 Loss: 0.420
Accuracy of the network on the 10000 test images: 76 %
Warning: No valid output stream.
Epoch: 217 Loss: 0.416
Accuracy of the network on the 10000 test images: 75 %
Warning: No valid output stream.
Epoch: 218 Loss: 0.416
Accuracy of the network on the 10000 test images: 76 %
Warning: No valid output stream.
Epoch: 219 Loss: 0.416
Accuracy of the network on the 10000 test images: 75 %
Warning: No valid output stream.
Epoch: 220 Loss: 0.415
Accuracy of the network on the 10000 test images: 75 %
Warning: No valid output stream.
Epoch: 221 Loss: 0.413
Accuracy of the network on the 10000 test images: 75 %
Warning: No valid output stream.
Epoch: 222 Loss: 0.416
Accuracy of the network on the 10000 test images: 76 %
Warning: No valid output stream.
Epoch: 223 Loss: 0.410
Accuracy of the network on the 10000 test images: 75 %
Warning: No valid output stream.
Epoch: 224 Loss: 0.409
Accuracy of the network on the 10000 test images: 75 %
Warning: No valid output stream.
Epoch: 225 Loss: 0.413
Accuracy of the network on the 10000 test images: 75 %
Warning: No valid output stream.
Epoch: 226 Loss: 0.405
Accuracy of the network on the 10000 test images: 75 %
Warning: No valid output stream.
Epoch: 227 Loss: 0.407
Accuracy of the network on the 10000 test images: 76 %
Warning: No valid output stream.
Epoch: 228 Loss: 0.407
Accuracy of the network on the 10000 test images: 75 %
Warning: No valid output stream.
Epoch: 229 Loss: 0.408
Accuracy of the network on the 10000 test images: 76 %
Warning: No valid output stream.
Epoch: 230 Loss: 0.405
Accuracy of the network on the 10000 test images: 76 %
Warning: No valid output stream.
Epoch: 231 Loss: 0.403
Accuracy of the network on the 10000 test images: 76 %
Warning: No valid output stream.
Epoch: 232 Loss: 0.406
Accuracy of the network on the 10000 test images: 76 %
Warning: No valid output stream.
Epoch: 233 Loss: 0.402
Accuracy of the network on the 10000 test images: 76 %
Warning: No valid output stream.
Epoch: 234 Loss: 0.396
Accuracy of the network on the 10000 test images: 75 %
Warning: No valid output stream.
Epoch: 235 Loss: 0.395
Accuracy of the network on the 10000 test images: 76 %
Warning: No valid output stream.
Epoch: 236 Loss: 0.404
Accuracy of the network on the 10000 test images: 76 %
Warning: No valid output stream.
Epoch: 237 Loss: 0.402
Accuracy of the network on the 10000 test images: 76 %
Warning: No valid output stream.
Epoch: 238 Loss: 0.400
Accuracy of the network on the 10000 test images: 76 %
Warning: No valid output stream.
Epoch: 239 Loss: 0.394
Accuracy of the network on the 10000 test images: 75 %
Warning: No valid output stream.
Epoch: 240 Loss: 0.396
Accuracy of the network on the 10000 test images: 76 %
Warning: No valid output stream.
Epoch: 241 Loss: 0.394
Accuracy of the network on the 10000 test images: 76 %
Warning: No valid output stream.
Epoch: 242 Loss: 0.394
Accuracy of the network on the 10000 test images: 76 %
Warning: No valid output stream.
Epoch: 243 Loss: 0.385
Accuracy of the network on the 10000 test images: 75 %
Warning: No valid output stream.
Epoch: 244 Loss: 0.392
Accuracy of the network on the 10000 test images: 76 %
Warning: No valid output stream.
Epoch: 245 Loss: 0.393
Accuracy of the network on the 10000 test images: 75 %
Warning: No valid output stream.
Epoch: 246 Loss: 0.385
Accuracy of the network on the 10000 test images: 76 %
Warning: No valid output stream.
Epoch: 247 Loss: 0.394
Accuracy of the network on the 10000 test images: 77 %
Warning: No valid output stream.
Epoch: 248 Loss: 0.388
Accuracy of the network on the 10000 test images: 75 %
Warning: No valid output stream.
Epoch: 249 Loss: 0.391
Accuracy of the network on the 10000 test images: 76 %
Warning: No valid output stream.
Epoch: 250 Loss: 0.386
Accuracy of the network on the 10000 test images: 76 %
Warning: No valid output stream.
Epoch: 251 Loss: 0.387
Accuracy of the network on the 10000 test images: 76 %
Warning: No valid output stream.
Epoch: 252 Loss: 0.386
Accuracy of the network on the 10000 test images: 76 %
Warning: No valid output stream.
Epoch: 253 Loss: 0.379
Accuracy of the network on the 10000 test images: 76 %
Warning: No valid output stream.
Epoch: 254 Loss: 0.384
Accuracy of the network on the 10000 test images: 76 %
Warning: No valid output stream.
Epoch: 255 Loss: 0.384
Accuracy of the network on the 10000 test images: 76 %
Warning: No valid output stream.
Epoch: 256 Loss: 0.383
Accuracy of the network on the 10000 test images: 76 %
Warning: No valid output stream.
Epoch: 257 Loss: 0.381
Accuracy of the network on the 10000 test images: 76 %
Warning: No valid output stream.
Epoch: 258 Loss: 0.381
Accuracy of the network on the 10000 test images: 76 %
Warning: No valid output stream.
Epoch: 259 Loss: 0.383
Accuracy of the network on the 10000 test images: 76 %
Warning: No valid output stream.
Epoch: 260 Loss: 0.382
Accuracy of the network on the 10000 test images: 76 %
Warning: No valid output stream.
Epoch: 261 Loss: 0.377
Accuracy of the network on the 10000 test images: 76 %
Warning: No valid output stream.
Epoch: 262 Loss: 0.375
Accuracy of the network on the 10000 test images: 76 %
Warning: No valid output stream.
Epoch: 263 Loss: 0.383
Accuracy of the network on the 10000 test images: 76 %
Warning: No valid output stream.
Epoch: 264 Loss: 0.373
Accuracy of the network on the 10000 test images: 76 %
Warning: No valid output stream.
Epoch: 265 Loss: 0.374
Accuracy of the network on the 10000 test images: 76 %
Warning: No valid output stream.
Epoch: 266 Loss: 0.377
Accuracy of the network on the 10000 test images: 76 %
Warning: No valid output stream.
Epoch: 267 Loss: 0.368
Accuracy of the network on the 10000 test images: 76 %
Warning: No valid output stream.
Epoch: 268 Loss: 0.375
Accuracy of the network on the 10000 test images: 76 %
Warning: No valid output stream.
Epoch: 269 Loss: 0.368
Accuracy of the network on the 10000 test images: 76 %
Warning: No valid output stream.
Epoch: 270 Loss: 0.373
Accuracy of the network on the 10000 test images: 75 %
Warning: No valid output stream.
Epoch: 271 Loss: 0.370
Accuracy of the network on the 10000 test images: 76 %
Warning: No valid output stream.
Epoch: 272 Loss: 0.369
Accuracy of the network on the 10000 test images: 76 %
Warning: No valid output stream.
Epoch: 273 Loss: 0.371
Accuracy of the network on the 10000 test images: 76 %
Warning: No valid output stream.
Epoch: 274 Loss: 0.363
Accuracy of the network on the 10000 test images: 76 %
Warning: No valid output stream.
Epoch: 275 Loss: 0.367
Accuracy of the network on the 10000 test images: 76 %
Warning: No valid output stream.
Epoch: 276 Loss: 0.366
Accuracy of the network on the 10000 test images: 76 %
Warning: No valid output stream.
Epoch: 277 Loss: 0.367
Accuracy of the network on the 10000 test images: 76 %
Warning: No valid output stream.
Epoch: 278 Loss: 0.362
Accuracy of the network on the 10000 test images: 76 %
Warning: No valid output stream.
Epoch: 279 Loss: 0.367
Accuracy of the network on the 10000 test images: 76 %
Warning: No valid output stream.
Epoch: 280 Loss: 0.364
Accuracy of the network on the 10000 test images: 76 %
Warning: No valid output stream.
Epoch: 281 Loss: 0.361
Accuracy of the network on the 10000 test images: 76 %
Warning: No valid output stream.
Epoch: 282 Loss: 0.358
Accuracy of the network on the 10000 test images: 77 %
Warning: No valid output stream.
Epoch: 283 Loss: 0.366
Accuracy of the network on the 10000 test images: 76 %
Warning: No valid output stream.
Epoch: 284 Loss: 0.363
Accuracy of the network on the 10000 test images: 76 %
Warning: No valid output stream.
Epoch: 285 Loss: 0.360
Accuracy of the network on the 10000 test images: 75 %
Warning: No valid output stream.
Epoch: 286 Loss: 0.363
Accuracy of the network on the 10000 test images: 76 %
Warning: No valid output stream.
Epoch: 287 Loss: 0.358
Accuracy of the network on the 10000 test images: 76 %
Warning: No valid output stream.
Epoch: 288 Loss: 0.358
Accuracy of the network on the 10000 test images: 76 %
Warning: No valid output stream.
Epoch: 289 Loss: 0.359
Accuracy of the network on the 10000 test images: 76 %
Warning: No valid output stream.
Epoch: 290 Loss: 0.356
Accuracy of the network on the 10000 test images: 76 %
Warning: No valid output stream.
Epoch: 291 Loss: 0.359
Accuracy of the network on the 10000 test images: 76 %
Warning: No valid output stream.
Epoch: 292 Loss: 0.355
Accuracy of the network on the 10000 test images: 76 %
Warning: No valid output stream.
Epoch: 293 Loss: 0.350
Accuracy of the network on the 10000 test images: 76 %
Warning: No valid output stream.
Epoch: 294 Loss: 0.355
Accuracy of the network on the 10000 test images: 77 %
Warning: No valid output stream.
Epoch: 295 Loss: 0.356
Accuracy of the network on the 10000 test images: 76 %
Warning: No valid output stream.
Epoch: 296 Loss: 0.357
Accuracy of the network on the 10000 test images: 76 %
Warning: No valid output stream.
Epoch: 297 Loss: 0.352
Accuracy of the network on the 10000 test images: 77 %
Warning: No valid output stream.
Epoch: 298 Loss: 0.347
Accuracy of the network on the 10000 test images: 76 %
Warning: No valid output stream.
Epoch: 299 Loss: 0.348
Accuracy of the network on the 10000 test images: 76 %
Warning: No valid output stream.
Epoch: 300 Loss: 0.350
Accuracy of the network on the 10000 test images: 77 %
Finished Training
