Files already downloaded and verified
Files already downloaded and verified
Warning: No valid output stream.
Epoch: 1 Loss: 1.947
Accuracy of the network on the 10000 test images: 39 %
Warning: No valid output stream.
Epoch: 2 Loss: 1.630
Accuracy of the network on the 10000 test images: 43 %
Warning: No valid output stream.
Epoch: 3 Loss: 1.546
Accuracy of the network on the 10000 test images: 45 %
Warning: No valid output stream.
Epoch: 4 Loss: 1.467
Accuracy of the network on the 10000 test images: 48 %
Warning: No valid output stream.
Epoch: 5 Loss: 1.424
Accuracy of the network on the 10000 test images: 50 %
Warning: No valid output stream.
Epoch: 6 Loss: 1.367
Accuracy of the network on the 10000 test images: 50 %
Warning: No valid output stream.
Epoch: 7 Loss: 1.326
Accuracy of the network on the 10000 test images: 52 %
Warning: No valid output stream.
Epoch: 8 Loss: 1.291
Accuracy of the network on the 10000 test images: 53 %
Warning: No valid output stream.
Epoch: 9 Loss: 1.259
Accuracy of the network on the 10000 test images: 54 %
Warning: No valid output stream.
Epoch: 10 Loss: 1.227
Accuracy of the network on the 10000 test images: 55 %
Warning: No valid output stream.
Epoch: 11 Loss: 1.196
Accuracy of the network on the 10000 test images: 57 %
Warning: No valid output stream.
Epoch: 12 Loss: 1.175
Accuracy of the network on the 10000 test images: 58 %
Warning: No valid output stream.
Epoch: 13 Loss: 1.154
Accuracy of the network on the 10000 test images: 58 %
Warning: No valid output stream.
Epoch: 14 Loss: 1.130
Accuracy of the network on the 10000 test images: 59 %
Warning: No valid output stream.
Epoch: 15 Loss: 1.112
Accuracy of the network on the 10000 test images: 60 %
Warning: No valid output stream.
Epoch: 16 Loss: 1.098
Accuracy of the network on the 10000 test images: 60 %
Warning: No valid output stream.
Epoch: 17 Loss: 1.079
Accuracy of the network on the 10000 test images: 60 %
Warning: No valid output stream.
Epoch: 18 Loss: 1.062
Accuracy of the network on the 10000 test images: 61 %
Warning: No valid output stream.
Epoch: 19 Loss: 1.047
Accuracy of the network on the 10000 test images: 62 %
Warning: No valid output stream.
Epoch: 20 Loss: 1.031
Accuracy of the network on the 10000 test images: 62 %
Warning: No valid output stream.
Epoch: 21 Loss: 1.022
Accuracy of the network on the 10000 test images: 62 %
Warning: No valid output stream.
Epoch: 22 Loss: 1.004
Accuracy of the network on the 10000 test images: 63 %
Warning: No valid output stream.
Epoch: 23 Loss: 0.991
Accuracy of the network on the 10000 test images: 64 %
Warning: No valid output stream.
Epoch: 24 Loss: 0.980
Accuracy of the network on the 10000 test images: 64 %
Warning: No valid output stream.
Epoch: 25 Loss: 0.974
Accuracy of the network on the 10000 test images: 63 %
Warning: No valid output stream.
Epoch: 26 Loss: 0.956
Accuracy of the network on the 10000 test images: 65 %
Warning: No valid output stream.
Epoch: 27 Loss: 0.949
Accuracy of the network on the 10000 test images: 64 %
Warning: No valid output stream.
Epoch: 28 Loss: 0.940
Accuracy of the network on the 10000 test images: 65 %
Warning: No valid output stream.
Epoch: 29 Loss: 0.929
Accuracy of the network on the 10000 test images: 65 %
Warning: No valid output stream.
Epoch: 30 Loss: 0.918
Accuracy of the network on the 10000 test images: 66 %
Warning: No valid output stream.
Epoch: 31 Loss: 0.909
Accuracy of the network on the 10000 test images: 65 %
Warning: No valid output stream.
Epoch: 32 Loss: 0.903
Accuracy of the network on the 10000 test images: 66 %
Warning: No valid output stream.
Epoch: 33 Loss: 0.891
Accuracy of the network on the 10000 test images: 67 %
Warning: No valid output stream.
Epoch: 34 Loss: 0.883
Accuracy of the network on the 10000 test images: 67 %
Warning: No valid output stream.
Epoch: 35 Loss: 0.877
Accuracy of the network on the 10000 test images: 66 %
Warning: No valid output stream.
Epoch: 36 Loss: 0.868
Accuracy of the network on the 10000 test images: 67 %
Warning: No valid output stream.
Epoch: 37 Loss: 0.860
Accuracy of the network on the 10000 test images: 67 %
Warning: No valid output stream.
Epoch: 38 Loss: 0.856
Accuracy of the network on the 10000 test images: 67 %
Warning: No valid output stream.
Epoch: 39 Loss: 0.846
Accuracy of the network on the 10000 test images: 68 %
Warning: No valid output stream.
Epoch: 40 Loss: 0.838
Accuracy of the network on the 10000 test images: 68 %
Warning: No valid output stream.
Epoch: 41 Loss: 0.833
Accuracy of the network on the 10000 test images: 68 %
Warning: No valid output stream.
Epoch: 42 Loss: 0.823
Accuracy of the network on the 10000 test images: 68 %
Warning: No valid output stream.
Epoch: 43 Loss: 0.822
Accuracy of the network on the 10000 test images: 68 %
Warning: No valid output stream.
Epoch: 44 Loss: 0.818
Accuracy of the network on the 10000 test images: 69 %
Warning: No valid output stream.
Epoch: 45 Loss: 0.810
Accuracy of the network on the 10000 test images: 68 %
Warning: No valid output stream.
Epoch: 46 Loss: 0.804
Accuracy of the network on the 10000 test images: 69 %
Warning: No valid output stream.
Epoch: 47 Loss: 0.802
Accuracy of the network on the 10000 test images: 69 %
Warning: No valid output stream.
Epoch: 48 Loss: 0.790
Accuracy of the network on the 10000 test images: 69 %
Warning: No valid output stream.
Epoch: 49 Loss: 0.789
Accuracy of the network on the 10000 test images: 68 %
Warning: No valid output stream.
Epoch: 50 Loss: 0.778
Accuracy of the network on the 10000 test images: 69 %
Warning: No valid output stream.
Epoch: 51 Loss: 0.774
Accuracy of the network on the 10000 test images: 70 %
Warning: No valid output stream.
Epoch: 52 Loss: 0.767
Accuracy of the network on the 10000 test images: 69 %
Warning: No valid output stream.
Epoch: 53 Loss: 0.767
Accuracy of the network on the 10000 test images: 70 %
Warning: No valid output stream.
Epoch: 54 Loss: 0.758
Accuracy of the network on the 10000 test images: 70 %
Warning: No valid output stream.
Epoch: 55 Loss: 0.758
Accuracy of the network on the 10000 test images: 69 %
Warning: No valid output stream.
Epoch: 56 Loss: 0.747
Accuracy of the network on the 10000 test images: 70 %
Warning: No valid output stream.
Epoch: 57 Loss: 0.741
Accuracy of the network on the 10000 test images: 70 %
Warning: No valid output stream.
Epoch: 58 Loss: 0.744
Accuracy of the network on the 10000 test images: 70 %
Warning: No valid output stream.
Epoch: 59 Loss: 0.738
Accuracy of the network on the 10000 test images: 70 %
Warning: No valid output stream.
Epoch: 60 Loss: 0.734
Accuracy of the network on the 10000 test images: 70 %
Warning: No valid output stream.
Epoch: 61 Loss: 0.730
Accuracy of the network on the 10000 test images: 71 %
Warning: No valid output stream.
Epoch: 62 Loss: 0.725
Accuracy of the network on the 10000 test images: 71 %
Warning: No valid output stream.
Epoch: 63 Loss: 0.722
Accuracy of the network on the 10000 test images: 71 %
Warning: No valid output stream.
Epoch: 64 Loss: 0.721
Accuracy of the network on the 10000 test images: 70 %
Warning: No valid output stream.
Epoch: 65 Loss: 0.712
Accuracy of the network on the 10000 test images: 71 %
Warning: No valid output stream.
Epoch: 66 Loss: 0.708
Accuracy of the network on the 10000 test images: 70 %
Warning: No valid output stream.
Epoch: 67 Loss: 0.702
Accuracy of the network on the 10000 test images: 71 %
Warning: No valid output stream.
Epoch: 68 Loss: 0.700
Accuracy of the network on the 10000 test images: 71 %
Warning: No valid output stream.
Epoch: 69 Loss: 0.700
Accuracy of the network on the 10000 test images: 71 %
Warning: No valid output stream.
Epoch: 70 Loss: 0.697
Accuracy of the network on the 10000 test images: 70 %
Warning: No valid output stream.
Epoch: 71 Loss: 0.689
Accuracy of the network on the 10000 test images: 71 %
Warning: No valid output stream.
Epoch: 72 Loss: 0.688
Accuracy of the network on the 10000 test images: 72 %
Warning: No valid output stream.
Epoch: 73 Loss: 0.682
Accuracy of the network on the 10000 test images: 71 %
Warning: No valid output stream.
Epoch: 74 Loss: 0.680
Accuracy of the network on the 10000 test images: 71 %
Warning: No valid output stream.
Epoch: 75 Loss: 0.673
Accuracy of the network on the 10000 test images: 71 %
Warning: No valid output stream.
Epoch: 76 Loss: 0.678
Accuracy of the network on the 10000 test images: 72 %
Warning: No valid output stream.
Epoch: 77 Loss: 0.669
Accuracy of the network on the 10000 test images: 72 %
Warning: No valid output stream.
Epoch: 78 Loss: 0.668
Accuracy of the network on the 10000 test images: 72 %
Warning: No valid output stream.
Epoch: 79 Loss: 0.663
Accuracy of the network on the 10000 test images: 72 %
Warning: No valid output stream.
Epoch: 80 Loss: 0.661
Accuracy of the network on the 10000 test images: 72 %
Warning: No valid output stream.
Epoch: 81 Loss: 0.652
Accuracy of the network on the 10000 test images: 72 %
Warning: No valid output stream.
Epoch: 82 Loss: 0.654
Accuracy of the network on the 10000 test images: 72 %
Warning: No valid output stream.
Epoch: 83 Loss: 0.654
Accuracy of the network on the 10000 test images: 72 %
Warning: No valid output stream.
Epoch: 84 Loss: 0.648
Accuracy of the network on the 10000 test images: 72 %
Warning: No valid output stream.
Epoch: 85 Loss: 0.641
Accuracy of the network on the 10000 test images: 72 %
Warning: No valid output stream.
Epoch: 86 Loss: 0.645
Accuracy of the network on the 10000 test images: 72 %
Warning: No valid output stream.
Epoch: 87 Loss: 0.643
Accuracy of the network on the 10000 test images: 72 %
Warning: No valid output stream.
Epoch: 88 Loss: 0.638
Accuracy of the network on the 10000 test images: 72 %
Warning: No valid output stream.
Epoch: 89 Loss: 0.636
Accuracy of the network on the 10000 test images: 73 %
Warning: No valid output stream.
Epoch: 90 Loss: 0.632
Accuracy of the network on the 10000 test images: 72 %
Warning: No valid output stream.
Epoch: 91 Loss: 0.629
Accuracy of the network on the 10000 test images: 73 %
Warning: No valid output stream.
Epoch: 92 Loss: 0.624
Accuracy of the network on the 10000 test images: 72 %
Warning: No valid output stream.
Epoch: 93 Loss: 0.625
Accuracy of the network on the 10000 test images: 72 %
Warning: No valid output stream.
Epoch: 94 Loss: 0.621
Accuracy of the network on the 10000 test images: 73 %
Warning: No valid output stream.
Epoch: 95 Loss: 0.615
Accuracy of the network on the 10000 test images: 72 %
Warning: No valid output stream.
Epoch: 96 Loss: 0.616
Accuracy of the network on the 10000 test images: 73 %
Warning: No valid output stream.
Epoch: 97 Loss: 0.612
Accuracy of the network on the 10000 test images: 72 %
Warning: No valid output stream.
Epoch: 98 Loss: 0.611
Accuracy of the network on the 10000 test images: 73 %
Warning: No valid output stream.
Epoch: 99 Loss: 0.606
Accuracy of the network on the 10000 test images: 73 %
Warning: No valid output stream.
Epoch: 100 Loss: 0.602
Accuracy of the network on the 10000 test images: 73 %
Warning: No valid output stream.
Epoch: 101 Loss: 0.604
Accuracy of the network on the 10000 test images: 73 %
Warning: No valid output stream.
Epoch: 102 Loss: 0.600
Accuracy of the network on the 10000 test images: 73 %
Warning: No valid output stream.
Epoch: 103 Loss: 0.596
Accuracy of the network on the 10000 test images: 73 %
Warning: No valid output stream.
Epoch: 104 Loss: 0.593
Accuracy of the network on the 10000 test images: 73 %
Warning: No valid output stream.
Epoch: 105 Loss: 0.591
Accuracy of the network on the 10000 test images: 73 %
Warning: No valid output stream.
Epoch: 106 Loss: 0.594
Accuracy of the network on the 10000 test images: 73 %
Warning: No valid output stream.
Epoch: 107 Loss: 0.588
Accuracy of the network on the 10000 test images: 73 %
Warning: No valid output stream.
Epoch: 108 Loss: 0.588
Accuracy of the network on the 10000 test images: 73 %
Warning: No valid output stream.
Epoch: 109 Loss: 0.586
Accuracy of the network on the 10000 test images: 73 %
Warning: No valid output stream.
Epoch: 110 Loss: 0.585
Accuracy of the network on the 10000 test images: 73 %
Warning: No valid output stream.
Epoch: 111 Loss: 0.579
Accuracy of the network on the 10000 test images: 73 %
Warning: No valid output stream.
Epoch: 112 Loss: 0.575
Accuracy of the network on the 10000 test images: 73 %
Warning: No valid output stream.
Epoch: 113 Loss: 0.581
Accuracy of the network on the 10000 test images: 74 %
Warning: No valid output stream.
Epoch: 114 Loss: 0.573
Accuracy of the network on the 10000 test images: 73 %
Warning: No valid output stream.
Epoch: 115 Loss: 0.570
Accuracy of the network on the 10000 test images: 73 %
Warning: No valid output stream.
Epoch: 116 Loss: 0.574
Accuracy of the network on the 10000 test images: 74 %
Warning: No valid output stream.
Epoch: 117 Loss: 0.565
Accuracy of the network on the 10000 test images: 73 %
Warning: No valid output stream.
Epoch: 118 Loss: 0.565
Accuracy of the network on the 10000 test images: 74 %
Warning: No valid output stream.
Epoch: 119 Loss: 0.560
Accuracy of the network on the 10000 test images: 74 %
Warning: No valid output stream.
Epoch: 120 Loss: 0.560
Accuracy of the network on the 10000 test images: 73 %
Warning: No valid output stream.
Epoch: 121 Loss: 0.562
Accuracy of the network on the 10000 test images: 74 %
Warning: No valid output stream.
Epoch: 122 Loss: 0.556
Accuracy of the network on the 10000 test images: 74 %
Warning: No valid output stream.
Epoch: 123 Loss: 0.560
Accuracy of the network on the 10000 test images: 74 %
Warning: No valid output stream.
Epoch: 124 Loss: 0.551
Accuracy of the network on the 10000 test images: 74 %
Warning: No valid output stream.
Epoch: 125 Loss: 0.552
Accuracy of the network on the 10000 test images: 74 %
Warning: No valid output stream.
Epoch: 126 Loss: 0.552
Accuracy of the network on the 10000 test images: 74 %
Warning: No valid output stream.
Epoch: 127 Loss: 0.545
Accuracy of the network on the 10000 test images: 74 %
Warning: No valid output stream.
Epoch: 128 Loss: 0.551
Accuracy of the network on the 10000 test images: 74 %
Warning: No valid output stream.
Epoch: 129 Loss: 0.540
Accuracy of the network on the 10000 test images: 75 %
Warning: No valid output stream.
Epoch: 130 Loss: 0.542
Accuracy of the network on the 10000 test images: 74 %
Warning: No valid output stream.
Epoch: 131 Loss: 0.536
Accuracy of the network on the 10000 test images: 74 %
Warning: No valid output stream.
Epoch: 132 Loss: 0.540
Accuracy of the network on the 10000 test images: 74 %
Warning: No valid output stream.
Epoch: 133 Loss: 0.535
Accuracy of the network on the 10000 test images: 74 %
Warning: No valid output stream.
Epoch: 134 Loss: 0.530
Accuracy of the network on the 10000 test images: 74 %
Warning: No valid output stream.
Epoch: 135 Loss: 0.533
Accuracy of the network on the 10000 test images: 74 %
Warning: No valid output stream.
Epoch: 136 Loss: 0.533
Accuracy of the network on the 10000 test images: 74 %
Warning: No valid output stream.
Epoch: 137 Loss: 0.532
Accuracy of the network on the 10000 test images: 74 %
Warning: No valid output stream.
Epoch: 138 Loss: 0.530
Accuracy of the network on the 10000 test images: 74 %
Warning: No valid output stream.
Epoch: 139 Loss: 0.524
Accuracy of the network on the 10000 test images: 74 %
Warning: No valid output stream.
Epoch: 140 Loss: 0.524
Accuracy of the network on the 10000 test images: 75 %
Warning: No valid output stream.
Epoch: 141 Loss: 0.525
Accuracy of the network on the 10000 test images: 74 %
Warning: No valid output stream.
Epoch: 142 Loss: 0.527
Accuracy of the network on the 10000 test images: 74 %
Warning: No valid output stream.
Epoch: 143 Loss: 0.526
Accuracy of the network on the 10000 test images: 74 %
Warning: No valid output stream.
Epoch: 144 Loss: 0.517
Accuracy of the network on the 10000 test images: 74 %
Warning: No valid output stream.
Epoch: 145 Loss: 0.522
Accuracy of the network on the 10000 test images: 74 %
Warning: No valid output stream.
Epoch: 146 Loss: 0.514
Accuracy of the network on the 10000 test images: 74 %
Warning: No valid output stream.
Epoch: 147 Loss: 0.516
Accuracy of the network on the 10000 test images: 75 %
Warning: No valid output stream.
Epoch: 148 Loss: 0.520
Accuracy of the network on the 10000 test images: 74 %
Warning: No valid output stream.
Epoch: 149 Loss: 0.514
Accuracy of the network on the 10000 test images: 74 %
Warning: No valid output stream.
Epoch: 150 Loss: 0.504
Accuracy of the network on the 10000 test images: 75 %
Finished Training
